<?xml version="1.0" encoding="utf-8"?>
<!DOCTYPE coverage SYSTEM "http://cobertura.sourceforge.net/xml/coverage-04.dtd">
<coverage line-rate="0.591137123745819" branch-rate="0.636363636363636" lines-covered="707" lines-valid="1196" branches-covered="224" branches-valid="352" complexity="477" version="0" timestamp="1670771556">
  <sources>
    <source>C:\Users\ASUS\</source>
  </sources>
  <packages>
    <package name="TestProject" line-rate="0.798872180451128" branch-rate="0.727272727272727" complexity="84">
      <classes>
        <class name="AutoGeneratedProgram" filename="C:\Users\ASUS\.nuget\packages\microsoft.net.test.sdk\16.11.0\build\netcoreapp2.1\Microsoft.NET.Test.Sdk.Program.cs" line-rate="0" branch-rate="1" complexity="1">
          <methods>
            <method name="Main" signature="(...)" line-rate="0" branch-rate="1" complexity="1">
              <lines>
                <line number="4" hits="0" branch="false" />
              </lines>
            </method>
          </methods>
          <lines>
            <line number="4" hits="0" branch="false" />
          </lines>
        </class>
        <class name="TestProject.UnitTest1" filename="C:\Users\ASUS\Source\Repos\VVS-Projekat\Zadaca1\TestProject\UnitTest1.cs" line-rate="0.96045197740113" branch-rate="1" complexity="30">
          <methods>
            <method name="TestZamjenskiObjekat" signature="()" line-rate="0.8" branch-rate="1" complexity="1">
              <lines>
                <line number="22" hits="1" branch="false" />
                <line number="23" hits="1" branch="false" />
                <line number="24" hits="1" branch="false" />
                <line number="25" hits="1" branch="false" />
                <line number="27" hits="1" branch="false" />
                <line number="28" hits="1" branch="false" />
                <line number="29" hits="0" branch="false" />
                <line number="32" hits="1" branch="false" />
                <line number="33" hits="1" branch="false" />
                <line number="35" hits="0" branch="false" />
              </lines>
            </method>
            <method name="PraznoINullImeTest" signature="()" line-rate="1" branch-rate="1" complexity="1">
              <lines>
                <line number="40" hits="1" branch="false" />
                <line number="41" hits="2" branch="false" />
                <line number="42" hits="1" branch="false" />
                <line number="43" hits="2" branch="false" />
                <line number="44" hits="1" branch="false" />
                <line number="45" hits="1" branch="false" />
              </lines>
            </method>
            <method name="NevalidnaDuzinaImenaTest" signature="()" line-rate="1" branch-rate="1" complexity="1">
              <lines>
                <line number="49" hits="1" branch="false" />
                <line number="50" hits="2" branch="false" />
                <line number="51" hits="2" branch="false" />
                <line number="52" hits="1" branch="false" />
                <line number="53" hits="1" branch="false" />
                <line number="54" hits="1" branch="false" />
              </lines>
            </method>
            <method name="NevalidniKarakteriUImenu" signature="()" line-rate="1" branch-rate="1" complexity="1">
              <lines>
                <line number="58" hits="1" branch="false" />
                <line number="59" hits="2" branch="false" />
                <line number="60" hits="2" branch="false" />
                <line number="61" hits="2" branch="false" />
                <line number="62" hits="2" branch="false" />
                <line number="63" hits="2" branch="false" />
                <line number="64" hits="2" branch="false" />
                <line number="65" hits="2" branch="false" />
                <line number="66" hits="1" branch="false" />
              </lines>
            </method>
            <method name="ValidniKarakteriUImenu" signature="()" line-rate="1" branch-rate="1" complexity="1">
              <lines>
                <line number="71" hits="1" branch="false" />
                <line number="72" hits="1" branch="false" />
                <line number="73" hits="1" branch="false" />
                <line number="74" hits="1" branch="false" />
                <line number="75" hits="1" branch="false" />
                <line number="76" hits="1" branch="false" />
                <line number="77" hits="1" branch="false" />
                <line number="78" hits="1" branch="false" />
                <line number="80" hits="1" branch="false" />
              </lines>
            </method>
            <method name="PraznoINullPrezimeTest" signature="()" line-rate="1" branch-rate="1" complexity="1">
              <lines>
                <line number="84" hits="1" branch="false" />
                <line number="85" hits="2" branch="false" />
                <line number="86" hits="1" branch="false" />
                <line number="87" hits="2" branch="false" />
                <line number="88" hits="1" branch="false" />
                <line number="89" hits="1" branch="false" />
              </lines>
            </method>
            <method name="NevalidnaDuzinaPrezimenaTest" signature="()" line-rate="1" branch-rate="1" complexity="1">
              <lines>
                <line number="93" hits="1" branch="false" />
                <line number="94" hits="2" branch="false" />
                <line number="95" hits="2" branch="false" />
                <line number="96" hits="2" branch="false" />
                <line number="97" hits="1" branch="false" />
                <line number="98" hits="1" branch="false" />
                <line number="99" hits="1" branch="false" />
              </lines>
            </method>
            <method name="NevalidniKarakteriUPrezimenu" signature="()" line-rate="1" branch-rate="1" complexity="1">
              <lines>
                <line number="103" hits="1" branch="false" />
                <line number="104" hits="2" branch="false" />
                <line number="105" hits="2" branch="false" />
                <line number="106" hits="2" branch="false" />
                <line number="107" hits="2" branch="false" />
                <line number="108" hits="2" branch="false" />
                <line number="109" hits="2" branch="false" />
                <line number="110" hits="2" branch="false" />
                <line number="111" hits="2" branch="false" />
                <line number="112" hits="1" branch="false" />
              </lines>
            </method>
            <method name="ValidniKarakteriUPrezimenu" signature="()" line-rate="1" branch-rate="1" complexity="1">
              <lines>
                <line number="117" hits="1" branch="false" />
                <line number="118" hits="1" branch="false" />
                <line number="119" hits="1" branch="false" />
                <line number="120" hits="1" branch="false" />
                <line number="121" hits="1" branch="false" />
                <line number="122" hits="1" branch="false" />
                <line number="123" hits="1" branch="false" />
                <line number="124" hits="1" branch="false" />
                <line number="125" hits="1" branch="false" />
              </lines>
            </method>
            <method name="NijePunoljetanGlasacTest" signature="()" line-rate="1" branch-rate="1" complexity="1">
              <lines>
                <line number="132" hits="1" branch="false" />
                <line number="133" hits="1" branch="false" />
                <line number="136" hits="1" branch="false" />
                <line number="137" hits="1" branch="false" />
              </lines>
            </method>
            <method name="DatumUBuducnostiTest" signature="()" line-rate="1" branch-rate="1" complexity="1">
              <lines>
                <line number="145" hits="1" branch="false" />
                <line number="146" hits="1" branch="false" />
                <line number="149" hits="1" branch="false" />
                <line number="150" hits="1" branch="false" />
              </lines>
            </method>
            <method name="IspravanDatumTest" signature="()" line-rate="1" branch-rate="1" complexity="1">
              <lines>
                <line number="155" hits="1" branch="false" />
                <line number="156" hits="1" branch="false" />
                <line number="157" hits="1" branch="false" />
                <line number="158" hits="1" branch="false" />
                <line number="159" hits="1" branch="false" />
              </lines>
            </method>
            <method name="NevalidnaDuzinaLicneKarteTest" signature="()" line-rate="1" branch-rate="1" complexity="1">
              <lines>
                <line number="163" hits="1" branch="false" />
                <line number="164" hits="2" branch="false" />
                <line number="165" hits="2" branch="false" />
                <line number="166" hits="1" branch="false" />
              </lines>
            </method>
            <method name="NevalidniFormatLicneKarteTest" signature="()" line-rate="1" branch-rate="1" complexity="1">
              <lines>
                <line number="170" hits="1" branch="false" />
                <line number="171" hits="2" branch="false" />
                <line number="172" hits="2" branch="false" />
                <line number="173" hits="2" branch="false" />
                <line number="174" hits="2" branch="false" />
                <line number="175" hits="2" branch="false" />
                <line number="176" hits="2" branch="false" />
                <line number="177" hits="2" branch="false" />
                <line number="178" hits="1" branch="false" />
              </lines>
            </method>
            <method name="ValidniFormatLicneKarteTest" signature="()" line-rate="1" branch-rate="1" complexity="1">
              <lines>
                <line number="182" hits="1" branch="false" />
                <line number="183" hits="1" branch="false" />
                <line number="184" hits="1" branch="false" />
                <line number="185" hits="1" branch="false" />
                <line number="186" hits="1" branch="false" />
              </lines>
            </method>
            <method name="NevalidnaDuzinaMaticnogBrojaTest" signature="()" line-rate="1" branch-rate="1" complexity="1">
              <lines>
                <line number="190" hits="1" branch="false" />
                <line number="191" hits="2" branch="false" />
                <line number="192" hits="2" branch="false" />
                <line number="193" hits="2" branch="false" />
                <line number="194" hits="1" branch="false" />
              </lines>
            </method>
            <method name="NevalidanFormatMaticnogBroja" signature="()" line-rate="1" branch-rate="1" complexity="1">
              <lines>
                <line number="198" hits="1" branch="false" />
                <line number="199" hits="2" branch="false" />
                <line number="200" hits="1" branch="false" />
                <line number="201" hits="2" branch="false" />
                <line number="202" hits="1" branch="false" />
                <line number="203" hits="2" branch="false" />
                <line number="204" hits="2" branch="false" />
                <line number="205" hits="2" branch="false" />
                <line number="206" hits="1" branch="false" />
              </lines>
            </method>
            <method name="ValidniMaticniBrojevi" signature="()" line-rate="1" branch-rate="1" complexity="1">
              <lines>
                <line number="210" hits="1" branch="false" />
                <line number="211" hits="1" branch="false" />
                <line number="212" hits="1" branch="false" />
                <line number="213" hits="1" branch="false" />
                <line number="214" hits="1" branch="false" />
                <line number="215" hits="1" branch="false" />
                <line number="216" hits="1" branch="false" />
              </lines>
            </method>
            <method name="NevalidnaAdresa" signature="()" line-rate="1" branch-rate="1" complexity="1">
              <lines>
                <line number="220" hits="1" branch="false" />
                <line number="221" hits="2" branch="false" />
                <line number="222" hits="2" branch="false" />
                <line number="223" hits="2" branch="false" />
                <line number="224" hits="1" branch="false" />
                <line number="225" hits="1" branch="false" />
                <line number="226" hits="1" branch="false" />
                <line number="227" hits="1" branch="false" />
                <line number="228" hits="1" branch="false" />
                <line number="229" hits="1" branch="false" />
              </lines>
            </method>
            <method name="IdTest" signature="()" line-rate="1" branch-rate="1" complexity="1">
              <lines>
                <line number="233" hits="1" branch="false" />
                <line number="234" hits="2" branch="false" />
                <line number="235" hits="2" branch="false" />
                <line number="236" hits="2" branch="false" />
                <line number="237" hits="2" branch="false" />
                <line number="238" hits="2" branch="false" />
                <line number="239" hits="2" branch="false" />
                <line number="240" hits="1" branch="false" />
                <line number="241" hits="1" branch="false" />
                <line number="242" hits="1" branch="false" />
              </lines>
            </method>
            <method name="get_Glasaci" signature="()" line-rate="1" branch-rate="1" complexity="1">
              <lines>
                <line number="249" hits="1" branch="false" />
                <line number="250" hits="1" branch="false" />
                <line number="251" hits="1" branch="false" />
                <line number="252" hits="1" branch="false" />
                <line number="253" hits="1" branch="false" />
                <line number="254" hits="1" branch="false" />
                <line number="255" hits="1" branch="false" />
                <line number="256" hits="1" branch="false" />
                <line number="257" hits="1" branch="false" />
                <line number="258" hits="1" branch="false" />
                <line number="259" hits="1" branch="false" />
                <line number="260" hits="1" branch="false" />
                <line number="261" hits="1" branch="false" />
              </lines>
            </method>
            <method name="get_IspravniGlasaci" signature="()" line-rate="1" branch-rate="1" complexity="1">
              <lines>
                <line number="268" hits="1" branch="false" />
                <line number="269" hits="1" branch="false" />
                <line number="270" hits="1" branch="false" />
                <line number="271" hits="1" branch="false" />
              </lines>
            </method>
            <method name="TestKonstruktoraGlasaca" signature="(...)" line-rate="0" branch-rate="1" complexity="1">
              <lines>
                <line number="280" hits="0" branch="false" />
                <line number="281" hits="0" branch="false" />
              </lines>
            </method>
            <method name="TestKonstruktoraIspravnogGlasaca" signature="(...)" line-rate="0" branch-rate="1" complexity="1">
              <lines>
                <line number="288" hits="0" branch="false" />
                <line number="289" hits="0" branch="false" />
              </lines>
            </method>
            <method name="get_GlasaciCSV" signature="()" line-rate="1" branch-rate="1" complexity="1">
              <lines>
                <line number="298" hits="1" branch="false" />
              </lines>
            </method>
            <method name="TestKonstruktoraGlasacCSV" signature="(...)" line-rate="0.5" branch-rate="1" complexity="1">
              <lines>
                <line number="322" hits="10" branch="false" />
                <line number="323" hits="0" branch="false" />
              </lines>
            </method>
            <method name="UcitajPodatkeCSV" signature="()" line-rate="1" branch-rate="1" complexity="4">
              <lines>
                <line number="304" hits="2" branch="false" />
                <line number="305" hits="2" branch="false" />
                <line number="307" hits="2" branch="false" />
                <line number="308" hits="25" branch="true" condition-coverage="100% (2/2)" />
                <line number="310" hits="11" branch="true" condition-coverage="100% (2/2)" />
                <line number="311" hits="77" branch="false" />
                <line number="312" hits="11" branch="false" />
                <line number="314" hits="1" branch="false" />
                <line number="315" hits="1" branch="false" />
              </lines>
            </method>
          </methods>
          <lines>
            <line number="22" hits="1" branch="false" />
            <line number="23" hits="1" branch="false" />
            <line number="24" hits="1" branch="false" />
            <line number="25" hits="1" branch="false" />
            <line number="27" hits="1" branch="false" />
            <line number="28" hits="1" branch="false" />
            <line number="29" hits="0" branch="false" />
            <line number="32" hits="1" branch="false" />
            <line number="33" hits="1" branch="false" />
            <line number="35" hits="0" branch="false" />
            <line number="40" hits="1" branch="false" />
            <line number="41" hits="2" branch="false" />
            <line number="42" hits="1" branch="false" />
            <line number="43" hits="2" branch="false" />
            <line number="44" hits="1" branch="false" />
            <line number="45" hits="1" branch="false" />
            <line number="49" hits="1" branch="false" />
            <line number="50" hits="2" branch="false" />
            <line number="51" hits="2" branch="false" />
            <line number="52" hits="1" branch="false" />
            <line number="53" hits="1" branch="false" />
            <line number="54" hits="1" branch="false" />
            <line number="58" hits="1" branch="false" />
            <line number="59" hits="2" branch="false" />
            <line number="60" hits="2" branch="false" />
            <line number="61" hits="2" branch="false" />
            <line number="62" hits="2" branch="false" />
            <line number="63" hits="2" branch="false" />
            <line number="64" hits="2" branch="false" />
            <line number="65" hits="2" branch="false" />
            <line number="66" hits="1" branch="false" />
            <line number="71" hits="1" branch="false" />
            <line number="72" hits="1" branch="false" />
            <line number="73" hits="1" branch="false" />
            <line number="74" hits="1" branch="false" />
            <line number="75" hits="1" branch="false" />
            <line number="76" hits="1" branch="false" />
            <line number="77" hits="1" branch="false" />
            <line number="78" hits="1" branch="false" />
            <line number="80" hits="1" branch="false" />
            <line number="84" hits="1" branch="false" />
            <line number="85" hits="2" branch="false" />
            <line number="86" hits="1" branch="false" />
            <line number="87" hits="2" branch="false" />
            <line number="88" hits="1" branch="false" />
            <line number="89" hits="1" branch="false" />
            <line number="93" hits="1" branch="false" />
            <line number="94" hits="2" branch="false" />
            <line number="95" hits="2" branch="false" />
            <line number="96" hits="2" branch="false" />
            <line number="97" hits="1" branch="false" />
            <line number="98" hits="1" branch="false" />
            <line number="99" hits="1" branch="false" />
            <line number="103" hits="1" branch="false" />
            <line number="104" hits="2" branch="false" />
            <line number="105" hits="2" branch="false" />
            <line number="106" hits="2" branch="false" />
            <line number="107" hits="2" branch="false" />
            <line number="108" hits="2" branch="false" />
            <line number="109" hits="2" branch="false" />
            <line number="110" hits="2" branch="false" />
            <line number="111" hits="2" branch="false" />
            <line number="112" hits="1" branch="false" />
            <line number="117" hits="1" branch="false" />
            <line number="118" hits="1" branch="false" />
            <line number="119" hits="1" branch="false" />
            <line number="120" hits="1" branch="false" />
            <line number="121" hits="1" branch="false" />
            <line number="122" hits="1" branch="false" />
            <line number="123" hits="1" branch="false" />
            <line number="124" hits="1" branch="false" />
            <line number="125" hits="1" branch="false" />
            <line number="132" hits="1" branch="false" />
            <line number="133" hits="1" branch="false" />
            <line number="136" hits="1" branch="false" />
            <line number="137" hits="1" branch="false" />
            <line number="145" hits="1" branch="false" />
            <line number="146" hits="1" branch="false" />
            <line number="149" hits="1" branch="false" />
            <line number="150" hits="1" branch="false" />
            <line number="155" hits="1" branch="false" />
            <line number="156" hits="1" branch="false" />
            <line number="157" hits="1" branch="false" />
            <line number="158" hits="1" branch="false" />
            <line number="159" hits="1" branch="false" />
            <line number="163" hits="1" branch="false" />
            <line number="164" hits="2" branch="false" />
            <line number="165" hits="2" branch="false" />
            <line number="166" hits="1" branch="false" />
            <line number="170" hits="1" branch="false" />
            <line number="171" hits="2" branch="false" />
            <line number="172" hits="2" branch="false" />
            <line number="173" hits="2" branch="false" />
            <line number="174" hits="2" branch="false" />
            <line number="175" hits="2" branch="false" />
            <line number="176" hits="2" branch="false" />
            <line number="177" hits="2" branch="false" />
            <line number="178" hits="1" branch="false" />
            <line number="182" hits="1" branch="false" />
            <line number="183" hits="1" branch="false" />
            <line number="184" hits="1" branch="false" />
            <line number="185" hits="1" branch="false" />
            <line number="186" hits="1" branch="false" />
            <line number="190" hits="1" branch="false" />
            <line number="191" hits="2" branch="false" />
            <line number="192" hits="2" branch="false" />
            <line number="193" hits="2" branch="false" />
            <line number="194" hits="1" branch="false" />
            <line number="198" hits="1" branch="false" />
            <line number="199" hits="2" branch="false" />
            <line number="200" hits="1" branch="false" />
            <line number="201" hits="2" branch="false" />
            <line number="202" hits="1" branch="false" />
            <line number="203" hits="2" branch="false" />
            <line number="204" hits="2" branch="false" />
            <line number="205" hits="2" branch="false" />
            <line number="206" hits="1" branch="false" />
            <line number="210" hits="1" branch="false" />
            <line number="211" hits="1" branch="false" />
            <line number="212" hits="1" branch="false" />
            <line number="213" hits="1" branch="false" />
            <line number="214" hits="1" branch="false" />
            <line number="215" hits="1" branch="false" />
            <line number="216" hits="1" branch="false" />
            <line number="220" hits="1" branch="false" />
            <line number="221" hits="2" branch="false" />
            <line number="222" hits="2" branch="false" />
            <line number="223" hits="2" branch="false" />
            <line number="224" hits="1" branch="false" />
            <line number="225" hits="1" branch="false" />
            <line number="226" hits="1" branch="false" />
            <line number="227" hits="1" branch="false" />
            <line number="228" hits="1" branch="false" />
            <line number="229" hits="1" branch="false" />
            <line number="233" hits="1" branch="false" />
            <line number="234" hits="2" branch="false" />
            <line number="235" hits="2" branch="false" />
            <line number="236" hits="2" branch="false" />
            <line number="237" hits="2" branch="false" />
            <line number="238" hits="2" branch="false" />
            <line number="239" hits="2" branch="false" />
            <line number="240" hits="1" branch="false" />
            <line number="241" hits="1" branch="false" />
            <line number="242" hits="1" branch="false" />
            <line number="249" hits="1" branch="false" />
            <line number="250" hits="1" branch="false" />
            <line number="251" hits="1" branch="false" />
            <line number="252" hits="1" branch="false" />
            <line number="253" hits="1" branch="false" />
            <line number="254" hits="1" branch="false" />
            <line number="255" hits="1" branch="false" />
            <line number="256" hits="1" branch="false" />
            <line number="257" hits="1" branch="false" />
            <line number="258" hits="1" branch="false" />
            <line number="259" hits="1" branch="false" />
            <line number="260" hits="1" branch="false" />
            <line number="261" hits="1" branch="false" />
            <line number="268" hits="1" branch="false" />
            <line number="269" hits="1" branch="false" />
            <line number="270" hits="1" branch="false" />
            <line number="271" hits="1" branch="false" />
            <line number="280" hits="0" branch="false" />
            <line number="281" hits="0" branch="false" />
            <line number="288" hits="0" branch="false" />
            <line number="289" hits="0" branch="false" />
            <line number="298" hits="1" branch="false" />
            <line number="304" hits="2" branch="false" />
            <line number="305" hits="2" branch="false" />
            <line number="307" hits="2" branch="false" />
            <line number="308" hits="25" branch="true" condition-coverage="100% (2/2)" />
            <line number="310" hits="11" branch="true" condition-coverage="100% (2/2)" />
            <line number="311" hits="77" branch="false" />
            <line number="312" hits="11" branch="false" />
            <line number="314" hits="1" branch="false" />
            <line number="315" hits="1" branch="false" />
            <line number="322" hits="10" branch="false" />
            <line number="323" hits="0" branch="false" />
          </lines>
        </class>
        <class name="TestProject.UnitTest2" filename="C:\Users\ASUS\Source\Repos\VVS-Projekat\Zadaca1\TestProject\UnitTest2.cs" line-rate="1" branch-rate="1" complexity="19">
          <methods>
            <method name="TestPrikazaInformacijaOPrethodnomClanstvu1" signature="()" line-rate="1" branch-rate="1" complexity="1">
              <lines>
                <line number="20" hits="1" branch="false" />
                <line number="21" hits="1" branch="false" />
                <line number="22" hits="1" branch="false" />
                <line number="24" hits="1" branch="false" />
                <line number="25" hits="1" branch="false" />
                <line number="26" hits="1" branch="false" />
                <line number="27" hits="1" branch="false" />
                <line number="28" hits="1" branch="false" />
              </lines>
            </method>
            <method name="TestPrikazaInformacijaOPrethodnomClanstvu2" signature="()" line-rate="1" branch-rate="1" complexity="1">
              <lines>
                <line number="33" hits="1" branch="false" />
                <line number="34" hits="1" branch="false" />
                <line number="36" hits="1" branch="false" />
                <line number="37" hits="1" branch="false" />
                <line number="38" hits="1" branch="false" />
              </lines>
            </method>
            <method name="TestPraznogOpisa" signature="()" line-rate="1" branch-rate="1" complexity="1">
              <lines>
                <line number="43" hits="1" branch="false" />
                <line number="44" hits="1" branch="false" />
                <line number="45" hits="1" branch="false" />
                <line number="46" hits="1" branch="false" />
              </lines>
            </method>
            <method name="TestPocetkaOpisa" signature="()" line-rate="1" branch-rate="1" complexity="1">
              <lines>
                <line number="51" hits="1" branch="false" />
                <line number="52" hits="1" branch="false" />
                <line number="53" hits="1" branch="false" />
                <line number="54" hits="1" branch="false" />
              </lines>
            </method>
            <method name="TestNemaNazivaStranke" signature="()" line-rate="1" branch-rate="1" complexity="1">
              <lines>
                <line number="60" hits="1" branch="false" />
                <line number="61" hits="1" branch="false" />
                <line number="62" hits="1" branch="false" />
                <line number="63" hits="1" branch="false" />
              </lines>
            </method>
            <method name="TestNazivaStranke" signature="()" line-rate="1" branch-rate="1" complexity="1">
              <lines>
                <line number="68" hits="1" branch="false" />
                <line number="69" hits="1" branch="false" />
                <line number="70" hits="1" branch="false" />
                <line number="72" hits="1" branch="false" />
                <line number="73" hits="1" branch="false" />
                <line number="74" hits="1" branch="false" />
              </lines>
            </method>
            <method name="TestUnosaDatuma" signature="()" line-rate="1" branch-rate="1" complexity="1">
              <lines>
                <line number="79" hits="1" branch="false" />
                <line number="80" hits="1" branch="false" />
                <line number="81" hits="1" branch="false" />
                <line number="83" hits="1" branch="false" />
                <line number="84" hits="1" branch="false" />
                <line number="85" hits="1" branch="false" />
              </lines>
            </method>
            <method name="TestUnosaDana" signature="()" line-rate="1" branch-rate="1" complexity="1">
              <lines>
                <line number="90" hits="1" branch="false" />
                <line number="91" hits="1" branch="false" />
                <line number="92" hits="1" branch="false" />
                <line number="94" hits="1" branch="false" />
                <line number="95" hits="1" branch="false" />
                <line number="96" hits="1" branch="false" />
              </lines>
            </method>
            <method name="TestUnosaMjeseca" signature="()" line-rate="1" branch-rate="1" complexity="1">
              <lines>
                <line number="101" hits="1" branch="false" />
                <line number="102" hits="1" branch="false" />
                <line number="103" hits="1" branch="false" />
                <line number="105" hits="1" branch="false" />
                <line number="106" hits="1" branch="false" />
                <line number="107" hits="1" branch="false" />
              </lines>
            </method>
            <method name="TestUnosaGodine" signature="()" line-rate="1" branch-rate="1" complexity="1">
              <lines>
                <line number="112" hits="1" branch="false" />
                <line number="114" hits="1" branch="false" />
                <line number="115" hits="1" branch="false" />
                <line number="117" hits="1" branch="false" />
                <line number="118" hits="1" branch="false" />
                <line number="120" hits="1" branch="false" />
                <line number="121" hits="1" branch="false" />
                <line number="123" hits="1" branch="false" />
                <line number="124" hits="1" branch="false" />
                <line number="125" hits="1" branch="false" />
              </lines>
            </method>
            <method name="TestDatumaPocetkaIKraja" signature="()" line-rate="1" branch-rate="1" complexity="1">
              <lines>
                <line number="130" hits="1" branch="false" />
                <line number="132" hits="1" branch="false" />
                <line number="133" hits="1" branch="false" />
                <line number="135" hits="1" branch="false" />
                <line number="136" hits="1" branch="false" />
                <line number="138" hits="1" branch="false" />
                <line number="139" hits="1" branch="false" />
                <line number="140" hits="1" branch="false" />
              </lines>
            </method>
            <method name="get_Kandidati" signature="()" line-rate="1" branch-rate="1" complexity="1">
              <lines>
                <line number="148" hits="1" branch="false" />
                <line number="149" hits="1" branch="false" />
                <line number="150" hits="1" branch="false" />
                <line number="151" hits="1" branch="false" />
                <line number="152" hits="1" branch="false" />
                <line number="153" hits="1" branch="false" />
                <line number="154" hits="1" branch="false" />
              </lines>
            </method>
            <method name="TestPrikazPrethodnogClanstva" signature="(...)" line-rate="1" branch-rate="1" complexity="1">
              <lines>
                <line number="162" hits="3" branch="false" />
                <line number="163" hits="3" branch="false" />
                <line number="165" hits="3" branch="false" />
                <line number="166" hits="3" branch="false" />
                <line number="168" hits="3" branch="false" />
                <line number="170" hits="3" branch="false" />
              </lines>
            </method>
            <method name="get_KandidatiXML" signature="()" line-rate="1" branch-rate="1" complexity="1">
              <lines>
                <line number="182" hits="1" branch="false" />
              </lines>
            </method>
            <method name="TestPrikazPrethodnogClanstvaXML" signature="(...)" line-rate="1" branch-rate="1" complexity="1">
              <lines>
                <line number="205" hits="3" branch="false" />
                <line number="206" hits="3" branch="false" />
                <line number="208" hits="3" branch="false" />
                <line number="209" hits="3" branch="false" />
                <line number="211" hits="3" branch="false" />
                <line number="213" hits="3" branch="false" />
              </lines>
            </method>
            <method name="UcitajPodatkeXML" signature="()" line-rate="1" branch-rate="1" complexity="4">
              <lines>
                <line number="188" hits="2" branch="false" />
                <line number="189" hits="2" branch="false" />
                <line number="190" hits="11" branch="true" condition-coverage="100% (2/2)" />
                <line number="192" hits="4" branch="false" />
                <line number="193" hits="32" branch="true" condition-coverage="100% (2/2)" />
                <line number="195" hits="12" branch="false" />
                <line number="197" hits="4" branch="false" />
                <line number="199" hits="1" branch="false" />
              </lines>
            </method>
          </methods>
          <lines>
            <line number="20" hits="1" branch="false" />
            <line number="21" hits="1" branch="false" />
            <line number="22" hits="1" branch="false" />
            <line number="24" hits="1" branch="false" />
            <line number="25" hits="1" branch="false" />
            <line number="26" hits="1" branch="false" />
            <line number="27" hits="1" branch="false" />
            <line number="28" hits="1" branch="false" />
            <line number="33" hits="1" branch="false" />
            <line number="34" hits="1" branch="false" />
            <line number="36" hits="1" branch="false" />
            <line number="37" hits="1" branch="false" />
            <line number="38" hits="1" branch="false" />
            <line number="43" hits="1" branch="false" />
            <line number="44" hits="1" branch="false" />
            <line number="45" hits="1" branch="false" />
            <line number="46" hits="1" branch="false" />
            <line number="51" hits="1" branch="false" />
            <line number="52" hits="1" branch="false" />
            <line number="53" hits="1" branch="false" />
            <line number="54" hits="1" branch="false" />
            <line number="60" hits="1" branch="false" />
            <line number="61" hits="1" branch="false" />
            <line number="62" hits="1" branch="false" />
            <line number="63" hits="1" branch="false" />
            <line number="68" hits="1" branch="false" />
            <line number="69" hits="1" branch="false" />
            <line number="70" hits="1" branch="false" />
            <line number="72" hits="1" branch="false" />
            <line number="73" hits="1" branch="false" />
            <line number="74" hits="1" branch="false" />
            <line number="79" hits="1" branch="false" />
            <line number="80" hits="1" branch="false" />
            <line number="81" hits="1" branch="false" />
            <line number="83" hits="1" branch="false" />
            <line number="84" hits="1" branch="false" />
            <line number="85" hits="1" branch="false" />
            <line number="90" hits="1" branch="false" />
            <line number="91" hits="1" branch="false" />
            <line number="92" hits="1" branch="false" />
            <line number="94" hits="1" branch="false" />
            <line number="95" hits="1" branch="false" />
            <line number="96" hits="1" branch="false" />
            <line number="101" hits="1" branch="false" />
            <line number="102" hits="1" branch="false" />
            <line number="103" hits="1" branch="false" />
            <line number="105" hits="1" branch="false" />
            <line number="106" hits="1" branch="false" />
            <line number="107" hits="1" branch="false" />
            <line number="112" hits="1" branch="false" />
            <line number="114" hits="1" branch="false" />
            <line number="115" hits="1" branch="false" />
            <line number="117" hits="1" branch="false" />
            <line number="118" hits="1" branch="false" />
            <line number="120" hits="1" branch="false" />
            <line number="121" hits="1" branch="false" />
            <line number="123" hits="1" branch="false" />
            <line number="124" hits="1" branch="false" />
            <line number="125" hits="1" branch="false" />
            <line number="130" hits="1" branch="false" />
            <line number="132" hits="1" branch="false" />
            <line number="133" hits="1" branch="false" />
            <line number="135" hits="1" branch="false" />
            <line number="136" hits="1" branch="false" />
            <line number="138" hits="1" branch="false" />
            <line number="139" hits="1" branch="false" />
            <line number="140" hits="1" branch="false" />
            <line number="148" hits="1" branch="false" />
            <line number="149" hits="1" branch="false" />
            <line number="150" hits="1" branch="false" />
            <line number="151" hits="1" branch="false" />
            <line number="152" hits="1" branch="false" />
            <line number="153" hits="1" branch="false" />
            <line number="154" hits="1" branch="false" />
            <line number="162" hits="3" branch="false" />
            <line number="163" hits="3" branch="false" />
            <line number="165" hits="3" branch="false" />
            <line number="166" hits="3" branch="false" />
            <line number="168" hits="3" branch="false" />
            <line number="170" hits="3" branch="false" />
            <line number="182" hits="1" branch="false" />
            <line number="188" hits="2" branch="false" />
            <line number="189" hits="2" branch="false" />
            <line number="190" hits="11" branch="true" condition-coverage="100% (2/2)" />
            <line number="192" hits="4" branch="false" />
            <line number="193" hits="32" branch="true" condition-coverage="100% (2/2)" />
            <line number="195" hits="12" branch="false" />
            <line number="197" hits="4" branch="false" />
            <line number="199" hits="1" branch="false" />
            <line number="205" hits="3" branch="false" />
            <line number="206" hits="3" branch="false" />
            <line number="208" hits="3" branch="false" />
            <line number="209" hits="3" branch="false" />
            <line number="211" hits="3" branch="false" />
            <line number="213" hits="3" branch="false" />
          </lines>
        </class>
        <class name="TestProject.UnitTest3" filename="C:\Users\ASUS\Source\Repos\VVS-Projekat\Zadaca1\TestProject\UnitTest3.cs" line-rate="0.987654320987654" branch-rate="1" complexity="11">
          <methods>
            <method name="TestIspisiUkupanBrojGlasova" signature="()" line-rate="0.944444444444444" branch-rate="1" complexity="1">
              <lines>
                <line number="18" hits="1" branch="false" />
                <line number="19" hits="1" branch="false" />
                <line number="20" hits="1" branch="false" />
                <line number="21" hits="1" branch="false" />
                <line number="22" hits="1" branch="false" />
                <line number="23" hits="1" branch="false" />
                <line number="24" hits="1" branch="false" />
                <line number="25" hits="1" branch="false" />
                <line number="26" hits="1" branch="false" />
                <line number="28" hits="1" branch="false" />
                <line number="29" hits="1" branch="false" />
                <line number="31" hits="1" branch="false" />
                <line number="33" hits="1" branch="false" />
                <line number="34" hits="1" branch="false" />
                <line number="35" hits="1" branch="false" />
                <line number="37" hits="1" branch="false" />
                <line number="38" hits="1" branch="false" />
                <line number="39" hits="0" branch="false" />
              </lines>
            </method>
            <method name="TestRezultatiMandata" signature="()" line-rate="1" branch-rate="1" complexity="1">
              <lines>
                <line number="44" hits="1" branch="false" />
                <line number="45" hits="1" branch="false" />
                <line number="46" hits="1" branch="false" />
                <line number="47" hits="1" branch="false" />
                <line number="48" hits="1" branch="false" />
                <line number="49" hits="1" branch="false" />
                <line number="50" hits="1" branch="false" />
                <line number="51" hits="1" branch="false" />
                <line number="52" hits="1" branch="false" />
                <line number="54" hits="1" branch="false" />
                <line number="55" hits="1" branch="false" />
                <line number="57" hits="1" branch="false" />
                <line number="59" hits="1" branch="false" />
                <line number="60" hits="1" branch="false" />
                <line number="61" hits="1" branch="false" />
                <line number="63" hits="1" branch="false" />
                <line number="65" hits="1" branch="false" />
              </lines>
            </method>
            <method name="TestRezultatiMandata2" signature="()" line-rate="1" branch-rate="1" complexity="1">
              <lines>
                <line number="69" hits="1" branch="false" />
                <line number="70" hits="1" branch="false" />
                <line number="71" hits="1" branch="false" />
                <line number="73" hits="1" branch="false" />
                <line number="75" hits="1" branch="false" />
                <line number="76" hits="1" branch="false" />
                <line number="77" hits="1" branch="false" />
                <line number="78" hits="1" branch="false" />
                <line number="80" hits="1" branch="false" />
              </lines>
            </method>
            <method name="get_Stranke" signature="()" line-rate="1" branch-rate="1" complexity="1">
              <lines>
                <line number="89" hits="1" branch="false" />
                <line number="90" hits="1" branch="false" />
                <line number="91" hits="1" branch="false" />
                <line number="92" hits="1" branch="false" />
                <line number="93" hits="1" branch="false" />
              </lines>
            </method>
            <method name="Test1" signature="(...)" line-rate="1" branch-rate="1" complexity="1">
              <lines>
                <line number="102" hits="1" branch="false" />
                <line number="103" hits="1" branch="false" />
                <line number="104" hits="1" branch="false" />
                <line number="105" hits="1" branch="false" />
                <line number="106" hits="1" branch="false" />
                <line number="107" hits="1" branch="false" />
                <line number="108" hits="1" branch="false" />
                <line number="110" hits="1" branch="false" />
                <line number="111" hits="1" branch="false" />
                <line number="112" hits="1" branch="false" />
                <line number="113" hits="1" branch="false" />
              </lines>
            </method>
            <method name="get_StrankeCSV" signature="()" line-rate="1" branch-rate="1" complexity="1">
              <lines>
                <line number="123" hits="1" branch="false" />
              </lines>
            </method>
            <method name="Test2" signature="(...)" line-rate="1" branch-rate="1" complexity="1">
              <lines>
                <line number="147" hits="3" branch="false" />
                <line number="148" hits="3" branch="false" />
                <line number="149" hits="3" branch="false" />
                <line number="150" hits="3" branch="false" />
                <line number="151" hits="3" branch="false" />
                <line number="152" hits="3" branch="false" />
                <line number="153" hits="3" branch="false" />
                <line number="155" hits="3" branch="false" />
                <line number="156" hits="3" branch="false" />
                <line number="157" hits="3" branch="false" />
                <line number="158" hits="3" branch="false" />
              </lines>
            </method>
            <method name="UcitajPodatkeCSV" signature="()" line-rate="1" branch-rate="1" complexity="4">
              <lines>
                <line number="129" hits="2" branch="false" />
                <line number="130" hits="2" branch="false" />
                <line number="132" hits="2" branch="false" />
                <line number="133" hits="11" branch="true" condition-coverage="100% (2/2)" />
                <line number="135" hits="4" branch="true" condition-coverage="100% (2/2)" />
                <line number="136" hits="12" branch="false" />
                <line number="137" hits="4" branch="false" />
                <line number="139" hits="1" branch="false" />
                <line number="140" hits="1" branch="false" />
              </lines>
            </method>
          </methods>
          <lines>
            <line number="18" hits="1" branch="false" />
            <line number="19" hits="1" branch="false" />
            <line number="20" hits="1" branch="false" />
            <line number="21" hits="1" branch="false" />
            <line number="22" hits="1" branch="false" />
            <line number="23" hits="1" branch="false" />
            <line number="24" hits="1" branch="false" />
            <line number="25" hits="1" branch="false" />
            <line number="26" hits="1" branch="false" />
            <line number="28" hits="1" branch="false" />
            <line number="29" hits="1" branch="false" />
            <line number="31" hits="1" branch="false" />
            <line number="33" hits="1" branch="false" />
            <line number="34" hits="1" branch="false" />
            <line number="35" hits="1" branch="false" />
            <line number="37" hits="1" branch="false" />
            <line number="38" hits="1" branch="false" />
            <line number="39" hits="0" branch="false" />
            <line number="44" hits="1" branch="false" />
            <line number="45" hits="1" branch="false" />
            <line number="46" hits="1" branch="false" />
            <line number="47" hits="1" branch="false" />
            <line number="48" hits="1" branch="false" />
            <line number="49" hits="1" branch="false" />
            <line number="50" hits="1" branch="false" />
            <line number="51" hits="1" branch="false" />
            <line number="52" hits="1" branch="false" />
            <line number="54" hits="1" branch="false" />
            <line number="55" hits="1" branch="false" />
            <line number="57" hits="1" branch="false" />
            <line number="59" hits="1" branch="false" />
            <line number="60" hits="1" branch="false" />
            <line number="61" hits="1" branch="false" />
            <line number="63" hits="1" branch="false" />
            <line number="65" hits="1" branch="false" />
            <line number="69" hits="1" branch="false" />
            <line number="70" hits="1" branch="false" />
            <line number="71" hits="1" branch="false" />
            <line number="73" hits="1" branch="false" />
            <line number="75" hits="1" branch="false" />
            <line number="76" hits="1" branch="false" />
            <line number="77" hits="1" branch="false" />
            <line number="78" hits="1" branch="false" />
            <line number="80" hits="1" branch="false" />
            <line number="89" hits="1" branch="false" />
            <line number="90" hits="1" branch="false" />
            <line number="91" hits="1" branch="false" />
            <line number="92" hits="1" branch="false" />
            <line number="93" hits="1" branch="false" />
            <line number="102" hits="1" branch="false" />
            <line number="103" hits="1" branch="false" />
            <line number="104" hits="1" branch="false" />
            <line number="105" hits="1" branch="false" />
            <line number="106" hits="1" branch="false" />
            <line number="107" hits="1" branch="false" />
            <line number="108" hits="1" branch="false" />
            <line number="110" hits="1" branch="false" />
            <line number="111" hits="1" branch="false" />
            <line number="112" hits="1" branch="false" />
            <line number="113" hits="1" branch="false" />
            <line number="123" hits="1" branch="false" />
            <line number="129" hits="2" branch="false" />
            <line number="130" hits="2" branch="false" />
            <line number="132" hits="2" branch="false" />
            <line number="133" hits="11" branch="true" condition-coverage="100% (2/2)" />
            <line number="135" hits="4" branch="true" condition-coverage="100% (2/2)" />
            <line number="136" hits="12" branch="false" />
            <line number="137" hits="4" branch="false" />
            <line number="139" hits="1" branch="false" />
            <line number="140" hits="1" branch="false" />
            <line number="147" hits="3" branch="false" />
            <line number="148" hits="3" branch="false" />
            <line number="149" hits="3" branch="false" />
            <line number="150" hits="3" branch="false" />
            <line number="151" hits="3" branch="false" />
            <line number="152" hits="3" branch="false" />
            <line number="153" hits="3" branch="false" />
            <line number="155" hits="3" branch="false" />
            <line number="156" hits="3" branch="false" />
            <line number="157" hits="3" branch="false" />
            <line number="158" hits="3" branch="false" />
          </lines>
        </class>
        <class name="TestProject.UnitTest4" filename="C:\Users\ASUS\Source\Repos\VVS-Projekat\Zadaca1\TestProject\UnitTest4.cs" line-rate="1" branch-rate="1" complexity="10">
          <methods>
            <method name="TestPrikazaInformacijaORukovodstvu" signature="()" line-rate="1" branch-rate="1" complexity="1">
              <lines>
                <line number="20" hits="1" branch="false" />
                <line number="21" hits="1" branch="false" />
                <line number="22" hits="1" branch="false" />
                <line number="23" hits="1" branch="false" />
                <line number="24" hits="1" branch="false" />
                <line number="25" hits="1" branch="false" />
                <line number="26" hits="1" branch="false" />
                <line number="27" hits="1" branch="false" />
                <line number="28" hits="1" branch="false" />
                <line number="29" hits="1" branch="false" />
                <line number="30" hits="1" branch="false" />
                <line number="31" hits="1" branch="false" />
                <line number="32" hits="1" branch="false" />
              </lines>
            </method>
            <method name="TestPrikazaInformacijaORukovodstvu2" signature="()" line-rate="1" branch-rate="1" complexity="1">
              <lines>
                <line number="39" hits="1" branch="false" />
                <line number="40" hits="1" branch="false" />
                <line number="41" hits="1" branch="false" />
                <line number="42" hits="1" branch="false" />
                <line number="43" hits="1" branch="false" />
                <line number="44" hits="1" branch="false" />
                <line number="45" hits="1" branch="false" />
                <line number="46" hits="1" branch="false" />
                <line number="47" hits="1" branch="false" />
                <line number="48" hits="1" branch="false" />
                <line number="49" hits="1" branch="false" />
                <line number="50" hits="1" branch="false" />
                <line number="51" hits="1" branch="false" />
                <line number="52" hits="1" branch="false" />
                <line number="53" hits="1" branch="false" />
                <line number="55" hits="1" branch="false" />
                <line number="57" hits="1" branch="false" />
                <line number="58" hits="1" branch="false" />
                <line number="59" hits="1" branch="false" />
                <line number="60" hits="1" branch="false" />
              </lines>
            </method>
            <method name="get_Stranke" signature="()" line-rate="1" branch-rate="1" complexity="1">
              <lines>
                <line number="67" hits="1" branch="false" />
                <line number="68" hits="1" branch="false" />
                <line number="69" hits="1" branch="false" />
                <line number="70" hits="1" branch="false" />
                <line number="71" hits="1" branch="false" />
                <line number="72" hits="1" branch="false" />
                <line number="73" hits="1" branch="false" />
              </lines>
            </method>
            <method name="Test1" signature="(...)" line-rate="1" branch-rate="1" complexity="1">
              <lines>
                <line number="81" hits="3" branch="false" />
                <line number="82" hits="3" branch="false" />
                <line number="83" hits="3" branch="false" />
                <line number="84" hits="3" branch="false" />
                <line number="86" hits="3" branch="false" />
                <line number="87" hits="3" branch="false" />
                <line number="88" hits="3" branch="false" />
                <line number="89" hits="3" branch="false" />
                <line number="90" hits="3" branch="false" />
                <line number="91" hits="3" branch="false" />
                <line number="92" hits="3" branch="false" />
                <line number="93" hits="3" branch="false" />
                <line number="94" hits="3" branch="false" />
                <line number="95" hits="3" branch="false" />
                <line number="97" hits="3" branch="false" />
              </lines>
            </method>
            <method name="get_StrankeCSV" signature="()" line-rate="1" branch-rate="1" complexity="1">
              <lines>
                <line number="108" hits="1" branch="false" />
              </lines>
            </method>
            <method name="Test2" signature="(...)" line-rate="1" branch-rate="1" complexity="1">
              <lines>
                <line number="131" hits="3" branch="false" />
                <line number="132" hits="3" branch="false" />
                <line number="133" hits="3" branch="false" />
                <line number="134" hits="3" branch="false" />
                <line number="136" hits="3" branch="false" />
                <line number="137" hits="3" branch="false" />
                <line number="138" hits="3" branch="false" />
                <line number="139" hits="3" branch="false" />
                <line number="140" hits="3" branch="false" />
                <line number="141" hits="3" branch="false" />
                <line number="142" hits="3" branch="false" />
                <line number="143" hits="3" branch="false" />
                <line number="144" hits="3" branch="false" />
                <line number="145" hits="3" branch="false" />
                <line number="147" hits="3" branch="false" />
              </lines>
            </method>
            <method name="UcitajPodatkeCSV" signature="()" line-rate="1" branch-rate="1" complexity="4">
              <lines>
                <line number="114" hits="2" branch="false" />
                <line number="115" hits="2" branch="false" />
                <line number="117" hits="2" branch="false" />
                <line number="118" hits="11" branch="true" condition-coverage="100% (2/2)" />
                <line number="120" hits="4" branch="true" condition-coverage="100% (2/2)" />
                <line number="121" hits="12" branch="false" />
                <line number="122" hits="4" branch="false" />
                <line number="124" hits="1" branch="false" />
                <line number="125" hits="1" branch="false" />
              </lines>
            </method>
          </methods>
          <lines>
            <line number="20" hits="1" branch="false" />
            <line number="21" hits="1" branch="false" />
            <line number="22" hits="1" branch="false" />
            <line number="23" hits="1" branch="false" />
            <line number="24" hits="1" branch="false" />
            <line number="25" hits="1" branch="false" />
            <line number="26" hits="1" branch="false" />
            <line number="27" hits="1" branch="false" />
            <line number="28" hits="1" branch="false" />
            <line number="29" hits="1" branch="false" />
            <line number="30" hits="1" branch="false" />
            <line number="31" hits="1" branch="false" />
            <line number="32" hits="1" branch="false" />
            <line number="39" hits="1" branch="false" />
            <line number="40" hits="1" branch="false" />
            <line number="41" hits="1" branch="false" />
            <line number="42" hits="1" branch="false" />
            <line number="43" hits="1" branch="false" />
            <line number="44" hits="1" branch="false" />
            <line number="45" hits="1" branch="false" />
            <line number="46" hits="1" branch="false" />
            <line number="47" hits="1" branch="false" />
            <line number="48" hits="1" branch="false" />
            <line number="49" hits="1" branch="false" />
            <line number="50" hits="1" branch="false" />
            <line number="51" hits="1" branch="false" />
            <line number="52" hits="1" branch="false" />
            <line number="53" hits="1" branch="false" />
            <line number="55" hits="1" branch="false" />
            <line number="57" hits="1" branch="false" />
            <line number="58" hits="1" branch="false" />
            <line number="59" hits="1" branch="false" />
            <line number="60" hits="1" branch="false" />
            <line number="67" hits="1" branch="false" />
            <line number="68" hits="1" branch="false" />
            <line number="69" hits="1" branch="false" />
            <line number="70" hits="1" branch="false" />
            <line number="71" hits="1" branch="false" />
            <line number="72" hits="1" branch="false" />
            <line number="73" hits="1" branch="false" />
            <line number="81" hits="3" branch="false" />
            <line number="82" hits="3" branch="false" />
            <line number="83" hits="3" branch="false" />
            <line number="84" hits="3" branch="false" />
            <line number="86" hits="3" branch="false" />
            <line number="87" hits="3" branch="false" />
            <line number="88" hits="3" branch="false" />
            <line number="89" hits="3" branch="false" />
            <line number="90" hits="3" branch="false" />
            <line number="91" hits="3" branch="false" />
            <line number="92" hits="3" branch="false" />
            <line number="93" hits="3" branch="false" />
            <line number="94" hits="3" branch="false" />
            <line number="95" hits="3" branch="false" />
            <line number="97" hits="3" branch="false" />
            <line number="108" hits="1" branch="false" />
            <line number="114" hits="2" branch="false" />
            <line number="115" hits="2" branch="false" />
            <line number="117" hits="2" branch="false" />
            <line number="118" hits="11" branch="true" condition-coverage="100% (2/2)" />
            <line number="120" hits="4" branch="true" condition-coverage="100% (2/2)" />
            <line number="121" hits="12" branch="false" />
            <line number="122" hits="4" branch="false" />
            <line number="124" hits="1" branch="false" />
            <line number="125" hits="1" branch="false" />
            <line number="131" hits="3" branch="false" />
            <line number="132" hits="3" branch="false" />
            <line number="133" hits="3" branch="false" />
            <line number="134" hits="3" branch="false" />
            <line number="136" hits="3" branch="false" />
            <line number="137" hits="3" branch="false" />
            <line number="138" hits="3" branch="false" />
            <line number="139" hits="3" branch="false" />
            <line number="140" hits="3" branch="false" />
            <line number="141" hits="3" branch="false" />
            <line number="142" hits="3" branch="false" />
            <line number="143" hits="3" branch="false" />
            <line number="144" hits="3" branch="false" />
            <line number="145" hits="3" branch="false" />
            <line number="147" hits="3" branch="false" />
          </lines>
        </class>
        <class name="TestProject.UnitTest5" filename="C:\Users\ASUS\Source\Repos\VVS-Projekat\Zadaca1\TestProject\UnitTest5.cs" line-rate="0" branch-rate="0" complexity="13">
          <methods>
            <method name="PočetnaInicijalizacija" signature="()" line-rate="0" branch-rate="1" complexity="1">
              <lines>
                <line number="23" hits="0" branch="false" />
                <line number="24" hits="0" branch="false" />
              </lines>
            </method>
            <method name="InicijalizacijaPrijeSvakogTesta" signature="()" line-rate="0" branch-rate="1" complexity="1">
              <lines>
                <line number="30" hits="0" branch="false" />
                <line number="31" hits="0" branch="false" />
                <line number="32" hits="0" branch="false" />
                <line number="33" hits="0" branch="false" />
                <line number="34" hits="0" branch="false" />
                <line number="35" hits="0" branch="false" />
                <line number="36" hits="0" branch="false" />
                <line number="37" hits="0" branch="false" />
                <line number="38" hits="0" branch="false" />
                <line number="39" hits="0" branch="false" />
                <line number="40" hits="0" branch="false" />
                <line number="41" hits="0" branch="false" />
                <line number="42" hits="0" branch="false" />
                <line number="43" hits="0" branch="false" />
                <line number="44" hits="0" branch="false" />
                <line number="45" hits="0" branch="false" />
                <line number="46" hits="0" branch="false" />
                <line number="47" hits="0" branch="false" />
                <line number="48" hits="0" branch="false" />
                <line number="49" hits="0" branch="false" />
                <line number="50" hits="0" branch="false" />
                <line number="51" hits="0" branch="false" />
                <line number="52" hits="0" branch="false" />
                <line number="53" hits="0" branch="false" />
                <line number="54" hits="0" branch="false" />
                <line number="55" hits="0" branch="false" />
                <line number="56" hits="0" branch="false" />
                <line number="57" hits="0" branch="false" />
                <line number="58" hits="0" branch="false" />
                <line number="59" hits="0" branch="false" />
                <line number="60" hits="0" branch="false" />
                <line number="61" hits="0" branch="false" />
                <line number="62" hits="0" branch="false" />
                <line number="63" hits="0" branch="false" />
                <line number="64" hits="0" branch="false" />
                <line number="65" hits="0" branch="false" />
                <line number="66" hits="0" branch="false" />
                <line number="67" hits="0" branch="false" />
                <line number="68" hits="0" branch="false" />
                <line number="69" hits="0" branch="false" />
                <line number="70" hits="0" branch="false" />
                <line number="71" hits="0" branch="false" />
                <line number="72" hits="0" branch="false" />
                <line number="73" hits="0" branch="false" />
                <line number="74" hits="0" branch="false" />
                <line number="75" hits="0" branch="false" />
                <line number="76" hits="0" branch="false" />
                <line number="77" hits="0" branch="false" />
                <line number="78" hits="0" branch="false" />
                <line number="79" hits="0" branch="false" />
                <line number="80" hits="0" branch="false" />
                <line number="81" hits="0" branch="false" />
                <line number="82" hits="0" branch="false" />
                <line number="83" hits="0" branch="false" />
                <line number="84" hits="0" branch="false" />
                <line number="85" hits="0" branch="false" />
              </lines>
            </method>
            <method name="TestPonistiNezavisni" signature="()" line-rate="0" branch-rate="1" complexity="1">
              <lines>
                <line number="90" hits="0" branch="false" />
                <line number="91" hits="0" branch="false" />
              </lines>
            </method>
            <method name="get_Unosi" signature="()" line-rate="0" branch-rate="1" complexity="1">
              <lines>
                <line number="100" hits="0" branch="false" />
                <line number="101" hits="0" branch="false" />
                <line number="102" hits="0" branch="false" />
                <line number="103" hits="0" branch="false" />
                <line number="104" hits="0" branch="false" />
                <line number="105" hits="0" branch="false" />
                <line number="106" hits="0" branch="false" />
              </lines>
            </method>
            <method name="TestIspravnaSifra" signature="(...)" line-rate="0" branch-rate="1" complexity="1">
              <lines>
                <line number="114" hits="0" branch="false" />
                <line number="115" hits="0" branch="false" />
                <line number="116" hits="0" branch="false" />
                <line number="118" hits="0" branch="false" />
              </lines>
            </method>
            <method name="get_GlasaciCSV" signature="()" line-rate="0" branch-rate="1" complexity="1">
              <lines>
                <line number="129" hits="0" branch="false" />
              </lines>
            </method>
            <method name="TestIspravanGlasacIdGlasao" signature="(...)" line-rate="0" branch-rate="1" complexity="1">
              <lines>
                <line number="152" hits="0" branch="false" />
                <line number="153" hits="0" branch="false" />
                <line number="154" hits="0" branch="false" />
                <line number="155" hits="0" branch="false" />
                <line number="156" hits="0" branch="false" />
                <line number="157" hits="0" branch="false" />
                <line number="158" hits="0" branch="false" />
                <line number="160" hits="0" branch="false" />
              </lines>
            </method>
            <method name="TestIspravanGlasacIdNijeGlasao" signature="(...)" line-rate="0" branch-rate="0" complexity="2">
              <lines>
                <line number="166" hits="0" branch="true" condition-coverage="0% (0/2)" />
                <line number="168" hits="0" branch="false" />
                <line number="170" hits="0" branch="false" />
                <line number="171" hits="0" branch="false" />
                <line number="172" hits="0" branch="false" />
                <line number="173" hits="0" branch="false" />
                <line number="174" hits="0" branch="false" />
                <line number="175" hits="0" branch="false" />
                <line number="177" hits="0" branch="false" />
              </lines>
            </method>
            <method name="UcitajPodatkeCSV" signature="()" line-rate="0" branch-rate="0" complexity="4">
              <lines>
                <line number="135" hits="0" branch="false" />
                <line number="136" hits="0" branch="false" />
                <line number="138" hits="0" branch="false" />
                <line number="139" hits="0" branch="true" condition-coverage="0% (0/2)" />
                <line number="141" hits="0" branch="true" condition-coverage="0% (0/2)" />
                <line number="142" hits="0" branch="false" />
                <line number="143" hits="0" branch="false" />
                <line number="145" hits="0" branch="false" />
                <line number="146" hits="0" branch="false" />
              </lines>
            </method>
          </methods>
          <lines>
            <line number="23" hits="0" branch="false" />
            <line number="24" hits="0" branch="false" />
            <line number="30" hits="0" branch="false" />
            <line number="31" hits="0" branch="false" />
            <line number="32" hits="0" branch="false" />
            <line number="33" hits="0" branch="false" />
            <line number="34" hits="0" branch="false" />
            <line number="35" hits="0" branch="false" />
            <line number="36" hits="0" branch="false" />
            <line number="37" hits="0" branch="false" />
            <line number="38" hits="0" branch="false" />
            <line number="39" hits="0" branch="false" />
            <line number="40" hits="0" branch="false" />
            <line number="41" hits="0" branch="false" />
            <line number="42" hits="0" branch="false" />
            <line number="43" hits="0" branch="false" />
            <line number="44" hits="0" branch="false" />
            <line number="45" hits="0" branch="false" />
            <line number="46" hits="0" branch="false" />
            <line number="47" hits="0" branch="false" />
            <line number="48" hits="0" branch="false" />
            <line number="49" hits="0" branch="false" />
            <line number="50" hits="0" branch="false" />
            <line number="51" hits="0" branch="false" />
            <line number="52" hits="0" branch="false" />
            <line number="53" hits="0" branch="false" />
            <line number="54" hits="0" branch="false" />
            <line number="55" hits="0" branch="false" />
            <line number="56" hits="0" branch="false" />
            <line number="57" hits="0" branch="false" />
            <line number="58" hits="0" branch="false" />
            <line number="59" hits="0" branch="false" />
            <line number="60" hits="0" branch="false" />
            <line number="61" hits="0" branch="false" />
            <line number="62" hits="0" branch="false" />
            <line number="63" hits="0" branch="false" />
            <line number="64" hits="0" branch="false" />
            <line number="65" hits="0" branch="false" />
            <line number="66" hits="0" branch="false" />
            <line number="67" hits="0" branch="false" />
            <line number="68" hits="0" branch="false" />
            <line number="69" hits="0" branch="false" />
            <line number="70" hits="0" branch="false" />
            <line number="71" hits="0" branch="false" />
            <line number="72" hits="0" branch="false" />
            <line number="73" hits="0" branch="false" />
            <line number="74" hits="0" branch="false" />
            <line number="75" hits="0" branch="false" />
            <line number="76" hits="0" branch="false" />
            <line number="77" hits="0" branch="false" />
            <line number="78" hits="0" branch="false" />
            <line number="79" hits="0" branch="false" />
            <line number="80" hits="0" branch="false" />
            <line number="81" hits="0" branch="false" />
            <line number="82" hits="0" branch="false" />
            <line number="83" hits="0" branch="false" />
            <line number="84" hits="0" branch="false" />
            <line number="85" hits="0" branch="false" />
            <line number="90" hits="0" branch="false" />
            <line number="91" hits="0" branch="false" />
            <line number="100" hits="0" branch="false" />
            <line number="101" hits="0" branch="false" />
            <line number="102" hits="0" branch="false" />
            <line number="103" hits="0" branch="false" />
            <line number="104" hits="0" branch="false" />
            <line number="105" hits="0" branch="false" />
            <line number="106" hits="0" branch="false" />
            <line number="114" hits="0" branch="false" />
            <line number="115" hits="0" branch="false" />
            <line number="116" hits="0" branch="false" />
            <line number="118" hits="0" branch="false" />
            <line number="129" hits="0" branch="false" />
            <line number="135" hits="0" branch="false" />
            <line number="136" hits="0" branch="false" />
            <line number="138" hits="0" branch="false" />
            <line number="139" hits="0" branch="true" condition-coverage="0% (0/2)" />
            <line number="141" hits="0" branch="true" condition-coverage="0% (0/2)" />
            <line number="142" hits="0" branch="false" />
            <line number="143" hits="0" branch="false" />
            <line number="145" hits="0" branch="false" />
            <line number="146" hits="0" branch="false" />
            <line number="152" hits="0" branch="false" />
            <line number="153" hits="0" branch="false" />
            <line number="154" hits="0" branch="false" />
            <line number="155" hits="0" branch="false" />
            <line number="156" hits="0" branch="false" />
            <line number="157" hits="0" branch="false" />
            <line number="158" hits="0" branch="false" />
            <line number="160" hits="0" branch="false" />
            <line number="166" hits="0" branch="true" condition-coverage="0% (0/2)" />
            <line number="168" hits="0" branch="false" />
            <line number="170" hits="0" branch="false" />
            <line number="171" hits="0" branch="false" />
            <line number="172" hits="0" branch="false" />
            <line number="173" hits="0" branch="false" />
            <line number="174" hits="0" branch="false" />
            <line number="175" hits="0" branch="false" />
            <line number="177" hits="0" branch="false" />
          </lines>
        </class>
      </classes>
    </package>
    <package name="Zadaca1" line-rate="0.424698795180723" branch-rate="0.63030303030303" complexity="393">
      <classes>
        <class name="Glasac" filename="C:\Users\ASUS\Source\Repos\VVS-Projekat\Zadaca1\Zadaca1\Glasac.cs" line-rate="0.83495145631068" branch-rate="0.869047619047619" complexity="103">
          <methods>
            <method name="VjerodostojnostGlasaca" signature="(...)" line-rate="1" branch-rate="1" complexity="2">
              <lines>
                <line number="26" hits="2" branch="true" condition-coverage="100% (2/2)" />
                <line number="27" hits="1" branch="false" />
                <line number="28" hits="1" branch="false" />
              </lines>
            </method>
            <method name="generisi_id" signature="()" line-rate="0.888888888888889" branch-rate="0.5" complexity="20">
              <lines>
                <line number="50" hits="6" branch="true" condition-coverage="50% (5/10)" />
                <line number="51" hits="6" branch="false" />
                <line number="52" hits="0" branch="false" />
                <line number="54" hits="6" branch="true" condition-coverage="50% (5/10)" />
                <line number="55" hits="6" branch="false" />
                <line number="56" hits="6" branch="false" />
                <line number="57" hits="6" branch="false" />
                <line number="58" hits="6" branch="false" />
                <line number="59" hits="6" branch="false" />
              </lines>
            </method>
            <method name="Glasaj" signature="(...)" line-rate="1" branch-rate="0.5" complexity="2">
              <lines>
[...]
                <line number="299" hits="0" branch="false" />
                <line number="302" hits="0" branch="false" />
              </lines>
            </method>
            <method name="IspisNezavisnihKandidata" signature="(...)" line-rate="0" branch-rate="0" complexity="2">
              <lines>
                <line number="308" hits="0" branch="false" />
                <line number="310" hits="0" branch="false" />
                <line number="311" hits="0" branch="false" />
                <line number="312" hits="0" branch="true" condition-coverage="0% (0/2)" />
                <line number="314" hits="0" branch="false" />
                <line number="315" hits="0" branch="false" />
                <line number="317" hits="0" branch="false" />
              </lines>
            </method>
            <method name="IspisKandidataIStranaka" signature="(...)" line-rate="0" branch-rate="0" complexity="2">
              <lines>
                <line number="321" hits="0" branch="false" />
                <line number="323" hits="0" branch="false" />
                <line number="324" hits="0" branch="false" />
                <line number="325" hits="0" branch="true" condition-coverage="0% (0/2)" />
                <line number="327" hits="0" branch="false" />
                <line number="328" hits="0" branch="false" />
                <line number="329" hits="0" branch="false" />
                <line number="330" hits="0" branch="false" />
                <line number="331" hits="0" branch="false" />
                <line number="335" hits="0" branch="false" />
              </lines>
            </method>
            <method name="IspisKandidata" signature="(...)" line-rate="0" branch-rate="0" complexity="2">
              <lines>
                <line number="339" hits="0" branch="false" />
                <line number="340" hits="0" branch="false" />
                <line number="341" hits="0" branch="true" condition-coverage="0% (0/2)" />
                <line number="343" hits="0" branch="false" />
                <line number="344" hits="0" branch="false" />
                <line number="346" hits="0" branch="false" />
              </lines>
            </method>
            <method name="TestniNezavisniKandidati" signature="()" line-rate="0" branch-rate="1" complexity="1">
              <lines>
                <line number="352" hits="0" branch="false" />
                <line number="353" hits="0" branch="false" />
                <line number="354" hits="0" branch="false" />
                <line number="355" hits="0" branch="false" />
                <line number="356" hits="0" branch="false" />
                <line number="357" hits="0" branch="false" />
                <line number="358" hits="0" branch="false" />
                <line number="360" hits="0" branch="false" />
              </lines>
            </method>
            <method name="TestneStranke" signature="()" line-rate="0" branch-rate="1" complexity="1">
              <lines>
                <line number="364" hits="0" branch="false" />
                <line number="365" hits="0" branch="false" />
                <line number="366" hits="0" branch="false" />
                <line number="367" hits="0" branch="false" />
                <line number="368" hits="0" branch="false" />
                <line number="369" hits="0" branch="false" />
                <line number="370" hits="0" branch="false" />
                <line number="371" hits="0" branch="false" />
                <line number="372" hits="0" branch="false" />
                <line number="373" hits="0" branch="false" />
                <line number="374" hits="0" branch="false" />
                <line number="375" hits="0" branch="false" />
                <line number="376" hits="0" branch="false" />
                <line number="377" hits="0" branch="false" />
                <line number="378" hits="0" branch="false" />
                <line number="379" hits="0" branch="false" />
                <line number="380" hits="0" branch="false" />
                <line number="381" hits="0" branch="false" />
                <line number="382" hits="0" branch="false" />
                <line number="383" hits="0" branch="false" />
                <line number="384" hits="0" branch="false" />
                <line number="385" hits="0" branch="false" />
                <line number="386" hits="0" branch="false" />
                <line number="387" hits="0" branch="false" />
                <line number="388" hits="0" branch="false" />
                <line number="389" hits="0" branch="false" />
                <line number="390" hits="0" branch="false" />
                <line number="391" hits="0" branch="false" />
                <line number="392" hits="0" branch="false" />
                <line number="393" hits="0" branch="false" />
                <line number="394" hits="0" branch="false" />
                <line number="395" hits="0" branch="false" />
                <line number="396" hits="0" branch="false" />
                <line number="397" hits="0" branch="false" />
                <line number="398" hits="0" branch="false" />
                <line number="399" hits="0" branch="false" />
                <line number="400" hits="0" branch="false" />
                <line number="401" hits="0" branch="false" />
                <line number="402" hits="0" branch="false" />
                <line number="404" hits="0" branch="false" />
              </lines>
            </method>
            <method name="TestniGlasaci" signature="()" line-rate="0" branch-rate="1" complexity="1">
              <lines>
                <line number="408" hits="0" branch="false" />
                <line number="409" hits="0" branch="false" />
                <line number="410" hits="0" branch="false" />
                <line number="411" hits="0" branch="false" />
                <line number="412" hits="0" branch="false" />
                <line number="413" hits="0" branch="false" />
                <line number="414" hits="0" branch="false" />
                <line number="415" hits="0" branch="false" />
                <line number="416" hits="0" branch="false" />
                <line number="417" hits="0" branch="false" />
              </lines>
            </method>
          </methods>
          <lines>
            <line number="15" hits="0" branch="false" />
            <line number="18" hits="0" branch="false" />
            <line number="19" hits="0" branch="false" />
            <line number="20" hits="0" branch="false" />
            <line number="23" hits="0" branch="false" />
            <line number="24" hits="0" branch="false" />
            <line number="25" hits="0" branch="false" />
            <line number="26" hits="0" branch="false" />
            <line number="27" hits="0" branch="false" />
            <line number="28" hits="0" branch="false" />
            <line number="29" hits="0" branch="false" />
            <line number="30" hits="0" branch="false" />
            <line number="31" hits="0" branch="false" />
            <line number="32" hits="0" branch="false" />
            <line number="33" hits="0" branch="false" />
            <line number="35" hits="0" branch="false" />
            <line number="37" hits="0" branch="false" />
            <line number="39" hits="0" branch="true" condition-coverage="0% (0/2)" />
            <line number="41" hits="0" branch="false" />
            <line number="42" hits="0" branch="false" />
            <line number="47" hits="0" branch="false" />
            <line number="48" hits="0" branch="false" />
            <line number="52" hits="0" branch="false" />
            <line number="53" hits="0" branch="false" />
            <line number="54" hits="0" branch="false" />
            <line number="58" hits="0" branch="false" />
            <line number="63" hits="0" branch="false" />
            <line number="64" hits="0" branch="false" />
            <line number="68" hits="0" branch="false" />
            <line number="69" hits="0" branch="false" />
            <line number="70" hits="0" branch="false" />
            <line number="74" hits="0" branch="false" />
            <line number="75" hits="0" branch="false" />
            <line number="76" hits="0" branch="false" />
            <line number="78" hits="0" branch="false" />
            <line number="84" hits="0" branch="false" />
            <line number="85" hits="0" branch="false" />
            <line number="89" hits="0" branch="false" />
            <line number="90" hits="0" branch="false" />
            <line number="91" hits="0" branch="false" />
            <line number="95" hits="0" branch="false" />
            <line number="101" hits="0" branch="false" />
            <line number="102" hits="0" branch="false" />
            <line number="106" hits="0" branch="false" />
            <line number="107" hits="0" branch="false" />
            <line number="108" hits="0" branch="false" />
            <line number="112" hits="0" branch="false" />
            <line number="118" hits="0" branch="false" />
            <line number="119" hits="0" branch="false" />
            <line number="123" hits="0" branch="false" />
            <line number="124" hits="0" branch="false" />
            <line number="125" hits="0" branch="false" />
            <line number="130" hits="0" branch="false" />
            <line number="131" hits="0" branch="false" />
            <line number="134" hits="0" branch="false" />
            <line number="135" hits="0" branch="false" />
            <line number="137" hits="0" branch="false" />
            <line number="139" hits="0" branch="false" />
            <line number="140" hits="0" branch="false" />
            <line number="141" hits="0" branch="false" />
            <line number="142" hits="0" branch="false" />
            <line number="144" hits="0" branch="true" condition-coverage="0% (0/2)" />
            <line number="147" hits="0" branch="false" />
            <line number="148" hits="0" branch="false" />
            <line number="152" hits="0" branch="false" />
            <line number="153" hits="0" branch="true" condition-coverage="0% (0/2)" />
            <line number="155" hits="0" branch="false" />
            <line number="156" hits="0" branch="false" />
            <line number="159" hits="0" branch="true" condition-coverage="0% (0/2)" />
            <line number="161" hits="0" branch="false" />
            <line number="162" hits="0" branch="false" />
            <line number="166" hits="0" branch="false" />
            <line number="167" hits="0" branch="false" />
            <line number="168" hits="0" branch="false" />
            <line number="169" hits="0" branch="false" />
            <line number="170" hits="0" branch="false" />
            <line number="173" hits="0" branch="false" />
            <line number="175" hits="0" branch="false" />
            <line number="176" hits="0" branch="true" condition-coverage="0% (0/2)" />
            <line number="178" hits="0" branch="false" />
            <line number="179" hits="0" branch="false" />
            <line number="180" hits="0" branch="false" />
            <line number="181" hits="0" branch="false" />
            <line number="182" hits="0" branch="false" />
            <line number="183" hits="0" branch="false" />
            <line number="187" hits="0" branch="false" />
            <line number="189" hits="0" branch="true" condition-coverage="0% (0/2)" />
            <line number="190" hits="0" branch="false" />
            <line number="193" hits="0" branch="false" />
            <line number="196" hits="0" branch="false" />
            <line number="197" hits="0" branch="false" />
            <line number="198" hits="0" branch="false" />
            <line number="199" hits="0" branch="false" />
            <line number="200" hits="0" branch="false" />
            <line number="201" hits="0" branch="false" />
            <line number="203" hits="0" branch="false" />
            <line number="204" hits="0" branch="false" />
            <line number="206" hits="0" branch="true" condition-coverage="0% (0/4)" />
            <line number="208" hits="0" branch="false" />
            <line number="209" hits="0" branch="false" />
            <line number="213" hits="0" branch="true" condition-coverage="0% (0/2)" />
            <line number="215" hits="0" branch="true" condition-coverage="0% (0/2)" />
            <line number="216" hits="0" branch="false" />
            <line number="217" hits="0" branch="false" />
            <line number="218" hits="0" branch="false" />
            <line number="219" hits="0" branch="false" />
            <line number="228" hits="0" branch="true" condition-coverage="0% (0/2)" />
            <line number="230" hits="0" branch="false" />
            <line number="232" hits="0" branch="true" condition-coverage="0% (0/2)" />
            <line number="234" hits="0" branch="false" />
            <line number="236" hits="0" branch="true" condition-coverage="0% (0/2)" />
            <line number="238" hits="0" branch="true" condition-coverage="0% (0/2)" />
            <line number="240" hits="0" branch="false" />
            <line number="244" hits="0" branch="false" />
            <line number="245" hits="0" branch="false" />
            <line number="248" hits="0" branch="true" condition-coverage="0% (0/2)" />
            <line number="250" hits="0" branch="false" />
            <line number="253" hits="0" branch="true" condition-coverage="0% (0/2)" />
            <line number="257" hits="0" branch="false" />
            <line number="258" hits="0" branch="false" />
            <line number="259" hits="0" branch="false" />
            <line number="262" hits="0" branch="false" />
            <line number="263" hits="0" branch="false" />
            <line number="264" hits="0" branch="false" />
            <line number="269" hits="0" branch="true" condition-coverage="0% (0/2)" />
            <line number="273" hits="0" branch="false" />
            <line number="274" hits="0" branch="false" />
            <line number="275" hits="0" branch="false" />
            <line number="276" hits="0" branch="false" />
            <line number="277" hits="0" branch="false" />
            <line number="278" hits="0" branch="false" />
            <line number="279" hits="0" branch="false" />
            <line number="280" hits="0" branch="false" />
            <line number="281" hits="0" branch="false" />
            <line number="282" hits="0" branch="false" />
            <line number="283" hits="0" branch="false" />
            <line number="286" hits="0" branch="false" />
            <line number="294" hits="0" branch="false" />
            <line number="295" hits="0" branch="false" />
            <line number="296" hits="0" branch="true" condition-coverage="0% (0/2)" />
            <line number="298" hits="0" branch="false" />
            <line number="299" hits="0" branch="false" />
            <line number="302" hits="0" branch="false" />
            <line number="308" hits="0" branch="false" />
            <line number="310" hits="0" branch="false" />
            <line number="311" hits="0" branch="false" />
            <line number="312" hits="0" branch="true" condition-coverage="0% (0/2)" />
            <line number="314" hits="0" branch="false" />
            <line number="315" hits="0" branch="false" />
            <line number="317" hits="0" branch="false" />
            <line number="321" hits="0" branch="false" />
            <line number="323" hits="0" branch="false" />
            <line number="324" hits="0" branch="false" />
            <line number="325" hits="0" branch="true" condition-coverage="0% (0/2)" />
            <line number="327" hits="0" branch="false" />
            <line number="328" hits="0" branch="false" />
            <line number="329" hits="0" branch="false" />
            <line number="330" hits="0" branch="false" />
            <line number="331" hits="0" branch="false" />
            <line number="335" hits="0" branch="false" />
            <line number="339" hits="0" branch="false" />
            <line number="340" hits="0" branch="false" />
            <line number="341" hits="0" branch="true" condition-coverage="0% (0/2)" />
            <line number="343" hits="0" branch="false" />
            <line number="344" hits="0" branch="false" />
            <line number="346" hits="0" branch="false" />
            <line number="352" hits="0" branch="false" />
            <line number="353" hits="0" branch="false" />
            <line number="354" hits="0" branch="false" />
            <line number="355" hits="0" branch="false" />
            <line number="356" hits="0" branch="false" />
            <line number="357" hits="0" branch="false" />
            <line number="358" hits="0" branch="false" />
            <line number="360" hits="0" branch="false" />
            <line number="364" hits="0" branch="false" />
            <line number="365" hits="0" branch="false" />
            <line number="366" hits="0" branch="false" />
            <line number="367" hits="0" branch="false" />
            <line number="368" hits="0" branch="false" />
            <line number="369" hits="0" branch="false" />
            <line number="370" hits="0" branch="false" />
            <line number="371" hits="0" branch="false" />
            <line number="372" hits="0" branch="false" />
            <line number="373" hits="0" branch="false" />
            <line number="374" hits="0" branch="false" />
            <line number="375" hits="0" branch="false" />
            <line number="376" hits="0" branch="false" />
            <line number="377" hits="0" branch="false" />
            <line number="378" hits="0" branch="false" />
            <line number="379" hits="0" branch="false" />
            <line number="380" hits="0" branch="false" />
            <line number="381" hits="0" branch="false" />
            <line number="382" hits="0" branch="false" />
            <line number="383" hits="0" branch="false" />
            <line number="384" hits="0" branch="false" />
            <line number="385" hits="0" branch="false" />
            <line number="386" hits="0" branch="false" />
            <line number="387" hits="0" branch="false" />
            <line number="388" hits="0" branch="false" />
            <line number="389" hits="0" branch="false" />
            <line number="390" hits="0" branch="false" />
            <line number="391" hits="0" branch="false" />
            <line number="392" hits="0" branch="false" />
            <line number="393" hits="0" branch="false" />
            <line number="394" hits="0" branch="false" />
            <line number="395" hits="0" branch="false" />
            <line number="396" hits="0" branch="false" />
            <line number="397" hits="0" branch="false" />
            <line number="398" hits="0" branch="false" />
            <line number="399" hits="0" branch="false" />
            <line number="400" hits="0" branch="false" />
            <line number="401" hits="0" branch="false" />
            <line number="402" hits="0" branch="false" />
            <line number="404" hits="0" branch="false" />
            <line number="408" hits="0" branch="false" />
            <line number="409" hits="0" branch="false" />
            <line number="410" hits="0" branch="false" />
            <line number="411" hits="0" branch="false" />
            <line number="412" hits="0" branch="false" />
            <line number="413" hits="0" branch="false" />
            <line number="414" hits="0" branch="false" />
            <line number="415" hits="0" branch="false" />
            <line number="416" hits="0" branch="false" />
            <line number="417" hits="0" branch="false" />
          </lines>
        </class>
      </classes>
    </package>
  </packages>
</coverage>