<?xml version="1.0" encoding="utf-8"?>
<coverage line-rate="0.39149999999999996" branch-rate="0.40950000000000003" version="1.9" timestamp="1670177202" lines-covered="249" lines-valid="636" branches-covered="77" branches-valid="188">
  <sources>
    <source>C:\Users\PC\</source>
  </sources>
  <packages>
    <package name="TestProject" line-rate="0.9931" branch-rate="1" complexity="21">
      <classes>
        <class name="AutoGeneratedProgram" filename=".nuget\packages\microsoft.net.test.sdk\16.11.0\build\netcoreapp2.1\Microsoft.NET.Test.Sdk.Program.cs" line-rate="0" branch-rate="1" complexity="1">
          <methods>
            <method name="Main" signature="(System.String[])" line-rate="0" branch-rate="1" complexity="1">
              <lines>
                <line number="4" hits="0" branch="False" />
              </lines>
            </method>
          </methods>
          <lines>
            <line number="4" hits="0" branch="False" />
          </lines>
        </class>
        <class name="TestProject.UnitTest1" filename="Source\Repos\VVS-Projekat2\Zadaca1\TestProject\UnitTest1.cs" line-rate="1" branch-rate="1" complexity="19">
          <methods>
            <method name="PraznoINullImeTest" signature="()" line-rate="1" branch-rate="1" complexity="1">
              <lines>
                <line number="12" hits="1" branch="False" />
                <line number="13" hits="2" branch="False" />
                <line number="14" hits="1" branch="False" />
                <line number="15" hits="2" branch="False" />
                <line number="16" hits="1" branch="False" />
                <line number="17" hits="1" branch="False" />
              </lines>
            </method>
            <method name="NevalidnaDuzinaImenaTest" signature="()" line-rate="1" branch-rate="1" complexity="1">
              <lines>
                <line number="21" hits="1" branch="False" />
                <line number="22" hits="2" branch="False" />
                <line number="23" hits="2" branch="False" />
                <line number="24" hits="1" branch="False" />
                <line number="25" hits="1" branch="False" />
                <line number="26" hits="1" branch="False" />
              </lines>
            </method>
            <method name="NevalidniKarakteriUImenu" signature="()" line-rate="1" branch-rate="1" complexity="1">
              <lines>
                <line number="30" hits="1" branch="False" />
                <line number="31" hits="2" branch="False" />
                <line number="32" hits="2" branch="False" />
                <line number="33" hits="2" branch="False" />
                <line number="34" hits="2" branch="False" />
                <line number="35" hits="2" branch="False" />
                <line number="36" hits="2" branch="False" />
                <line number="37" hits="2" branch="False" />
                <line number="38" hits="1" branch="False" />
              </lines>
            </method>
            <method name="ValidniKarakteriUImenu" signature="()" line-rate="1" branch-rate="1" complexity="1">
              <lines>
                <line number="43" hits="1" branch="False" />
                <line number="44" hits="1" branch="False" />
                <line number="45" hits="1" branch="False" />
                <line number="46" hits="1" branch="False" />
                <line number="47" hits="1" branch="False" />
                <line number="48" hits="1" branch="False" />
                <line number="49" hits="1" branch="False" />
                <line number="50" hits="1" branch="False" />
                <line number="52" hits="1" branch="False" />
              </lines>
            </method>
            <method name="PraznoINullPrezimeTest" signature="()" line-rate="1" branch-rate="1" complexity="1">
              <lines>
                <line number="56" hits="1" branch="False" />
                <line number="57" hits="2" branch="False" />
                <line number="58" hits="1" branch="False" />
                <line number="59" hits="2" branch="False" />
                <line number="60" hits="1" branch="False" />
                <line number="61" hits="1" branch="False" />
              </lines>
            </method>
            <method name="NevalidnaDuzinaPrezimenaTest" signature="()" line-rate="1" branch-rate="1" complexity="1">
              <lines>
                <line number="65" hits="1" branch="False" />
                <line number="66" hits="2" branch="False" />
                <line number="67" hits="2" branch="False" />
                <line number="68" hits="2" branch="False" />
                <line number="69" hits="1" branch="False" />
                <line number="70" hits="1" branch="False" />
                <line number="71" hits="1" branch="False" />
              </lines>
            </method>
            <method name="NevalidniKarakteriUPrezimenu" signature="()" line-rate="1" branch-rate="1" complexity="1">
              <lines>
                <line number="75" hits="1" branch="False" />
                <line number="76" hits="2" branch="False" />
                <line number="77" hits="2" branch="False" />
                <line number="78" hits="2" branch="False" />
                <line number="79" hits="2" branch="False" />
                <line number="80" hits="2" branch="False" />
                <line number="81" hits="2" branch="False" />
                <line number="82" hits="2" branch="False" />
                <line number="83" hits="2" branch="False" />
                <line number="84" hits="1" branch="False" />
              </lines>
            </method>
            <method name="ValidniKarakteriUPrezimenu" signature="()" line-rate="1" branch-rate="1" complexity="1">
              <lines>
                <line number="89" hits="1" branch="False" />
                <line number="90" hits="1" branch="False" />
                <line number="91" hits="1" branch="False" />
                <line number="92" hits="1" branch="False" />
                <line number="93" hits="1" branch="False" />
                <line number="94" hits="1" branch="False" />
                <line number="95" hits="1" branch="False" />
                <line number="96" hits="1" branch="False" />
                <line number="97" hits="1" branch="False" />
              </lines>
            </method>
            <method name="NijePunoljetanGlasacTest" signature="()" line-rate="1" branch-rate="1" complexity="1">
              <lines>
                <line number="104" hits="1" branch="False" />
                <line number="105" hits="1" branch="False" />
                <line number="108" hits="1" branch="False" />
                <line number="109" hits="1" branch="False" />
              </lines>
            </method>
            <method name="DatumUBuducnostiTest" signature="()" line-rate="1" branch-rate="1" complexity="1">
              <lines>
                <line number="117" hits="1" branch="False" />
                <line number="118" hits="1" branch="False" />
                <line number="121" hits="1" branch="False" />
                <line number="122" hits="1" branch="False" />
              </lines>
            </method>
            <method name="IspravanDatumTest" signature="()" line-rate="1" branch-rate="1" complexity="1">
              <lines>
                <line number="127" hits="1" branch="False" />
                <line number="128" hits="1" branch="False" />
                <line number="129" hits="1" branch="False" />
                <line number="130" hits="1" branch="False" />
                <line number="131" hits="1" branch="False" />
              </lines>
            </method>
            <method name="NevalidnaDuzinaLicneKarteTest" signature="()" line-rate="1" branch-rate="1" complexity="1">
              <lines>
                <line number="135" hits="1" branch="False" />
                <line number="136" hits="2" branch="False" />
                <line number="137" hits="2" branch="False" />
                <line number="138" hits="1" branch="False" />
              </lines>
            </method>
            <method name="NevalidniFormatLicneKarteTest" signature="()" line-rate="1" branch-rate="1" complexity="1">
              <lines>
                <line number="142" hits="1" branch="False" />
                <line number="143" hits="2" branch="False" />
                <line number="144" hits="2" branch="False" />
                <line number="145" hits="2" branch="False" />
                <line number="146" hits="2" branch="False" />
                <line number="147" hits="2" branch="False" />
                <line number="148" hits="2" branch="False" />
                <line number="149" hits="2" branch="False" />
                <line number="150" hits="1" branch="False" />
              </lines>
            </method>
            <method name="ValidniFormatLicneKarteTest" signature="()" line-rate="1" branch-rate="1" complexity="1">
              <lines>
                <line number="154" hits="1" branch="False" />
                <line number="155" hits="1" branch="False" />
                <line number="156" hits="1" branch="False" />
                <line number="157" hits="1" branch="False" />
                <line number="158" hits="1" branch="False" />
              </lines>
            </method>
            <method name="NevalidnaDuzinaMaticnogBrojaTest" signature="()" line-rate="1" branch-rate="1" complexity="1">
              <lines>
                <line number="162" hits="1" branch="False" />
                <line number="163" hits="2" branch="False" />
                <line number="164" hits="2" branch="False" />
                <line number="165" hits="2" branch="False" />
                <line number="166" hits="1" branch="False" />
              </lines>
            </method>
            <method name="NevalidanFormatMaticnogBroja" signature="()" line-rate="1" branch-rate="1" complexity="1">
              <lines>
                <line number="170" hits="1" branch="False" />
                <line number="171" hits="2" branch="False" />
                <line number="172" hits="1" branch="False" />
                <line number="173" hits="2" branch="False" />
                <line number="174" hits="1" branch="False" />
                <line number="175" hits="2" branch="False" />
                <line number="176" hits="2" branch="False" />
                <line number="177" hits="2" branch="False" />
                <line number="178" hits="1" branch="False" />
              </lines>
            </method>
            <method name="ValidniMaticniBrojevi" signature="()" line-rate="1" branch-rate="1" complexity="1">
              <lines>
                <line number="182" hits="1" branch="False" />
                <line number="183" hits="1" branch="False" />
                <line number="184" hits="1" branch="False" />
                <line number="185" hits="1" branch="False" />
                <line number="186" hits="1" branch="False" />
                <line number="187" hits="1" branch="False" />
                <line number="188" hits="1" branch="False" />
              </lines>
            </method>
            <method name="NevalidnaAdresa" signature="()" line-rate="1" branch-rate="1" complexity="1">
              <lines>
                <line number="192" hits="1" branch="False" />
                <line number="193" hits="2" branch="False" />
                <line number="194" hits="2" branch="False" />
                <line number="195" hits="2" branch="False" />
                <line number="196" hits="1" branch="False" />
                <line number="197" hits="1" branch="False" />
                <line number="198" hits="1" branch="False" />
                <line number="199" hits="1" branch="False" />
                <line number="200" hits="1" branch="False" />
                <line number="201" hits="1" branch="False" />
              </lines>
            </method>
            <method name="IdTest" signature="()" line-rate="1" branch-rate="1" complexity="1">
              <lines>
                <line number="205" hits="1" branch="False" />
                <line number="206" hits="2" branch="False" />
                <line number="207" hits="2" branch="False" />
                <line number="208" hits="2" branch="False" />
                <line number="209" hits="2" branch="False" />
                <line number="210" hits="2" branch="False" />
                <line number="211" hits="2" branch="False" />
                <line number="212" hits="1" branch="False" />
                <line number="213" hits="1" branch="False" />
                <line number="214" hits="1" branch="False" />
              </lines>
            </method>
          </methods>
          <lines>
            <line number="12" hits="1" branch="False" />
            <line number="13" hits="2" branch="False" />
            <line number="14" hits="1" branch="False" />
            <line number="15" hits="2" branch="False" />
            <line number="16" hits="1" branch="False" />
            <line number="17" hits="1" branch="False" />
            <line number="21" hits="1" branch="False" />
            <line number="22" hits="2" branch="False" />
            <line number="23" hits="2" branch="False" />
            <line number="24" hits="1" branch="False" />
            <line number="25" hits="1" branch="False" />
            <line number="26" hits="1" branch="False" />
            <line number="30" hits="1" branch="False" />
            <line number="31" hits="2" branch="False" />
            <line number="32" hits="2" branch="False" />
            <line number="33" hits="2" branch="False" />
            <line number="34" hits="2" branch="False" />
            <line number="35" hits="2" branch="False" />
            <line number="36" hits="2" branch="False" />
            <line number="37" hits="2" branch="False" />
            <line number="38" hits="1" branch="False" />
            <line number="43" hits="1" branch="False" />
            <line number="44" hits="1" branch="False" />
            <line number="45" hits="1" branch="False" />
            <line number="46" hits="1" branch="False" />
            <line number="47" hits="1" branch="False" />
            <line number="48" hits="1" branch="False" />
            <line number="49" hits="1" branch="False" />
            <line number="50" hits="1" branch="False" />
            <line number="52" hits="1" branch="False" />
            <line number="56" hits="1" branch="False" />
            <line number="57" hits="2" branch="False" />
            <line number="58" hits="1" branch="False" />
            <line number="59" hits="2" branch="False" />
            <line number="60" hits="1" branch="False" />
            <line number="61" hits="1" branch="False" />
            <line number="65" hits="1" branch="False" />
            <line number="66" hits="2" branch="False" />
            <line number="67" hits="2" branch="False" />
            <line number="68" hits="2" branch="False" />
            <line number="69" hits="1" branch="False" />
            <line number="70" hits="1" branch="False" />
            <line number="71" hits="1" branch="False" />
            <line number="75" hits="1" branch="False" />
            <line number="76" hits="2" branch="False" />
            <line number="77" hits="2" branch="False" />
            <line number="78" hits="2" branch="False" />
            <line number="79" hits="2" branch="False" />
            <line number="80" hits="2" branch="False" />
            <line number="81" hits="2" branch="False" />
            <line number="82" hits="2" branch="False" />
            <line number="83" hits="2" branch="False" />
            <line number="84" hits="1" branch="False" />
            <line number="89" hits="1" branch="False" />
            <line number="90" hits="1" branch="False" />
            <line number="91" hits="1" branch="False" />
            <line number="92" hits="1" branch="False" />
            <line number="93" hits="1" branch="False" />
            <line number="94" hits="1" branch="False" />
            <line number="95" hits="1" branch="False" />
            <line number="96" hits="1" branch="False" />
            <line number="97" hits="1" branch="False" />
            <line number="104" hits="1" branch="False" />
            <line number="105" hits="1" branch="False" />
            <line number="108" hits="1" branch="False" />
            <line number="109" hits="1" branch="False" />
            <line number="117" hits="1" branch="False" />
            <line number="118" hits="1" branch="False" />
            <line number="121" hits="1" branch="False" />
            <line number="122" hits="1" branch="False" />
            <line number="127" hits="1" branch="False" />
            <line number="128" hits="1" branch="False" />
            <line number="129" hits="1" branch="False" />
            <line number="130" hits="1" branch="False" />
            <line number="131" hits="1" branch="False" />
            <line number="135" hits="1" branch="False" />
            <line number="136" hits="2" branch="False" />
            <line number="137" hits="2" branch="False" />
            <line number="138" hits="1" branch="False" />
            <line number="142" hits="1" branch="False" />
            <line number="143" hits="2" branch="False" />
            <line number="144" hits="2" branch="False" />
            <line number="145" hits="2" branch="False" />
            <line number="146" hits="2" branch="False" />
            <line number="147" hits="2" branch="False" />
            <line number="148" hits="2" branch="False" />
            <line number="149" hits="2" branch="False" />
            <line number="150" hits="1" branch="False" />
            <line number="154" hits="1" branch="False" />
            <line number="155" hits="1" branch="False" />
            <line number="156" hits="1" branch="False" />
            <line number="157" hits="1" branch="False" />
            <line number="158" hits="1" branch="False" />
            <line number="162" hits="1" branch="False" />
            <line number="163" hits="2" branch="False" />
            <line number="164" hits="2" branch="False" />
            <line number="165" hits="2" branch="False" />
            <line number="166" hits="1" branch="False" />
            <line number="170" hits="1" branch="False" />
            <line number="171" hits="2" branch="False" />
            <line number="172" hits="1" branch="False" />
            <line number="173" hits="2" branch="False" />
            <line number="174" hits="1" branch="False" />
            <line number="175" hits="2" branch="False" />
            <line number="176" hits="2" branch="False" />
            <line number="177" hits="2" branch="False" />
            <line number="178" hits="1" branch="False" />
            <line number="182" hits="1" branch="False" />
            <line number="183" hits="1" branch="False" />
            <line number="184" hits="1" branch="False" />
            <line number="185" hits="1" branch="False" />
            <line number="186" hits="1" branch="False" />
            <line number="187" hits="1" branch="False" />
            <line number="188" hits="1" branch="False" />
            <line number="192" hits="1" branch="False" />
            <line number="193" hits="2" branch="False" />
            <line number="194" hits="2" branch="False" />
            <line number="195" hits="2" branch="False" />
            <line number="196" hits="1" branch="False" />
            <line number="197" hits="1" branch="False" />
            <line number="198" hits="1" branch="False" />
            <line number="199" hits="1" branch="False" />
            <line number="200" hits="1" branch="False" />
            <line number="201" hits="1" branch="False" />
            <line number="205" hits="1" branch="False" />
            <line number="206" hits="2" branch="False" />
            <line number="207" hits="2" branch="False" />
            <line number="208" hits="2" branch="False" />
            <line number="209" hits="2" branch="False" />
            <line number="210" hits="2" branch="False" />
            <line number="211" hits="2" branch="False" />
            <line number="212" hits="1" branch="False" />
            <line number="213" hits="1" branch="False" />
            <line number="214" hits="1" branch="False" />
          </lines>
        </class>
        <class name="TestProject.UnitTest4" filename="Source\Repos\VVS-Projekat2\Zadaca1\TestProject\UnitTest4.cs" line-rate="1" branch-rate="1" complexity="1">
          <methods>
            <method name="TestPrikazaInformacijaORukovodstvu" signature="()" line-rate="1" branch-rate="1" complexity="1">
              <lines>
                <line number="14" hits="1" branch="False" />
                <line number="15" hits="1" branch="False" />
                <line number="16" hits="1" branch="False" />
                <line number="17" hits="1" branch="False" />
                <line number="18" hits="1" branch="False" />
                <line number="19" hits="1" branch="False" />
                <line number="20" hits="1" branch="False" />
                <line number="21" hits="1" branch="False" />
                <line number="22" hits="1" branch="False" />
                <line number="23" hits="1" branch="False" />
                <line number="24" hits="1" branch="False" />
              </lines>
            </method>
          </methods>
          <lines>
            <line number="14" hits="1" branch="False" />
            <line number="15" hits="1" branch="False" />
            <line number="16" hits="1" branch="False" />
            <line number="17" hits="1" branch="False" />
            <line number="18" hits="1" branch="False" />
            <line number="19" hits="1" branch="False" />
            <line number="20" hits="1" branch="False" />
            <line number="21" hits="1" branch="False" />
            <line number="22" hits="1" branch="False" />
            <line number="23" hits="1" branch="False" />
            <line number="24" hits="1" branch="False" />
          </lines>
        </class>
      </classes>
    </package>
    <package name="Zadaca1" line-rate="0.2122" branch-rate="0.40950000000000003" complexity="237">
      <classes>
        <class name="Glasac" filename="Source\Repos\VVS-Projekat2\Zadaca1\Zadaca1\Glasac.cs" line-rate="0.8704999999999999" branch-rate="0.8536" complexity="95">
          <methods>
            <method name="generisi_id" signature="()" line-rate="0.8887999999999999" branch-rate="0.5" complexity="20">
              <lines>
                <line number="33" hits="2" branch="True" condition-coverage="50% (5/10)">
                  <conditions>
                    <condition number="11" type="jump" coverage="50%" />
                    <condition number="24" type="jump" coverage="50%" />
                    <condition number="37" type="jump" coverage="50%" />
                    <condition number="50" type="jump" coverage="50%" />
                    <condition number="63" type="jump" coverage="50%" />
                  </conditions>
                </line>
                <line number="34" hits="2" branch="False" />
                <line number="35" hits="0" branch="False" />
                <line number="37" hits="2" branch="True" condition-coverage="50% (5/10)">
                  <conditions>
                    <condition number="96" type="jump" coverage="50%" />
                    <condition number="134" type="jump" coverage="50%" />
                    <condition number="172" type="jump" coverage="50%" />
                    <condition number="236" type="jump" coverage="50%" />
                    <condition number="274" type="jump" coverage="50%" />
                  </conditions>
                </line>
                <line number="38" hits="2" branch="False" />
                <line number="39" hits="2" branch="False" />
                <line number="40" hits="2" branch="False" />
                <line number="41" hits="2" branch="False" />
                <line number="42" hits="2" branch="False" />
              </lines>
            </method>
            <method name="Glasaj" signature="()" line-rate="0" branch-rate="0" complexity="2">
              <lines>
                <line number="46" hits="0" branch="True" condition-coverage="0% (0/2)">
                  <conditions>
                    <condition number="6" type="jump" coverage="0%" />
                  </conditions>
                </line>
                <line number="47" hits="0" branch="False" />
                <line number="48" hits="0" branch="False" />
              </lines>
            </method>
            <method name="PrikaziGlasaca" signature="()" line-rate="0" branch-rate="1" complexity="1">
              <lines>
                <line number="51" hits="0" branch="False" />
                <line number="58" hits="0" branch="False" />
              </lines>
            </method>
            <method name="get_Glasao" signature="()" line-rate="0" branch-rate="1" complexity="1">
              <lines>
                <line number="64" hits="0" branch="False" />
              </lines>
            </method>
            <method name="set_Glasao" signature="(System.Boolean)" line-rate="0" branch-rate="1" complexity="1">
              <lines>
                <line number="69" hits="0" branch="False" />
                <line number="70" hits="0" branch="False" />
              </lines>
            </method>
            <method name="get_Ime" signature="()" line-rate="1" branch-rate="1" complexity="1">
              <lines>
                <line number="77" hits="1" branch="False" />
              </lines>
            </method>
            <method name="set_Ime" signature="(System.String)" line-rate="1" branch-rate="1" complexity="8">
              <lines>
                <line number="82" hits="21" branch="True" condition-coverage="100% (2/2)">
                  <conditions>
                    <condition number="6" type="jump" coverage="100%" />
                  </conditions>
                </line>
                <line number="84" hits="187" branch="False" />
                <line number="85" hits="187" branch="False" />
                <line number="86" hits="17" branch="True" condition-coverage="100% (6/6)">
                  <conditions>
                    <condition number="112" type="jump" coverage="100%" />
                    <condition number="116" type="jump" coverage="100%" />
                    <condition number="121" type="jump" coverage="100%" />
                  </conditions>
                </line>
                <line number="88" hits="8" branch="False" />
                <line number="90" hits="9" branch="False" />
              </lines>
            </method>
            <method name="get_Prezime" signature="()" line-rate="1" branch-rate="1" complexity="1">
              <lines>
                <line number="98" hits="1" branch="False" />
              </lines>
            </method>
            <method name="set_Prezime" signature="(System.String)" line-rate="1" branch-rate="1" complexity="8">
              <lines>
                <line number="102" hits="23" branch="True" condition-coverage="100% (2/2)">
                  <conditions>
                    <condition number="6" type="jump" coverage="100%" />
                  </conditions>
                </line>
                <line number="104" hits="274" branch="False" />
                <line number="105" hits="274" branch="False" />
                <line number="106" hits="27" branch="True" condition-coverage="100% (6/6)">
                  <conditions>
                    <condition number="112" type="jump" coverage="100%" />
                    <condition number="116" type="jump" coverage="100%" />
                    <condition number="121" type="jump" coverage="100%" />
                  </conditions>
                </line>
                <line number="108" hits="11" branch="False" />
              </lines>
            </method>
            <method name="get_DatumRodjenja" signature="()" line-rate="1" branch-rate="1" complexity="1">
              <lines>
                <line number="116" hits="1" branch="False" />
              </lines>
            </method>
            <method name="set_DatumRodjenja" signature="(System.DateTime)" line-rate="1" branch-rate="1" complexity="4">
              <lines>
                <line number="121" hits="11" branch="True" condition-coverage="100% (2/2)">
                  <conditions>
                    <condition number="12" type="jump" coverage="100%" />
                  </conditions>
                </line>
                <line number="122" hits="10" branch="True" condition-coverage="100% (2/2)">
                  <conditions>
                    <condition number="45" type="jump" coverage="100%" />
                  </conditions>
                </line>
                <line number="123" hits="8" branch="False" />
                <line number="125" hits="8" branch="False" />
              </lines>
            </method>
            <method name="get_Adresa" signature="()" line-rate="1" branch-rate="1" complexity="1">
              <lines>
                <line number="132" hits="1" branch="False" />
              </lines>
            </method>
            <method name="set_Adresa" signature="(System.String)" line-rate="1" branch-rate="1" complexity="4">
              <lines>
                <line number="136" hits="6" branch="True" condition-coverage="100% (2/2)">
                  <conditions>
                    <condition number="6" type="jump" coverage="100%" />
                  </conditions>
                </line>
                <line number="137" hits="3" branch="True" condition-coverage="100% (2/2)">
                  <conditions>
                    <condition number="26" type="jump" coverage="100%" />
                  </conditions>
                </line>
                <line number="138" hits="1" branch="False" />
                <line number="139" hits="1" branch="False" />
              </lines>
            </method>
            <method name="get_BrojLicne" signature="()" line-rate="1" branch-rate="1" complexity="1">
              <lines>
                <line number="146" hits="1" branch="False" />
              </lines>
            </method>
            <method name="set_BrojLicne" signature="(System.String)" line-rate="1" branch-rate="1" complexity="12">
              <lines>
                <line number="150" hits="13" branch="False" />
                <line number="151" hits="15" branch="True" condition-coverage="100% (2/2)">
                  <conditions>
                    <condition number="12" type="jump" coverage="100%" />
                  </conditions>
                </line>
                <line number="152" hits="14" branch="True" condition-coverage="100% (4/4)">
                  <conditions>
                    <condition number="32" type="jump" coverage="100%" />
                    <condition number="41" type="jump" coverage="100%" />
                  </conditions>
                </line>
                <line number="153" hits="8" branch="True" condition-coverage="100% (6/6)">
                  <conditions>
                    <condition number="79" type="jump" coverage="100%" />
                    <condition number="106" type="jump" coverage="100%" />
                    <condition number="121" type="jump" coverage="100%" />
                  </conditions>
                </line>
                <line number="154" hits="12" branch="False" />
                <line number="155" hits="4" branch="False" />
              </lines>
            </method>
            <method name="get_Jmbg" signature="()" line-rate="1" branch-rate="1" complexity="1">
              <lines>
                <line number="163" hits="1" branch="False" />
              </lines>
            </method>
            <method name="set_Jmbg" signature="(System.String)" line-rate="1" branch-rate="1" complexity="12">
              <lines>
                <line number="167" hits="13" branch="True" condition-coverage="100% (2/2)">
                  <conditions>
                    <condition number="6" type="jump" coverage="100%" />
                  </conditions>
                </line>
                <line number="168" hits="13" branch="True" condition-coverage="100% (2/2)">
                  <conditions>
                    <condition number="27" type="jump" coverage="100%" />
                  </conditions>
                </line>
                <line number="169" hits="12" branch="True" condition-coverage="100% (2/2)">
                  <conditions>
                    <condition number="58" type="jump" coverage="100%" />
                  </conditions>
                </line>
                <line number="170" hits="6" branch="False" />
                <line number="171" hits="6" branch="False" />
                <line number="172" hits="6" branch="False" />
                <line number="174" hits="6" branch="True" condition-coverage="100% (6/6)">
                  <conditions>
                    <condition number="123" type="jump" coverage="100%" />
                    <condition number="137" type="jump" coverage="100%" />
                    <condition number="170" type="jump" coverage="100%" />
                  </conditions>
                </line>
                <line number="175" hits="10" branch="False" />
                <line number="177" hits="2" branch="False" />
              </lines>
            </method>
            <method name="get_Id" signature="()" line-rate="1" branch-rate="1" complexity="1">
              <lines>
                <line number="185" hits="1" branch="False" />
              </lines>
            </method>
            <method name="set_Id" signature="(System.String)" line-rate="1" branch-rate="1" complexity="12">
              <lines>
                <line number="189" hits="8" branch="True" condition-coverage="100% (2/2)">
                  <conditions>
                    <condition number="26" type="jump" coverage="100%" />
                  </conditions>
                </line>
                <line number="190" hits="1" branch="False" />
                <line number="191" hits="7" branch="True" condition-coverage="100% (2/2)">
                  <conditions>
                    <condition number="65" type="jump" coverage="100%" />
                  </conditions>
                </line>
                <line number="192" hits="1" branch="False" />
                <line number="193" hits="6" branch="True" condition-coverage="100% (2/2)">
                  <conditions>
                    <condition number="104" type="jump" coverage="100%" />
                  </conditions>
                </line>
                <line number="194" hits="1" branch="False" />
                <line number="195" hits="5" branch="True" condition-coverage="100% (2/2)">
                  <conditions>
                    <condition number="153" type="jump" coverage="100%" />
                  </conditions>
                </line>
                <line number="196" hits="1" branch="False" />
                <line number="197" hits="4" branch="True" condition-coverage="100% (2/2)">
                  <conditions>
                    <condition number="192" type="jump" coverage="100%" />
                  </conditions>
                </line>
                <line number="198" hits="1" branch="False" />
                <line number="199" hits="3" branch="True" condition-coverage="100% (2/2)">
                  <conditions>
                    <condition number="232" type="jump" coverage="100%" />
                  </conditions>
                </line>
                <line number="200" hits="1" branch="False" />
                <line number="201" hits="2" branch="False" />
                <line number="202" hits="2" branch="False" />
              </lines>
            </method>
            <method name="System.IComparable.CompareTo" signature="(System.Object)" line-rate="0" branch-rate="1" complexity="1">
              <lines>
                <line number="206" hits="0" branch="False" />
                <line number="207" hits="0" branch="False" />
              </lines>
            </method>
            <method name=".ctor" signature="(System.String,System.String,System.String,System.DateTime,System.String,System.String)" line-rate="1" branch-rate="1" complexity="1">
              <lines>
                <line number="17" hits="2" branch="False" />
                <line number="19" hits="2" branch="False" />
                <line number="20" hits="2" branch="False" />
                <line number="21" hits="2" branch="False" />
                <line number="22" hits="2" branch="False" />
                <line number="23" hits="2" branch="False" />
                <line number="24" hits="2" branch="False" />
                <line number="25" hits="2" branch="False" />
                <line number="26" hits="2" branch="False" />
              </lines>
            </method>
            <method name=".ctor" signature="()" line-rate="1" branch-rate="1" complexity="1">
              <lines>
                <line number="27" hits="22" branch="False" />
                <line number="29" hits="22" branch="False" />
              </lines>
            </method>
          </methods>
          <lines>
            <line number="33" hits="2" branch="True" condition-coverage="50% (5/10)">
              <conditions>
                <condition number="11" type="jump" coverage="50%" />
                <condition number="24" type="jump" coverage="50%" />
                <condition number="37" type="jump" coverage="50%" />
                <condition number="50" type="jump" coverage="50%" />
                <condition number="63" type="jump" coverage="50%" />
              </conditions>
            </line>
            <line number="34" hits="2" branch="False" />
            <line number="35" hits="0" branch="False" />
            <line number="37" hits="2" branch="True" condition-coverage="50% (5/10)">
              <conditions>
                <condition number="96" type="jump" coverage="50%" />
                <condition number="134" type="jump" coverage="50%" />
                <condition number="172" type="jump" coverage="50%" />
                <condition number="236" type="jump" coverage="50%" />
                <condition number="274" type="jump" coverage="50%" />
              </conditions>
            </line>
            <line number="38" hits="2" branch="False" />
            <line number="39" hits="2" branch="False" />
            <line number="40" hits="2" branch="False" />
            <line number="41" hits="2" branch="False" />
            <line number="42" hits="2" branch="False" />
            <line number="46" hits="0" branch="True" condition-coverage="0% (0/2)">
              <conditions>
                <condition number="6" type="jump" coverage="0%" />
              </conditions>
            </line>
            <line number="47" hits="0" branch="False" />
            <line number="48" hits="0" branch="False" />
            <line number="51" hits="0" branch="False" />
            <line number="58" hits="0" branch="False" />
            <line number="64" hits="0" branch="False" />
            <line number="69" hits="0" branch="False" />
            <line number="70" hits="0" branch="False" />
            <line number="77" hits="1" branch="False" />
            <line number="82" hits="21" branch="True" condition-coverage="100% (2/2)">
              <conditions>
                <condition number="6" type="jump" coverage="100%" />
              </conditions>
            </line>
            <line number="84" hits="187" branch="False" />
            <line number="85" hits="187" branch="False" />
            <line number="86" hits="17" branch="True" condition-coverage="100% (6/6)">
              <conditions>
                <condition number="112" type="jump" coverage="100%" />
                <condition number="116" type="jump" coverage="100%" />
                <condition number="121" type="jump" coverage="100%" />
              </conditions>
            </line>
            <line number="88" hits="8" branch="False" />
            <line number="90" hits="9" branch="False" />
            <line number="98" hits="1" branch="False" />
            <line number="102" hits="23" branch="True" condition-coverage="100% (2/2)">
              <conditions>
                <condition number="6" type="jump" coverage="100%" />
              </conditions>
            </line>
            <line number="104" hits="274" branch="False" />
            <line number="105" hits="274" branch="False" />
            <line number="106" hits="27" branch="True" condition-coverage="100% (6/6)">
              <conditions>
                <condition number="112" type="jump" coverage="100%" />
                <condition number="116" type="jump" coverage="100%" />
                <condition number="121" type="jump" coverage="100%" />
              </conditions>
            </line>
            <line number="108" hits="11" branch="False" />
            <line number="116" hits="1" branch="False" />
            <line number="121" hits="11" branch="True" condition-coverage="100% (2/2)">
              <conditions>
                <condition number="12" type="jump" coverage="100%" />
              </conditions>
            </line>
            <line number="122" hits="10" branch="True" condition-coverage="100% (2/2)">
              <conditions>
                <condition number="45" type="jump" coverage="100%" />
              </conditions>
            </line>
            <line number="123" hits="8" branch="False" />
            <line number="125" hits="8" branch="False" />
            <line number="132" hits="1" branch="False" />
            <line number="136" hits="6" branch="True" condition-coverage="100% (2/2)">
              <conditions>
                <condition number="6" type="jump" coverage="100%" />
              </conditions>
            </line>
            <line number="137" hits="3" branch="True" condition-coverage="100% (2/2)">
              <conditions>
                <condition number="26" type="jump" coverage="100%" />
              </conditions>
            </line>
            <line number="138" hits="1" branch="False" />
            <line number="139" hits="1" branch="False" />
            <line number="146" hits="1" branch="False" />
            <line number="150" hits="13" branch="False" />
            <line number="151" hits="15" branch="True" condition-coverage="100% (2/2)">
              <conditions>
                <condition number="12" type="jump" coverage="100%" />
              </conditions>
            </line>
            <line number="152" hits="14" branch="True" condition-coverage="100% (4/4)">
              <conditions>
                <condition number="32" type="jump" coverage="100%" />
                <condition number="41" type="jump" coverage="100%" />
              </conditions>
            </line>
            <line number="153" hits="8" branch="True" condition-coverage="100% (6/6)">
              <conditions>
                <condition number="79" type="jump" coverage="100%" />
                <condition number="106" type="jump" coverage="100%" />
                <condition number="121" type="jump" coverage="100%" />
              </conditions>
            </line>
            <line number="154" hits="12" branch="False" />
            <line number="155" hits="4" branch="False" />
            <line number="163" hits="1" branch="False" />
            <line number="167" hits="13" branch="True" condition-coverage="100% (2/2)">
              <conditions>
                <condition number="6" type="jump" coverage="100%" />
              </conditions>
            </line>
            <line number="168" hits="13" branch="True" condition-coverage="100% (2/2)">
              <conditions>
                <condition number="27" type="jump" coverage="100%" />
              </conditions>
            </line>
            <line number="169" hits="12" branch="True" condition-coverage="100% (2/2)">
              <conditions>
                <condition number="58" type="jump" coverage="100%" />
              </conditions>
            </line>
            <line number="170" hits="6" branch="False" />
            <line number="171" hits="6" branch="False" />
            <line number="172" hits="6" branch="False" />
            <line number="174" hits="6" branch="True" condition-coverage="100% (6/6)">
              <conditions>
                <condition number="123" type="jump" coverage="100%" />
                <condition number="137" type="jump" coverage="100%" />
                <condition number="170" type="jump" coverage="100%" />
              </conditions>
            </line>
            <line number="175" hits="10" branch="False" />
            <line number="177" hits="2" branch="False" />
            <line number="185" hits="1" branch="False" />
            <line number="189" hits="8" branch="True" condition-coverage="100% (2/2)">
              <conditions>
                <condition number="26" type="jump" coverage="100%" />
              </conditions>
            </line>
            <line number="190" hits="1" branch="False" />
            <line number="191" hits="7" branch="True" condition-coverage="100% (2/2)">
              <conditions>
                <condition number="65" type="jump" coverage="100%" />
              </conditions>
            </line>
            <line number="192" hits="1" branch="False" />
            <line number="193" hits="6" branch="True" condition-coverage="100% (2/2)">
              <conditions>
                <condition number="104" type="jump" coverage="100%" />
              </conditions>
            </line>
            <line number="194" hits="1" branch="False" />
            <line number="195" hits="5" branch="True" condition-coverage="100% (2/2)">
              <conditions>
                <condition number="153" type="jump" coverage="100%" />
              </conditions>
            </line>
            <line number="196" hits="1" branch="False" />
            <line number="197" hits="4" branch="True" condition-coverage="100% (2/2)">
              <conditions>
                <condition number="192" type="jump" coverage="100%" />
              </conditions>
            </line>
            <line number="198" hits="1" branch="False" />
            <line number="199" hits="3" branch="True" condition-coverage="100% (2/2)">
              <conditions>
                <condition number="232" type="jump" coverage="100%" />
              </conditions>
            </line>
            <line number="200" hits="1" branch="False" />
            <line number="201" hits="2" branch="False" />
            <line number="202" hits="2" branch="False" />
            <line number="206" hits="0" branch="False" />
            <line number="207" hits="0" branch="False" />
            <line number="17" hits="2" branch="False" />
            <line number="19" hits="2" branch="False" />
            <line number="20" hits="2" branch="False" />
            <line number="21" hits="2" branch="False" />
            <line number="22" hits="2" branch="False" />
            <line number="23" hits="2" branch="False" />
            <line number="24" hits="2" branch="False" />
            <line number="25" hits="2" branch="False" />
            <line number="26" hits="2" branch="False" />
            <line number="27" hits="22" branch="False" />
            <line number="29" hits="22" branch="False" />
          </lines>
        </class>
        <class name="Glasanje" filename="Source\Repos\VVS-Projekat2\Zadaca1\Zadaca1\Glasanje.cs" line-rate="0" branch-rate="0" complexity="54">
          <methods>
            <method name="get_Nezavisni" signature="()" line-rate="0" branch-rate="1" complexity="1">
              <lines>
                <line number="21" hits="0" branch="False" />
              </lines>
            </method>
            <method name="set_Nezavisni" signature="(System.Collections.Generic.List`1&lt;Kandidat&gt;)" line-rate="0" branch-rate="1" complexity="1">
              <lines>
                <line number="26" hits="0" branch="False" />
                <line number="27" hits="0" branch="False" />
              </lines>
            </method>
            <method name="get_Stranke" signature="()" line-rate="0" branch-rate="1" complexity="1">
              <lines>
                <line number="35" hits="0" branch="False" />
              </lines>
            </method>
            <method name="set_Stranke" signature="(System.Collections.Generic.List`1&lt;Stranka&gt;)" line-rate="0" branch-rate="1" complexity="1">
              <lines>
                <line number="40" hits="0" branch="False" />
                <line number="41" hits="0" branch="False" />
              </lines>
            </method>
            <method name="get_Glasaci" signature="()" line-rate="0" branch-rate="1" complexity="1">
              <lines>
                <line number="47" hits="0" branch="False" />
              </lines>
            </method>
            <method name="set_Glasaci" signature="(System.Collections.Generic.List`1&lt;Glasac&gt;)" line-rate="0" branch-rate="1" complexity="1">
              <lines>
                <line number="52" hits="0" branch="False" />
                <line number="53" hits="0" branch="False" />
              </lines>
            </method>
            <method name="DodajGlasaca" signature="(Glasac)" line-rate="0" branch-rate="1" complexity="1">
              <lines>
                <line number="58" hits="0" branch="False" />
                <line number="59" hits="0" branch="False" />
              </lines>
            </method>
            <method name="PrikaziGlasace" signature="()" line-rate="0" branch-rate="0" complexity="4">
              <lines>
                <line number="63" hits="0" branch="False" />
                <line number="65" hits="0" branch="False" />
                <line number="66" hits="0" branch="False" />
                <line number="67" hits="0" branch="True" condition-coverage="0% (0/2)">
                  <conditions>
                    <condition number="195" type="jump" coverage="0%" />
                  </conditions>
                </line>
                <line number="69" hits="0" branch="False" />
                <line number="70" hits="0" branch="True" condition-coverage="0% (0/2)">
                  <conditions>
                    <condition number="60" type="jump" coverage="0%" />
                  </conditions>
                </line>
                <line number="71" hits="0" branch="False" />
                <line number="72" hits="0" branch="False" />
                <line number="73" hits="0" branch="False" />
                <line number="74" hits="0" branch="False" />
                <line number="77" hits="0" branch="False" />
              </lines>
            </method>
            <method name="DodajGlasaca" signature="(System.String,System.String,System.String,System.DateTime,System.String,System.String)" line-rate="0" branch-rate="1" complexity="1">
              <lines>
                <line number="80" hits="0" branch="False" />
                <line number="81" hits="0" branch="False" />
                <line number="82" hits="0" branch="False" />
              </lines>
            </method>
            <method name="IzvrsiGlasanjeZaNezavisnog" signature="(Glasac,System.Int32)" line-rate="0" branch-rate="1" complexity="1">
              <lines>
                <line number="89" hits="0" branch="False" />
                <line number="90" hits="0" branch="False" />
              </lines>
            </method>
            <method name="GlasajZaNezavisnog" signature="(System.Int32)" line-rate="0" branch-rate="1" complexity="1">
              <lines>
                <line number="93" hits="0" branch="False" />
                <line number="95" hits="0" branch="False" />
              </lines>
            </method>
            <method name="IzvrsiGlasanjeZaStranku" signature="(Glasac,System.Int32)" line-rate="0" branch-rate="1" complexity="1">
              <lines>
                <line number="101" hits="0" branch="False" />
                <line number="102" hits="0" branch="False" />
              </lines>
            </method>
            <method name="GlasajZaStranku" signature="(System.Int32)" line-rate="0" branch-rate="1" complexity="1">
              <lines>
                <line number="106" hits="0" branch="False" />
                <line number="107" hits="0" branch="False" />
                <line number="108" hits="0" branch="False" />
              </lines>
            </method>
            <method name="GlasajZaKandidateStranke" signature="(Stranka,System.Collections.Generic.List`1&lt;System.Int32&gt;)" line-rate="0" branch-rate="0" complexity="2">
              <lines>
                <line number="112" hits="0" branch="False" />
                <line number="113" hits="0" branch="True" condition-coverage="0% (0/2)">
                  <conditions>
                    <condition number="45" type="jump" coverage="0%" />
                  </conditions>
                </line>
                <line number="115" hits="0" branch="False" />
                <line number="117" hits="0" branch="False" />
                <line number="118" hits="0" branch="False" />
              </lines>
            </method>
            <method name="GetGlasac" signature="(System.String)" line-rate="0" branch-rate="0" complexity="2">
              <lines>
                <line number="123" hits="0" branch="False" />
                <line number="124" hits="0" branch="True" condition-coverage="0% (0/2)">
                  <conditions>
                    <condition number="38" type="jump" coverage="0%" />
                  </conditions>
                </line>
                <line number="125" hits="0" branch="False" />
              </lines>
            </method>
            <method name="RezultatiGlasanja" signature="()" line-rate="0" branch-rate="0" complexity="8">
              <lines>
                <line number="129" hits="0" branch="False" />
                <line number="130" hits="0" branch="False" />
                <line number="131" hits="0" branch="False" />
                <line number="132" hits="0" branch="False" />
                <line number="133" hits="0" branch="False" />
                <line number="134" hits="0" branch="True" condition-coverage="0% (0/2)">
                  <conditions>
                    <condition number="132" type="jump" coverage="0%" />
                  </conditions>
                </line>
                <line number="136" hits="0" branch="False" />
                <line number="137" hits="0" branch="False" />
                <line number="139" hits="0" branch="False" />
                <line number="140" hits="0" branch="True" condition-coverage="0% (0/2)">
                  <conditions>
                    <condition number="269" type="jump" coverage="0%" />
                  </conditions>
                </line>
                <line number="142" hits="0" branch="False" />
                <line number="143" hits="0" branch="False" />
                <line number="146" hits="0" branch="False" />
                <line number="147" hits="0" branch="False" />
                <line number="148" hits="0" branch="False" />
                <line number="149" hits="0" branch="False" />
                <line number="150" hits="0" branch="True" condition-coverage="0% (0/2)">
                  <conditions>
                    <condition number="610" type="jump" coverage="0%" />
                  </conditions>
                </line>
                <line number="152" hits="0" branch="False" />
                <line number="153" hits="0" branch="False" />
                <line number="154" hits="0" branch="False" />
                <line number="155" hits="0" branch="False" />
                <line number="156" hits="0" branch="False" />
                <line number="157" hits="0" branch="True" condition-coverage="0% (0/2)">
                  <conditions>
                    <condition number="501" type="jump" coverage="0%" />
                  </conditions>
                </line>
                <line number="159" hits="0" branch="False" />
                <line number="160" hits="0" branch="False" />
                <line number="161" hits="0" branch="False" />
                <line number="162" hits="0" branch="False" />
                <line number="164" hits="0" branch="False" />
                <line number="165" hits="0" branch="False" />
                <line number="166" hits="0" branch="False" />
                <line number="167" hits="0" branch="False" />
                <line number="168" hits="0" branch="False" />
                <line number="169" hits="0" branch="False" />
                <line number="171" hits="0" branch="False" />
              </lines>
            </method>
            <method name="DajTrenutnuIzlaznost" signature="()" line-rate="0" branch-rate="0" complexity="4">
              <lines>
                <line number="176" hits="0" branch="False" />
                <line number="177" hits="0" branch="True" condition-coverage="0% (0/2)">
                  <conditions>
                    <condition number="41" type="jump" coverage="0%" />
                  </conditions>
                </line>
                <line number="179" hits="0" branch="True" condition-coverage="0% (0/2)">
                  <conditions>
                    <condition number="28" type="jump" coverage="0%" />
                  </conditions>
                </line>
                <line number="181" hits="0" branch="False" />
              </lines>
            </method>
            <method name="DajUkupanBrojGlasova" signature="()" line-rate="0" branch-rate="1" complexity="1">
              <lines>
                <line number="190" hits="0" branch="False" />
              </lines>
            </method>
            <method name="DajStrankeSaMandatima" signature="()" line-rate="0" branch-rate="0" complexity="6">
              <lines>
                <line number="196" hits="0" branch="False" />
                <line number="198" hits="0" branch="True" condition-coverage="0% (0/2)">
                  <conditions>
                    <condition number="97" type="jump" coverage="0%" />
                  </conditions>
                </line>
                <line number="200" hits="0" branch="False" />
                <line number="201" hits="0" branch="True" condition-coverage="0% (0/4)">
                  <conditions>
                    <condition number="54" type="jump" coverage="0%" />
                    <condition number="81" type="jump" coverage="0%" />
                  </conditions>
                </line>
                <line number="203" hits="0" branch="False" />
                <line number="207" hits="0" branch="False" />
              </lines>
            </method>
            <method name="DajKandidateSaMandatima" signature="()" line-rate="0" branch-rate="0" complexity="6">
              <lines>
                <line number="213" hits="0" branch="False" />
                <line number="215" hits="0" branch="True" condition-coverage="0% (0/2)">
                  <conditions>
                    <condition number="97" type="jump" coverage="0%" />
                  </conditions>
                </line>
                <line number="217" hits="0" branch="False" />
                <line number="218" hits="0" branch="True" condition-coverage="0% (0/4)">
                  <conditions>
                    <condition number="54" type="jump" coverage="0%" />
                    <condition number="81" type="jump" coverage="0%" />
                  </conditions>
                </line>
                <line number="220" hits="0" branch="False" />
                <line number="224" hits="0" branch="False" />
              </lines>
            </method>
            <method name="DajKandidateSaMandatimaUnutarStranke" signature="()" line-rate="0" branch-rate="0" complexity="8">
              <lines>
                <line number="230" hits="0" branch="False" />
                <line number="232" hits="0" branch="True" condition-coverage="0% (0/2)">
                  <conditions>
                    <condition number="151" type="jump" coverage="0%" />
                  </conditions>
                </line>
                <line number="234" hits="0" branch="True" condition-coverage="0% (0/2)">
                  <conditions>
                    <condition number="126" type="jump" coverage="0%" />
                  </conditions>
                </line>
                <line number="236" hits="0" branch="False" />
                <line number="237" hits="0" branch="True" condition-coverage="0% (0/4)">
                  <conditions>
                    <condition number="80" type="jump" coverage="0%" />
                    <condition number="108" type="jump" coverage="0%" />
                  </conditions>
                </line>
                <line number="239" hits="0" branch="False" />
                <line number="243" hits="0" branch="False" />
              </lines>
            </method>
            <method name=".ctor" signature="()" line-rate="0" branch-rate="1" complexity="1">
              <lines>
                <line number="11" hits="0" branch="False" />
                <line number="13" hits="0" branch="False" />
                <line number="14" hits="0" branch="False" />
                <line number="15" hits="0" branch="False" />
                <line number="16" hits="0" branch="False" />
              </lines>
            </method>
          </methods>
          <lines>
            <line number="21" hits="0" branch="False" />
            <line number="26" hits="0" branch="False" />
            <line number="27" hits="0" branch="False" />
            <line number="35" hits="0" branch="False" />
            <line number="40" hits="0" branch="False" />
            <line number="41" hits="0" branch="False" />
            <line number="47" hits="0" branch="False" />
            <line number="52" hits="0" branch="False" />
            <line number="53" hits="0" branch="False" />
            <line number="58" hits="0" branch="False" />
            <line number="59" hits="0" branch="False" />
            <line number="63" hits="0" branch="False" />
            <line number="65" hits="0" branch="False" />
            <line number="66" hits="0" branch="False" />
            <line number="67" hits="0" branch="True" condition-coverage="0% (0/2)">
              <conditions>
                <condition number="195" type="jump" coverage="0%" />
              </conditions>
            </line>
            <line number="69" hits="0" branch="False" />
            <line number="70" hits="0" branch="True" condition-coverage="0% (0/2)">
              <conditions>
                <condition number="60" type="jump" coverage="0%" />
              </conditions>
            </line>
            <line number="71" hits="0" branch="False" />
            <line number="72" hits="0" branch="False" />
            <line number="73" hits="0" branch="False" />
            <line number="74" hits="0" branch="False" />
            <line number="77" hits="0" branch="False" />
            <line number="80" hits="0" branch="False" />
            <line number="81" hits="0" branch="False" />
            <line number="82" hits="0" branch="False" />
            <line number="89" hits="0" branch="False" />
            <line number="90" hits="0" branch="False" />
            <line number="93" hits="0" branch="False" />
            <line number="95" hits="0" branch="False" />
            <line number="101" hits="0" branch="False" />
            <line number="102" hits="0" branch="False" />
            <line number="106" hits="0" branch="False" />
            <line number="107" hits="0" branch="False" />
            <line number="108" hits="0" branch="False" />
            <line number="112" hits="0" branch="False" />
            <line number="113" hits="0" branch="True" condition-coverage="0% (0/2)">
              <conditions>
                <condition number="45" type="jump" coverage="0%" />
              </conditions>
            </line>
            <line number="115" hits="0" branch="False" />
            <line number="117" hits="0" branch="False" />
            <line number="118" hits="0" branch="False" />
            <line number="123" hits="0" branch="False" />
            <line number="124" hits="0" branch="True" condition-coverage="0% (0/2)">
              <conditions>
                <condition number="38" type="jump" coverage="0%" />
              </conditions>
            </line>
            <line number="125" hits="0" branch="False" />
            <line number="129" hits="0" branch="False" />
            <line number="130" hits="0" branch="False" />
            <line number="131" hits="0" branch="False" />
            <line number="132" hits="0" branch="False" />
            <line number="133" hits="0" branch="False" />
            <line number="134" hits="0" branch="True" condition-coverage="0% (0/2)">
              <conditions>
                <condition number="132" type="jump" coverage="0%" />
              </conditions>
            </line>
            <line number="136" hits="0" branch="False" />
            <line number="137" hits="0" branch="False" />
            <line number="139" hits="0" branch="False" />
            <line number="140" hits="0" branch="True" condition-coverage="0% (0/2)">
              <conditions>
                <condition number="269" type="jump" coverage="0%" />
              </conditions>
            </line>
            <line number="142" hits="0" branch="False" />
            <line number="143" hits="0" branch="False" />
            <line number="146" hits="0" branch="False" />
            <line number="147" hits="0" branch="False" />
            <line number="148" hits="0" branch="False" />
            <line number="149" hits="0" branch="False" />
            <line number="150" hits="0" branch="True" condition-coverage="0% (0/2)">
              <conditions>
                <condition number="610" type="jump" coverage="0%" />
              </conditions>
            </line>
            <line number="152" hits="0" branch="False" />
            <line number="153" hits="0" branch="False" />
            <line number="154" hits="0" branch="False" />
            <line number="155" hits="0" branch="False" />
            <line number="156" hits="0" branch="False" />
            <line number="157" hits="0" branch="True" condition-coverage="0% (0/2)">
              <conditions>
                <condition number="501" type="jump" coverage="0%" />
              </conditions>
            </line>
            <line number="159" hits="0" branch="False" />
            <line number="160" hits="0" branch="False" />
            <line number="161" hits="0" branch="False" />
            <line number="162" hits="0" branch="False" />
            <line number="164" hits="0" branch="False" />
            <line number="165" hits="0" branch="False" />
            <line number="166" hits="0" branch="False" />
            <line number="167" hits="0" branch="False" />
            <line number="168" hits="0" branch="False" />
            <line number="169" hits="0" branch="False" />
            <line number="171" hits="0" branch="False" />
            <line number="176" hits="0" branch="False" />
            <line number="177" hits="0" branch="True" condition-coverage="0% (0/2)">
              <conditions>
                <condition number="41" type="jump" coverage="0%" />
              </conditions>
            </line>
            <line number="179" hits="0" branch="True" condition-coverage="0% (0/2)">
              <conditions>
                <condition number="28" type="jump" coverage="0%" />
              </conditions>
            </line>
            <line number="181" hits="0" branch="False" />
            <line number="190" hits="0" branch="False" />
            <line number="196" hits="0" branch="False" />
            <line number="198" hits="0" branch="True" condition-coverage="0% (0/2)">
              <conditions>
                <condition number="97" type="jump" coverage="0%" />
              </conditions>
            </line>
            <line number="200" hits="0" branch="False" />
            <line number="201" hits="0" branch="True" condition-coverage="0% (0/4)">
              <conditions>
                <condition number="54" type="jump" coverage="0%" />
                <condition number="81" type="jump" coverage="0%" />
              </conditions>
            </line>
            <line number="203" hits="0" branch="False" />
            <line number="207" hits="0" branch="False" />
            <line number="213" hits="0" branch="False" />
            <line number="215" hits="0" branch="True" condition-coverage="0% (0/2)">
              <conditions>
                <condition number="97" type="jump" coverage="0%" />
              </conditions>
            </line>
            <line number="217" hits="0" branch="False" />
            <line number="218" hits="0" branch="True" condition-coverage="0% (0/4)">
              <conditions>
                <condition number="54" type="jump" coverage="0%" />
                <condition number="81" type="jump" coverage="0%" />
              </conditions>
            </line>
            <line number="220" hits="0" branch="False" />
            <line number="224" hits="0" branch="False" />
            <line number="230" hits="0" branch="False" />
            <line number="232" hits="0" branch="True" condition-coverage="0% (0/2)">
              <conditions>
                <condition number="151" type="jump" coverage="0%" />
              </conditions>
            </line>
            <line number="234" hits="0" branch="True" condition-coverage="0% (0/2)">
              <conditions>
                <condition number="126" type="jump" coverage="0%" />
              </conditions>
            </line>
            <line number="236" hits="0" branch="False" />
            <line number="237" hits="0" branch="True" condition-coverage="0% (0/4)">
              <conditions>
                <condition number="80" type="jump" coverage="0%" />
                <condition number="108" type="jump" coverage="0%" />
              </conditions>
            </line>
            <line number="239" hits="0" branch="False" />
            <line number="243" hits="0" branch="False" />
            <line number="11" hits="0" branch="False" />
            <line number="13" hits="0" branch="False" />
            <line number="14" hits="0" branch="False" />
            <line number="15" hits="0" branch="False" />
            <line number="16" hits="0" branch="False" />
          </lines>
        </class>
        <class name="Kandidat" filename="Source\Repos\VVS-Projekat2\Zadaca1\Zadaca1\Kandidat.cs" line-rate="0.4285" branch-rate="0.25" complexity="16">
          <methods>
            <method name="get_Ime" signature="()" line-rate="0" branch-rate="1" complexity="1">
              <lines>
                <line number="40" hits="0" branch="False" />
              </lines>
            </method>
            <method name="set_Ime" signature="(System.String)" line-rate="0" branch-rate="1" complexity="1">
              <lines>
                <line number="45" hits="0" branch="False" />
                <line number="46" hits="0" branch="False" />
              </lines>
            </method>
            <method name="get_Prezime" signature="()" line-rate="0" branch-rate="1" complexity="1">
              <lines>
                <line number="52" hits="0" branch="False" />
              </lines>
            </method>
            <method name="set_Prezime" signature="(System.String)" line-rate="0" branch-rate="1" complexity="1">
              <lines>
                <line number="57" hits="0" branch="False" />
                <line number="58" hits="0" branch="False" />
              </lines>
            </method>
            <method name="get_BrojGlasova" signature="()" line-rate="1" branch-rate="1" complexity="1">
              <lines>
                <line number="64" hits="2" branch="False" />
              </lines>
            </method>
            <method name="set_BrojGlasova" signature="(System.Int32)" line-rate="1" branch-rate="1" complexity="1">
              <lines>
                <line number="69" hits="4" branch="False" />
                <line number="70" hits="4" branch="False" />
              </lines>
            </method>
            <method name="DodajGlas" signature="()" line-rate="0" branch-rate="1" complexity="1">
              <lines>
                <line number="76" hits="0" branch="False" />
                <line number="77" hits="0" branch="False" />
              </lines>
            </method>
            <method name="ValidateName" signature="(System.String)" line-rate="1" branch-rate="1" complexity="1">
              <lines>
                <line number="81" hits="8" branch="False" />
              </lines>
            </method>
            <method name="System.IComparable.CompareTo" signature="(System.Object)" line-rate="0" branch-rate="0" complexity="4">
              <lines>
                <line number="87" hits="0" branch="False" />
                <line number="88" hits="0" branch="True" condition-coverage="0% (0/2)">
                  <conditions>
                    <condition number="19" type="jump" coverage="0%" />
                  </conditions>
                </line>
                <line number="89" hits="0" branch="False" />
                <line number="91" hits="0" branch="True" condition-coverage="0% (0/2)">
                  <conditions>
                    <condition number="35" type="jump" coverage="0%" />
                  </conditions>
                </line>
                <line number="92" hits="0" branch="False" />
                <line number="95" hits="0" branch="False" />
              </lines>
            </method>
            <method name=".ctor" signature="(System.String,System.String,System.String)" line-rate="0.8" branch-rate="0.5" complexity="4">
              <lines>
                <line number="12" hits="4" branch="False" />
                <line number="16" hits="4" branch="True" condition-coverage="50% (1/2)">
                  <conditions>
                    <condition number="12" type="jump" coverage="50%" />
                  </conditions>
                </line>
                <line number="18" hits="0" branch="False" />
                <line number="22" hits="4" branch="False" />
                <line number="25" hits="4" branch="True" condition-coverage="50% (1/2)">
                  <conditions>
                    <condition number="38" type="jump" coverage="50%" />
                  </conditions>
                </line>
                <line number="27" hits="0" branch="False" />
                <line number="31" hits="4" branch="False" />
                <line number="33" hits="4" branch="False" />
                <line number="34" hits="4" branch="False" />
                <line number="35" hits="4" branch="False" />
              </lines>
            </method>
          </methods>
          <lines>
            <line number="40" hits="0" branch="False" />
            <line number="45" hits="0" branch="False" />
            <line number="46" hits="0" branch="False" />
            <line number="52" hits="0" branch="False" />
            <line number="57" hits="0" branch="False" />
            <line number="58" hits="0" branch="False" />
            <line number="64" hits="2" branch="False" />
            <line number="69" hits="4" branch="False" />
            <line number="70" hits="4" branch="False" />
            <line number="76" hits="0" branch="False" />
            <line number="77" hits="0" branch="False" />
            <line number="81" hits="8" branch="False" />
            <line number="87" hits="0" branch="False" />
            <line number="88" hits="0" branch="True" condition-coverage="0% (0/2)">
              <conditions>
                <condition number="19" type="jump" coverage="0%" />
              </conditions>
            </line>
            <line number="89" hits="0" branch="False" />
            <line number="91" hits="0" branch="True" condition-coverage="0% (0/2)">
              <conditions>
                <condition number="35" type="jump" coverage="0%" />
              </conditions>
            </line>
            <line number="92" hits="0" branch="False" />
            <line number="95" hits="0" branch="False" />
            <line number="12" hits="4" branch="False" />
            <line number="16" hits="4" branch="True" condition-coverage="50% (1/2)">
              <conditions>
                <condition number="12" type="jump" coverage="50%" />
              </conditions>
            </line>
            <line number="18" hits="0" branch="False" />
            <line number="22" hits="4" branch="False" />
            <line number="25" hits="4" branch="True" condition-coverage="50% (1/2)">
              <conditions>
                <condition number="38" type="jump" coverage="50%" />
              </conditions>
            </line>
            <line number="27" hits="0" branch="False" />
            <line number="31" hits="4" branch="False" />
            <line number="33" hits="4" branch="False" />
            <line number="34" hits="4" branch="False" />
            <line number="35" hits="4" branch="False" />
          </lines>
        </class>
        <class name="Stranka" filename="Source\Repos\VVS-Projekat2\Zadaca1\Zadaca1\Stranka.cs" line-rate="0.41859999999999997" branch-rate="0.41659999999999997" complexity="23">
          <methods>
            <method name="ValidateName" signature="(System.String)" line-rate="1" branch-rate="1" complexity="1">
              <lines>
                <line number="30" hits="1" branch="False" />
              </lines>
            </method>
            <method name="IspisiKandidate" signature="()" line-rate="0" branch-rate="0" complexity="2">
              <lines>
                <line number="40" hits="0" branch="False" />
                <line number="42" hits="0" branch="True" condition-coverage="0% (0/2)">
                  <conditions>
                    <condition number="95" type="jump" coverage="0%" />
                  </conditions>
                </line>
                <line number="44" hits="0" branch="False" />
                <line number="45" hits="0" branch="False" />
                <line number="47" hits="0" branch="False" />
              </lines>
            </method>
            <method name="DodajGlas" signature="()" line-rate="0" branch-rate="1" complexity="1">
              <lines>
                <line number="52" hits="0" branch="False" />
                <line number="53" hits="0" branch="False" />
              </lines>
            </method>
            <method name="get_Naziv" signature="()" line-rate="0" branch-rate="1" complexity="1">
              <lines>
                <line number="58" hits="0" branch="False" />
              </lines>
            </method>
            <method name="set_Naziv" signature="(System.String)" line-rate="0" branch-rate="1" complexity="1">
              <lines>
[...]
                <line number="378" hits="0" branch="False" />
                <line number="379" hits="0" branch="False" />
                <line number="380" hits="0" branch="False" />
                <line number="381" hits="0" branch="False" />
                <line number="382" hits="0" branch="False" />
                <line number="383" hits="0" branch="False" />
                <line number="384" hits="0" branch="False" />
                <line number="385" hits="0" branch="False" />
                <line number="386" hits="0" branch="False" />
                <line number="387" hits="0" branch="False" />
                <line number="388" hits="0" branch="False" />
                <line number="389" hits="0" branch="False" />
                <line number="390" hits="0" branch="False" />
                <line number="391" hits="0" branch="False" />
                <line number="392" hits="0" branch="False" />
                <line number="393" hits="0" branch="False" />
                <line number="394" hits="0" branch="False" />
                <line number="395" hits="0" branch="False" />
                <line number="396" hits="0" branch="False" />
                <line number="397" hits="0" branch="False" />
                <line number="398" hits="0" branch="False" />
                <line number="399" hits="0" branch="False" />
                <line number="400" hits="0" branch="False" />
                <line number="401" hits="0" branch="False" />
                <line number="402" hits="0" branch="False" />
                <line number="403" hits="0" branch="False" />
                <line number="404" hits="0" branch="False" />
                <line number="405" hits="0" branch="False" />
                <line number="406" hits="0" branch="False" />
                <line number="407" hits="0" branch="False" />
                <line number="409" hits="0" branch="False" />
              </lines>
            </method>
            <method name="TestniGlasaci" signature="()" line-rate="0" branch-rate="1" complexity="1">
              <lines>
                <line number="413" hits="0" branch="False" />
                <line number="414" hits="0" branch="False" />
                <line number="415" hits="0" branch="False" />
                <line number="416" hits="0" branch="False" />
                <line number="417" hits="0" branch="False" />
                <line number="418" hits="0" branch="False" />
                <line number="419" hits="0" branch="False" />
                <line number="420" hits="0" branch="False" />
                <line number="421" hits="0" branch="False" />
                <line number="422" hits="0" branch="False" />
              </lines>
            </method>
          </methods>
          <lines>
            <line number="14" hits="0" branch="False" />
            <line number="17" hits="0" branch="False" />
            <line number="18" hits="0" branch="False" />
            <line number="19" hits="0" branch="False" />
            <line number="22" hits="0" branch="False" />
            <line number="23" hits="0" branch="False" />
            <line number="24" hits="0" branch="False" />
            <line number="25" hits="0" branch="False" />
            <line number="26" hits="0" branch="False" />
            <line number="27" hits="0" branch="False" />
            <line number="28" hits="0" branch="False" />
            <line number="29" hits="0" branch="False" />
            <line number="30" hits="0" branch="False" />
            <line number="31" hits="0" branch="False" />
            <line number="33" hits="0" branch="False" />
            <line number="35" hits="0" branch="False" />
            <line number="37" hits="0" branch="True" condition-coverage="0% (0/2)">
              <conditions>
                <condition number="62" type="jump" coverage="0%" />
              </conditions>
            </line>
            <line number="39" hits="0" branch="False" />
            <line number="41" hits="0" branch="False" />
            <line number="45" hits="0" branch="False" />
            <line number="46" hits="0" branch="False" />
            <line number="49" hits="0" branch="False" />
            <line number="50" hits="0" branch="False" />
            <line number="51" hits="0" branch="False" />
            <line number="55" hits="0" branch="False" />
            <line number="60" hits="0" branch="False" />
            <line number="61" hits="0" branch="False" />
            <line number="65" hits="0" branch="False" />
            <line number="66" hits="0" branch="False" />
            <line number="67" hits="0" branch="False" />
            <line number="71" hits="0" branch="False" />
            <line number="72" hits="0" branch="False" />
            <line number="73" hits="0" branch="False" />
            <line number="75" hits="0" branch="False" />
            <line number="81" hits="0" branch="False" />
            <line number="82" hits="0" branch="False" />
            <line number="86" hits="0" branch="False" />
            <line number="87" hits="0" branch="False" />
            <line number="88" hits="0" branch="False" />
            <line number="92" hits="0" branch="False" />
            <line number="98" hits="0" branch="False" />
            <line number="99" hits="0" branch="False" />
            <line number="103" hits="0" branch="False" />
            <line number="104" hits="0" branch="False" />
            <line number="105" hits="0" branch="False" />
            <line number="109" hits="0" branch="False" />
            <line number="115" hits="0" branch="False" />
            <line number="116" hits="0" branch="False" />
            <line number="120" hits="0" branch="False" />
            <line number="121" hits="0" branch="False" />
            <line number="122" hits="0" branch="False" />
            <line number="127" hits="0" branch="False" />
            <line number="128" hits="0" branch="False" />
            <line number="130" hits="0" branch="False" />
            <line number="131" hits="0" branch="False" />
            <line number="133" hits="0" branch="False" />
            <line number="135" hits="0" branch="False" />
            <line number="136" hits="0" branch="False" />
            <line number="137" hits="0" branch="False" />
            <line number="138" hits="0" branch="False" />
            <line number="140" hits="0" branch="True" condition-coverage="0% (0/2)">
              <conditions>
                <condition number="404" type="jump" coverage="0%" />
              </conditions>
            </line>
            <line number="143" hits="0" branch="False" />
            <line number="144" hits="0" branch="False" />
            <line number="148" hits="0" branch="False" />
            <line number="149" hits="0" branch="True" condition-coverage="0% (0/2)">
              <conditions>
                <condition number="438" type="jump" coverage="0%" />
              </conditions>
            </line>
            <line number="151" hits="0" branch="False" />
            <line number="152" hits="0" branch="False" />
            <line number="155" hits="0" branch="True" condition-coverage="0% (0/2)">
              <conditions>
                <condition number="472" type="jump" coverage="0%" />
              </conditions>
            </line>
            <line number="157" hits="0" branch="False" />
            <line number="158" hits="0" branch="False" />
            <line number="162" hits="0" branch="False" />
            <line number="163" hits="0" branch="False" />
            <line number="164" hits="0" branch="False" />
            <line number="165" hits="0" branch="False" />
            <line number="166" hits="0" branch="False" />
            <line number="169" hits="0" branch="False" />
            <line number="171" hits="0" branch="False" />
            <line number="172" hits="0" branch="True" condition-coverage="0% (0/2)">
              <conditions>
                <condition number="585" type="jump" coverage="0%" />
              </conditions>
            </line>
            <line number="174" hits="0" branch="False" />
            <line number="175" hits="0" branch="False" />
            <line number="176" hits="0" branch="False" />
            <line number="177" hits="0" branch="False" />
            <line number="178" hits="0" branch="False" />
            <line number="179" hits="0" branch="False" />
            <line number="183" hits="0" branch="False" />
            <line number="185" hits="0" branch="True" condition-coverage="0% (0/2)">
              <conditions>
                <condition number="674" type="jump" coverage="0%" />
              </conditions>
            </line>
            <line number="186" hits="0" branch="False" />
            <line number="189" hits="0" branch="False" />
            <line number="192" hits="0" branch="False" />
            <line number="193" hits="0" branch="False" />
            <line number="194" hits="0" branch="False" />
            <line number="195" hits="0" branch="False" />
            <line number="196" hits="0" branch="False" />
            <line number="197" hits="0" branch="False" />
            <line number="199" hits="0" branch="False" />
            <line number="200" hits="0" branch="False" />
            <line number="202" hits="0" branch="True" condition-coverage="0% (0/4)">
              <conditions>
                <condition number="791" type="jump" coverage="0%" />
                <condition number="801" type="jump" coverage="0%" />
              </conditions>
            </line>
            <line number="204" hits="0" branch="False" />
            <line number="205" hits="0" branch="False" />
            <line number="209" hits="0" branch="True" condition-coverage="0% (0/2)">
              <conditions>
                <condition number="829" type="jump" coverage="0%" />
              </conditions>
            </line>
            <line number="211" hits="0" branch="True" condition-coverage="0% (0/2)">
              <conditions>
                <condition number="842" type="jump" coverage="0%" />
              </conditions>
            </line>
            <line number="212" hits="0" branch="False" />
            <line number="213" hits="0" branch="False" />
            <line number="214" hits="0" branch="False" />
            <line number="215" hits="0" branch="False" />
            <line number="224" hits="0" branch="True" condition-coverage="0% (0/2)">
              <conditions>
                <condition number="884" type="jump" coverage="0%" />
              </conditions>
            </line>
            <line number="226" hits="0" branch="False" />
            <line number="228" hits="0" branch="True" condition-coverage="0% (0/2)">
              <conditions>
                <condition number="899" type="jump" coverage="0%" />
              </conditions>
            </line>
            <line number="230" hits="0" branch="False" />
            <line number="232" hits="0" branch="True" condition-coverage="0% (0/2)">
              <conditions>
                <condition number="934" type="jump" coverage="0%" />
              </conditions>
            </line>
            <line number="234" hits="0" branch="True" condition-coverage="0% (0/2)">
              <conditions>
                <condition number="947" type="jump" coverage="0%" />
              </conditions>
            </line>
            <line number="236" hits="0" branch="False" />
            <line number="240" hits="0" branch="False" />
            <line number="241" hits="0" branch="False" />
            <line number="244" hits="0" branch="True" condition-coverage="0% (0/2)">
              <conditions>
                <condition number="987" type="jump" coverage="0%" />
              </conditions>
            </line>
            <line number="246" hits="0" branch="False" />
            <line number="250" hits="0" branch="False" />
            <line number="251" hits="0" branch="True" condition-coverage="0% (0/2)">
              <conditions>
                <condition number="1071" type="jump" coverage="0%" />
              </conditions>
            </line>
            <line number="253" hits="0" branch="False" />
            <line number="254" hits="0" branch="False" />
            <line number="257" hits="0" branch="True" condition-coverage="0% (0/2)">
              <conditions>
                <condition number="1162" type="jump" coverage="0%" />
              </conditions>
            </line>
            <line number="259" hits="0" branch="False" />
            <line number="260" hits="0" branch="False" />
            <line number="263" hits="0" branch="False" />
            <line number="266" hits="0" branch="False" />
            <line number="267" hits="0" branch="True" condition-coverage="0% (0/2)">
              <conditions>
                <condition number="1430" type="jump" coverage="0%" />
              </conditions>
            </line>
            <line number="269" hits="0" branch="False" />
            <line number="270" hits="0" branch="False" />
            <line number="271" hits="0" branch="False" />
            <line number="272" hits="0" branch="False" />
            <line number="277" hits="0" branch="True" condition-coverage="0% (0/2)">
              <conditions>
                <condition number="1453" type="jump" coverage="0%" />
              </conditions>
            </line>
            <line number="281" hits="0" branch="False" />
            <line number="282" hits="0" branch="False" />
            <line number="283" hits="0" branch="False" />
            <line number="284" hits="0" branch="False" />
            <line number="285" hits="0" branch="False" />
            <line number="286" hits="0" branch="False" />
            <line number="287" hits="0" branch="False" />
            <line number="288" hits="0" branch="False" />
            <line number="289" hits="0" branch="False" />
            <line number="290" hits="0" branch="False" />
            <line number="293" hits="0" branch="False" />
            <line number="299" hits="0" branch="False" />
            <line number="300" hits="0" branch="False" />
            <line number="301" hits="0" branch="True" condition-coverage="0% (0/2)">
              <conditions>
                <condition number="63" type="jump" coverage="0%" />
              </conditions>
            </line>
            <line number="303" hits="0" branch="False" />
            <line number="304" hits="0" branch="False" />
            <line number="307" hits="0" branch="False" />
            <line number="313" hits="0" branch="False" />
            <line number="315" hits="0" branch="False" />
            <line number="316" hits="0" branch="False" />
            <line number="317" hits="0" branch="True" condition-coverage="0% (0/2)">
              <conditions>
                <condition number="105" type="jump" coverage="0%" />
              </conditions>
            </line>
            <line number="319" hits="0" branch="False" />
            <line number="320" hits="0" branch="False" />
            <line number="322" hits="0" branch="False" />
            <line number="326" hits="0" branch="False" />
            <line number="328" hits="0" branch="False" />
            <line number="329" hits="0" branch="False" />
            <line number="330" hits="0" branch="True" condition-coverage="0% (0/2)">
              <conditions>
                <condition number="104" type="jump" coverage="0%" />
              </conditions>
            </line>
            <line number="332" hits="0" branch="False" />
            <line number="333" hits="0" branch="False" />
            <line number="334" hits="0" branch="False" />
            <line number="335" hits="0" branch="False" />
            <line number="336" hits="0" branch="False" />
            <line number="340" hits="0" branch="False" />
            <line number="344" hits="0" branch="False" />
            <line number="345" hits="0" branch="False" />
            <line number="346" hits="0" branch="True" condition-coverage="0% (0/2)">
              <conditions>
                <condition number="100" type="jump" coverage="0%" />
              </conditions>
            </line>
            <line number="348" hits="0" branch="False" />
            <line number="349" hits="0" branch="False" />
            <line number="351" hits="0" branch="False" />
            <line number="357" hits="0" branch="False" />
            <line number="358" hits="0" branch="False" />
            <line number="359" hits="0" branch="False" />
            <line number="360" hits="0" branch="False" />
            <line number="361" hits="0" branch="False" />
            <line number="362" hits="0" branch="False" />
            <line number="363" hits="0" branch="False" />
            <line number="365" hits="0" branch="False" />
            <line number="369" hits="0" branch="False" />
            <line number="370" hits="0" branch="False" />
            <line number="371" hits="0" branch="False" />
            <line number="372" hits="0" branch="False" />
            <line number="373" hits="0" branch="False" />
            <line number="374" hits="0" branch="False" />
            <line number="375" hits="0" branch="False" />
            <line number="376" hits="0" branch="False" />
            <line number="377" hits="0" branch="False" />
            <line number="378" hits="0" branch="False" />
            <line number="379" hits="0" branch="False" />
            <line number="380" hits="0" branch="False" />
            <line number="381" hits="0" branch="False" />
            <line number="382" hits="0" branch="False" />
            <line number="383" hits="0" branch="False" />
            <line number="384" hits="0" branch="False" />
            <line number="385" hits="0" branch="False" />
            <line number="386" hits="0" branch="False" />
            <line number="387" hits="0" branch="False" />
            <line number="388" hits="0" branch="False" />
            <line number="389" hits="0" branch="False" />
            <line number="390" hits="0" branch="False" />
            <line number="391" hits="0" branch="False" />
            <line number="392" hits="0" branch="False" />
            <line number="393" hits="0" branch="False" />
            <line number="394" hits="0" branch="False" />
            <line number="395" hits="0" branch="False" />
            <line number="396" hits="0" branch="False" />
            <line number="397" hits="0" branch="False" />
            <line number="398" hits="0" branch="False" />
            <line number="399" hits="0" branch="False" />
            <line number="400" hits="0" branch="False" />
            <line number="401" hits="0" branch="False" />
            <line number="402" hits="0" branch="False" />
            <line number="403" hits="0" branch="False" />
            <line number="404" hits="0" branch="False" />
            <line number="405" hits="0" branch="False" />
            <line number="406" hits="0" branch="False" />
            <line number="407" hits="0" branch="False" />
            <line number="409" hits="0" branch="False" />
            <line number="413" hits="0" branch="False" />
            <line number="414" hits="0" branch="False" />
            <line number="415" hits="0" branch="False" />
            <line number="416" hits="0" branch="False" />
            <line number="417" hits="0" branch="False" />
            <line number="418" hits="0" branch="False" />
            <line number="419" hits="0" branch="False" />
            <line number="420" hits="0" branch="False" />
            <line number="421" hits="0" branch="False" />
            <line number="422" hits="0" branch="False" />
          </lines>
        </class>
      </classes>
    </package>
  </packages>
</coverage>