TpTrace Verbose: 0 : 4524, 1, 2023/01/07, 19:50:25.986, 1107728024485, vstest.console.dll, Version: 17.3.1 Current process architecture: X64
TpTrace Verbose: 0 : 4524, 1, 2023/01/07, 19:50:25.988, 1107728040738, vstest.console.dll, Runtime location: C:\Program Files\dotnet\shared\Microsoft.NETCore.App\6.0.10
TpTrace Information: 0 : 4524, 1, 2023/01/07, 19:50:25.994, 1107728104712, vstest.console.dll, FilePatternParser: The given file C:\Users\ASUS\source\repos\VVS-Projekat\Zadaca1\TestProject\bin\Debug\net5.0\fine-code-coverage\build-output\TestProject.dll is a full path.
TpTrace Verbose: 0 : 4524, 1, 2023/01/07, 19:50:26.001, 1107728172552, vstest.console.dll, TestPluginCache.DiscoverTestExtensions: finding test extensions in assemblies ends with: RuntimeProvider.dll TPluginInfo: Microsoft.VisualStudio.TestPlatform.Common.ExtensionFramework.Utilities.TestRuntimePluginInformation TExtension: Microsoft.VisualStudio.TestPlatform.ObjectModel.Host.ITestRuntimeProvider
TpTrace Verbose: 0 : 4524, 1, 2023/01/07, 19:50:26.001, 1107728176518, vstest.console.dll, TestPluginCache.GetExtensionPaths: Filtered extension paths: 
TpTrace Verbose: 0 : 4524, 1, 2023/01/07, 19:50:26.001, 1107728177189, vstest.console.dll, TestPluginCache.GetExtensionPaths: Added default extension paths: C:\Program Files\dotnet\sdk\6.0.402\Extensions\Microsoft.Diagnostics.NETCore.Client.dll
C:\Program Files\dotnet\sdk\6.0.402\Extensions\Microsoft.TestPlatform.Extensions.BlameDataCollector.dll
C:\Program Files\dotnet\sdk\6.0.402\Extensions\Microsoft.TestPlatform.Extensions.EventLogCollector.dll
C:\Program Files\dotnet\sdk\6.0.402\Extensions\Microsoft.TestPlatform.TestHostRuntimeProvider.dll
C:\Program Files\dotnet\sdk\6.0.402\Extensions\Microsoft.VisualStudio.TestPlatform.Extensions.Html.TestLogger.dll
C:\Program Files\dotnet\sdk\6.0.402\Extensions\Microsoft.VisualStudio.TestPlatform.Extensions.Trx.TestLogger.dll
TpTrace Verbose: 0 : 4524, 1, 2023/01/07, 19:50:26.001, 1107728177453, vstest.console.dll, TestPluginCache.GetExtensionPaths: Added unfilterableExtensionPaths: 
TpTrace Information: 0 : 4524, 1, 2023/01/07, 19:50:26.002, 1107728182361, vstest.console.dll, AssemblyResolver.ctor: Creating AssemblyResolver with searchDirectories C:\Program Files\dotnet\sdk\6.0.402\Extensions,C:\Program Files\dotnet\sdk\6.0.402
TpTrace Verbose: 0 : 4524, 1, 2023/01/07, 19:50:26.003, 1107728195024, vstest.console.dll, TestPluginCache.DiscoverTestExtensions: Discovering the extensions using extension path.
TpTrace Verbose: 0 : 4524, 1, 2023/01/07, 19:50:26.003, 1107728196185, vstest.console.dll, TestPluginCache.GetExtensionPaths: Filtered extension paths: 
TpTrace Verbose: 0 : 4524, 1, 2023/01/07, 19:50:26.003, 1107728196442, vstest.console.dll, TestPluginCache.GetExtensionPaths: Added default extension paths: C:\Program Files\dotnet\sdk\6.0.402\Extensions\Microsoft.Diagnostics.NETCore.Client.dll
C:\Program Files\dotnet\sdk\6.0.402\Extensions\Microsoft.TestPlatform.Extensions.BlameDataCollector.dll
C:\Program Files\dotnet\sdk\6.0.402\Extensions\Microsoft.TestPlatform.Extensions.EventLogCollector.dll
C:\Program Files\dotnet\sdk\6.0.402\Extensions\Microsoft.TestPlatform.TestHostRuntimeProvider.dll
C:\Program Files\dotnet\sdk\6.0.402\Extensions\Microsoft.VisualStudio.TestPlatform.Extensions.Html.TestLogger.dll
C:\Program Files\dotnet\sdk\6.0.402\Extensions\Microsoft.VisualStudio.TestPlatform.Extensions.Trx.TestLogger.dll
TpTrace Verbose: 0 : 4524, 1, 2023/01/07, 19:50:26.003, 1107728196670, vstest.console.dll, TestPluginCache.GetExtensionPaths: Added unfilterableExtensionPaths: 
TpTrace Verbose: 0 : 4524, 1, 2023/01/07, 19:50:26.003, 1107728197123, vstest.console.dll, TestPluginCache.DiscoverTestExtensions: Discovering the extensions using allExtensionPaths: C:\Program Files\dotnet\sdk\6.0.402\Extensions\Microsoft.Diagnostics.NETCore.Client.dll
C:\Program Files\dotnet\sdk\6.0.402\Extensions\Microsoft.TestPlatform.Extensions.BlameDataCollector.dll
C:\Program Files\dotnet\sdk\6.0.402\Extensions\Microsoft.TestPlatform.Extensions.EventLogCollector.dll
C:\Program Files\dotnet\sdk\6.0.402\Extensions\Microsoft.TestPlatform.TestHostRuntimeProvider.dll
C:\Program Files\dotnet\sdk\6.0.402\Extensions\Microsoft.VisualStudio.TestPlatform.Extensions.Html.TestLogger.dll
C:\Program Files\dotnet\sdk\6.0.402\Extensions\Microsoft.VisualStudio.TestPlatform.Extensions.Trx.TestLogger.dll
TpTrace Information: 0 : 4524, 1, 2023/01/07, 19:50:26.003, 1107728198583, vstest.console.dll, AssemblyResolver.AddSearchDirectories: Adding more searchDirectories C:\Program Files\dotnet\sdk\6.0.402\Extensions,C:\Program Files\dotnet\sdk\6.0.402
TpTrace Information: 0 : 4524, 1, 2023/01/07, 19:50:26.004, 1107728198969, vstest.console.dll, AssemblyResolver.AddSearchDirectories: Adding more searchDirectories C:\Program Files\dotnet\sdk\6.0.402\Extensions,C:\Program Files\dotnet\sdk\6.0.402
TpTrace Information: 0 : 4524, 1, 2023/01/07, 19:50:26.004, 1107728199202, vstest.console.dll, AssemblyResolver.AddSearchDirectories: Adding more searchDirectories C:\Program Files\dotnet\sdk\6.0.402\Extensions,C:\Program Files\dotnet\sdk\6.0.402
TpTrace Information: 0 : 4524, 1, 2023/01/07, 19:50:26.004, 1107728199386, vstest.console.dll, AssemblyResolver.AddSearchDirectories: Adding more searchDirectories C:\Program Files\dotnet\sdk\6.0.402\Extensions,C:\Program Files\dotnet\sdk\6.0.402
TpTrace Information: 0 : 4524, 1, 2023/01/07, 19:50:26.004, 1107728199562, vstest.console.dll, AssemblyResolver.AddSearchDirectories: Adding more searchDirectories C:\Program Files\dotnet\sdk\6.0.402\Extensions,C:\Program Files\dotnet\sdk\6.0.402
TpTrace Information: 0 : 4524, 1, 2023/01/07, 19:50:26.004, 1107728199737, vstest.console.dll, AssemblyResolver.AddSearchDirectories: Adding more searchDirectories C:\Program Files\dotnet\sdk\6.0.402\Extensions,C:\Program Files\dotnet\sdk\6.0.402
TpTrace Information: 0 : 4524, 1, 2023/01/07, 19:50:26.004, 1107728202315, vstest.console.dll, AssemblyResolver.OnResolve: Microsoft.Diagnostics.NETCore.Client: Resolving assembly.
TpTrace Information: 0 : 4524, 1, 2023/01/07, 19:50:26.004, 1107728202785, vstest.console.dll, AssemblyResolver.OnResolve: Microsoft.Diagnostics.NETCore.Client: Searching in: 'C:\Program Files\dotnet\sdk\6.0.402\Extensions'.
TpTrace Information: 0 : 4524, 1, 2023/01/07, 19:50:26.004, 1107728207536, vstest.console.dll, AssemblyResolver.OnResolve: Microsoft.Diagnostics.NETCore.Client: Loading assembly 'C:\Program Files\dotnet\sdk\6.0.402\Extensions\Microsoft.Diagnostics.NETCore.Client.dll'.
TpTrace Information: 0 : 4524, 1, 2023/01/07, 19:50:26.005, 1107728213045, vstest.console.dll, AssemblyResolver.OnResolve: Resolved assembly: Microsoft.Diagnostics.NETCore.Client, from path: C:\Program Files\dotnet\sdk\6.0.402\Extensions\Microsoft.Diagnostics.NETCore.Client.dll
TpTrace Verbose: 0 : 4524, 1, 2023/01/07, 19:50:26.010, 1107728266760, vstest.console.dll, MetadataReaderExtensionsHelper: Discovering extensions inside assembly 'Microsoft.Diagnostics.NETCore.Client, Version=0.2.5.801, Culture=neutral, PublicKeyToken=31bf3856ad364e35' file path 'C:\Program Files\dotnet\sdk\6.0.402\Extensions\Microsoft.Diagnostics.NETCore.Client.dll'
TpTrace Information: 0 : 4524, 1, 2023/01/07, 19:50:26.022, 1107728379462, vstest.console.dll, AssemblyResolver.OnResolve: Microsoft.Bcl.AsyncInterfaces: Resolving assembly.
TpTrace Information: 0 : 4524, 1, 2023/01/07, 19:50:26.022, 1107728380579, vstest.console.dll, AssemblyResolver.OnResolve: Microsoft.Bcl.AsyncInterfaces: Searching in: 'C:\Program Files\dotnet\sdk\6.0.402\Extensions'.
TpTrace Information: 0 : 4524, 1, 2023/01/07, 19:50:26.022, 1107728381382, vstest.console.dll, AssemblyResolver.OnResolve: Microsoft.Bcl.AsyncInterfaces: Assembly path does not exist: 'C:\Program Files\dotnet\sdk\6.0.402\Extensions\Microsoft.Bcl.AsyncInterfaces.dll', returning.
TpTrace Information: 0 : 4524, 1, 2023/01/07, 19:50:26.022, 1107728381802, vstest.console.dll, AssemblyResolver.OnResolve: Microsoft.Bcl.AsyncInterfaces: Assembly path does not exist: 'C:\Program Files\dotnet\sdk\6.0.402\Extensions\Microsoft.Bcl.AsyncInterfaces.exe', returning.
TpTrace Information: 0 : 4524, 1, 2023/01/07, 19:50:26.022, 1107728382418, vstest.console.dll, AssemblyResolver.OnResolve: Microsoft.Bcl.AsyncInterfaces: Searching in: 'C:\Program Files\dotnet\sdk\6.0.402'.
TpTrace Information: 0 : 4524, 1, 2023/01/07, 19:50:26.022, 1107728382930, vstest.console.dll, AssemblyResolver.OnResolve: Microsoft.Bcl.AsyncInterfaces: Assembly path does not exist: 'C:\Program Files\dotnet\sdk\6.0.402\Microsoft.Bcl.AsyncInterfaces.dll', returning.
TpTrace Information: 0 : 4524, 1, 2023/01/07, 19:50:26.022, 1107728383384, vstest.console.dll, AssemblyResolver.OnResolve: Microsoft.Bcl.AsyncInterfaces: Assembly path does not exist: 'C:\Program Files\dotnet\sdk\6.0.402\Microsoft.Bcl.AsyncInterfaces.exe', returning.
TpTrace Information: 0 : 4524, 1, 2023/01/07, 19:50:26.022, 1107728383568, vstest.console.dll, AssemblyResolver.OnResolve: Microsoft.Bcl.AsyncInterfaces: Failed to load assembly.
TpTrace Verbose: 0 : 4524, 1, 2023/01/07, 19:50:26.022, 1107728383841, vstest.console.dll, CurrentDomainAssemblyResolve: Resolving assembly 'Microsoft.Bcl.AsyncInterfaces'.
TpTrace Information: 0 : 4524, 1, 2023/01/07, 19:50:26.022, 1107728384284, vstest.console.dll, AssemblyResolver.OnResolve: Microsoft.Bcl.AsyncInterfaces: Resolving assembly.
TpTrace Information: 0 : 4524, 1, 2023/01/07, 19:50:26.022, 1107728384564, vstest.console.dll, AssemblyResolver.OnResolve: Microsoft.Bcl.AsyncInterfaces: Resolved from cache.
TpTrace Verbose: 0 : 4524, 1, 2023/01/07, 19:50:26.022, 1107728384787, vstest.console.dll, CurrentDomainAssemblyResolve: Resolving assembly 'Microsoft.Bcl.AsyncInterfaces'.
TpTrace Verbose: 0 : 4524, 1, 2023/01/07, 19:50:26.022, 1107728385049, vstest.console.dll, CurrentDomainAssemblyResolve: Failed to resolve assembly 'Microsoft.Bcl.AsyncInterfaces'.
TpTrace Verbose: 0 : 4524, 1, 2023/01/07, 19:50:26.022, 1107728388026, vstest.console.dll, CurrentDomainAssemblyResolve: Failed to resolve assembly 'Microsoft.Bcl.AsyncInterfaces'.
TpTrace Warning: 0 : 4524, 1, 2023/01/07, 19:50:26.033, 1107728493430, vstest.console.dll, TestPluginDiscoverer: Failed to get types from assembly 'Microsoft.Diagnostics.NETCore.Client, Version=0.2.5.801, Culture=neutral, PublicKeyToken=31bf3856ad364e35'. Error: System.Reflection.ReflectionTypeLoadException: Unable to load one or more of the requested types.
Could not load file or assembly 'Microsoft.Bcl.AsyncInterfaces, Version=1.0.0.0, Culture=neutral, PublicKeyToken=cc7b13ffcd2ddd51'. The system cannot find the file specified.
   at System.Reflection.RuntimeModule.GetTypes(RuntimeModule module)
   at System.Reflection.Assembly.GetTypes()
   at Microsoft.VisualStudio.TestPlatform.Common.ExtensionFramework.TestPluginDiscoverer.GetTestExtensionsFromAssembly[TPluginInfo,TExtension](Assembly assembly, Dictionary`2 pluginInfos, String filePath)
System.IO.FileNotFoundException: Could not load file or assembly 'Microsoft.Bcl.AsyncInterfaces, Version=1.0.0.0, Culture=neutral, PublicKeyToken=cc7b13ffcd2ddd51'. The system cannot find the file specified.
File name: 'Microsoft.Bcl.AsyncInterfaces, Version=1.0.0.0, Culture=neutral, PublicKeyToken=cc7b13ffcd2ddd51'
 ---> System.IO.FileNotFoundException: Could not load file or assembly 'Microsoft.Bcl.AsyncInterfaces, Culture=neutral, PublicKeyToken=null'. The system cannot find the file specified.
File name: 'Microsoft.Bcl.AsyncInterfaces, Culture=neutral, PublicKeyToken=null'
   at System.Reflection.RuntimeAssembly.InternalLoad(ObjectHandleOnStack assemblyName, ObjectHandleOnStack requestingAssembly, StackCrawlMarkHandle stackMark, Boolean throwOnFileNotFound, ObjectHandleOnStack assemblyLoadContext, ObjectHandleOnStack retAssembly)
   at System.Reflection.RuntimeAssembly.InternalLoad(AssemblyName assemblyName, RuntimeAssembly requestingAssembly, StackCrawlMark& stackMark, Boolean throwOnFileNotFound, AssemblyLoadContext assemblyLoadContext)
   at System.Reflection.Assembly.Load(AssemblyName assemblyRef)
   at Microsoft.VisualStudio.TestPlatform.Common.ExtensionFramework.TestPluginCache.CurrentDomainAssemblyResolve(Object sender, AssemblyResolveEventArgs args)
   at Microsoft.VisualStudio.TestPlatform.PlatformAbstractions.PlatformAssemblyResolver.AssemblyResolverEvent(Object sender, Object eventArgs)
   at System.Runtime.Loader.AssemblyLoadContext.GetFirstResolvedAssemblyFromResolvingEvent(AssemblyName assemblyName)
   at System.Runtime.Loader.AssemblyLoadContext.ResolveUsingEvent(AssemblyName assemblyName)
   at System.Runtime.Loader.AssemblyLoadContext.ResolveUsingResolvingEvent(IntPtr gchManagedAssemblyLoadContext, AssemblyName assemblyName)
TpTrace Warning: 0 : 4524, 1, 2023/01/07, 19:50:26.033, 1107728496749, vstest.console.dll, LoaderExceptions: System.IO.FileNotFoundException: Could not load file or assembly 'Microsoft.Bcl.AsyncInterfaces, Version=1.0.0.0, Culture=neutral, PublicKeyToken=cc7b13ffcd2ddd51'. The system cannot find the file specified.
File name: 'Microsoft.Bcl.AsyncInterfaces, Version=1.0.0.0, Culture=neutral, PublicKeyToken=cc7b13ffcd2ddd51'
 ---> System.IO.FileNotFoundException: Could not load file or assembly 'Microsoft.Bcl.AsyncInterfaces, Culture=neutral, PublicKeyToken=null'. The system cannot find the file specified.
File name: 'Microsoft.Bcl.AsyncInterfaces, Culture=neutral, PublicKeyToken=null'
   at System.Reflection.RuntimeAssembly.InternalLoad(ObjectHandleOnStack assemblyName, ObjectHandleOnStack requestingAssembly, StackCrawlMarkHandle stackMark, Boolean throwOnFileNotFound, ObjectHandleOnStack assemblyLoadContext, ObjectHandleOnStack retAssembly)
   at System.Reflection.RuntimeAssembly.InternalLoad(AssemblyName assemblyName, RuntimeAssembly requestingAssembly, StackCrawlMark& stackMark, Boolean throwOnFileNotFound, AssemblyLoadContext assemblyLoadContext)
   at System.Reflection.Assembly.Load(AssemblyName assemblyRef)
   at Microsoft.VisualStudio.TestPlatform.Common.ExtensionFramework.TestPluginCache.CurrentDomainAssemblyResolve(Object sender, AssemblyResolveEventArgs args)
   at Microsoft.VisualStudio.TestPlatform.PlatformAbstractions.PlatformAssemblyResolver.AssemblyResolverEvent(Object sender, Object eventArgs)
   at System.Runtime.Loader.AssemblyLoadContext.GetFirstResolvedAssemblyFromResolvingEvent(AssemblyName assemblyName)
   at System.Runtime.Loader.AssemblyLoadContext.ResolveUsingEvent(AssemblyName assemblyName)
   at System.Runtime.Loader.AssemblyLoadContext.ResolveUsingResolvingEvent(IntPtr gchManagedAssemblyLoadContext, AssemblyName assemblyName)
TpTrace Information: 0 : 4524, 1, 2023/01/07, 19:50:26.033, 1107728497993, vstest.console.dll, AssemblyResolver.OnResolve: Microsoft.TestPlatform.Extensions.BlameDataCollector: Resolving assembly.
TpTrace Information: 0 : 4524, 1, 2023/01/07, 19:50:26.033, 1107728498283, vstest.console.dll, AssemblyResolver.OnResolve: Microsoft.TestPlatform.Extensions.BlameDataCollector: Searching in: 'C:\Program Files\dotnet\sdk\6.0.402\Extensions'.
TpTrace Information: 0 : 4524, 1, 2023/01/07, 19:50:26.034, 1107728502630, vstest.console.dll, AssemblyResolver.OnResolve: Microsoft.TestPlatform.Extensions.BlameDataCollector: Loading assembly 'C:\Program Files\dotnet\sdk\6.0.402\Extensions\Microsoft.TestPlatform.Extensions.BlameDataCollector.dll'.
TpTrace Information: 0 : 4524, 1, 2023/01/07, 19:50:26.035, 1107728511140, vstest.console.dll, AssemblyResolver.OnResolve: Resolved assembly: Microsoft.TestPlatform.Extensions.BlameDataCollector, from path: C:\Program Files\dotnet\sdk\6.0.402\Extensions\Microsoft.TestPlatform.Extensions.BlameDataCollector.dll
TpTrace Verbose: 0 : 4524, 1, 2023/01/07, 19:50:26.035, 1107728511748, vstest.console.dll, MetadataReaderExtensionsHelper: Discovering extensions inside assembly 'Microsoft.TestPlatform.Extensions.BlameDataCollector, Version=15.0.0.0, Culture=neutral, PublicKeyToken=b03f5f7f11d50a3a' file path 'C:\Program Files\dotnet\sdk\6.0.402\Extensions\Microsoft.TestPlatform.Extensions.BlameDataCollector.dll'
TpTrace Information: 0 : 4524, 1, 2023/01/07, 19:50:26.036, 1107728523502, vstest.console.dll, AssemblyResolver.OnResolve: Microsoft.TestPlatform.Extensions.EventLogCollector: Resolving assembly.
TpTrace Information: 0 : 4524, 1, 2023/01/07, 19:50:26.036, 1107728524104, vstest.console.dll, AssemblyResolver.OnResolve: Microsoft.TestPlatform.Extensions.EventLogCollector: Searching in: 'C:\Program Files\dotnet\sdk\6.0.402\Extensions'.
TpTrace Information: 0 : 4524, 1, 2023/01/07, 19:50:26.036, 1107728528281, vstest.console.dll, AssemblyResolver.OnResolve: Microsoft.TestPlatform.Extensions.EventLogCollector: Loading assembly 'C:\Program Files\dotnet\sdk\6.0.402\Extensions\Microsoft.TestPlatform.Extensions.EventLogCollector.dll'.
TpTrace Information: 0 : 4524, 1, 2023/01/07, 19:50:26.037, 1107728532186, vstest.console.dll, AssemblyResolver.OnResolve: Resolved assembly: Microsoft.TestPlatform.Extensions.EventLogCollector, from path: C:\Program Files\dotnet\sdk\6.0.402\Extensions\Microsoft.TestPlatform.Extensions.EventLogCollector.dll
TpTrace Verbose: 0 : 4524, 1, 2023/01/07, 19:50:26.037, 1107728532734, vstest.console.dll, MetadataReaderExtensionsHelper: Discovering extensions inside assembly 'Microsoft.TestPlatform.Extensions.EventLogCollector, Version=15.0.0.0, Culture=neutral, PublicKeyToken=b03f5f7f11d50a3a' file path 'C:\Program Files\dotnet\sdk\6.0.402\Extensions\Microsoft.TestPlatform.Extensions.EventLogCollector.dll'
TpTrace Information: 0 : 4524, 1, 2023/01/07, 19:50:26.039, 1107728554335, vstest.console.dll, AssemblyResolver.OnResolve: Microsoft.TestPlatform.TestHostRuntimeProvider: Resolving assembly.
TpTrace Information: 0 : 4524, 1, 2023/01/07, 19:50:26.039, 1107728555013, vstest.console.dll, AssemblyResolver.OnResolve: Microsoft.TestPlatform.TestHostRuntimeProvider: Searching in: 'C:\Program Files\dotnet\sdk\6.0.402\Extensions'.
TpTrace Information: 0 : 4524, 1, 2023/01/07, 19:50:26.039, 1107728558128, vstest.console.dll, AssemblyResolver.OnResolve: Microsoft.TestPlatform.TestHostRuntimeProvider: Loading assembly 'C:\Program Files\dotnet\sdk\6.0.402\Extensions\Microsoft.TestPlatform.TestHostRuntimeProvider.dll'.
TpTrace Information: 0 : 4524, 1, 2023/01/07, 19:50:26.040, 1107728565100, vstest.console.dll, AssemblyResolver.OnResolve: Resolved assembly: Microsoft.TestPlatform.TestHostRuntimeProvider, from path: C:\Program Files\dotnet\sdk\6.0.402\Extensions\Microsoft.TestPlatform.TestHostRuntimeProvider.dll
TpTrace Verbose: 0 : 4524, 1, 2023/01/07, 19:50:26.040, 1107728565742, vstest.console.dll, MetadataReaderExtensionsHelper: Discovering extensions inside assembly 'Microsoft.TestPlatform.TestHostRuntimeProvider, Version=15.0.0.0, Culture=neutral, PublicKeyToken=b03f5f7f11d50a3a' file path 'C:\Program Files\dotnet\sdk\6.0.402\Extensions\Microsoft.TestPlatform.TestHostRuntimeProvider.dll'
TpTrace Information: 0 : 4524, 1, 2023/01/07, 19:50:26.042, 1107728580532, vstest.console.dll, GetTestExtensionFromType: Register extension with identifier data 'HostProvider://DefaultTestHost' and type 'Microsoft.VisualStudio.TestPlatform.CrossPlatEngine.Hosting.DefaultTestHostManager, Microsoft.TestPlatform.TestHostRuntimeProvider, Version=15.0.0.0, Culture=neutral, PublicKeyToken=b03f5f7f11d50a3a' inside file 'C:\Program Files\dotnet\sdk\6.0.402\Extensions\Microsoft.TestPlatform.TestHostRuntimeProvider.dll'
TpTrace Information: 0 : 4524, 1, 2023/01/07, 19:50:26.042, 1107728581339, vstest.console.dll, GetTestExtensionFromType: Register extension with identifier data 'HostProvider://DotnetTestHost' and type 'Microsoft.VisualStudio.TestPlatform.CrossPlatEngine.Hosting.DotnetTestHostManager, Microsoft.TestPlatform.TestHostRuntimeProvider, Version=15.0.0.0, Culture=neutral, PublicKeyToken=b03f5f7f11d50a3a' inside file 'C:\Program Files\dotnet\sdk\6.0.402\Extensions\Microsoft.TestPlatform.TestHostRuntimeProvider.dll'
TpTrace Information: 0 : 4524, 1, 2023/01/07, 19:50:26.042, 1107728581955, vstest.console.dll, AssemblyResolver.OnResolve: Microsoft.VisualStudio.TestPlatform.Extensions.Html.TestLogger: Resolving assembly.
TpTrace Information: 0 : 4524, 1, 2023/01/07, 19:50:26.042, 1107728582187, vstest.console.dll, AssemblyResolver.OnResolve: Microsoft.VisualStudio.TestPlatform.Extensions.Html.TestLogger: Searching in: 'C:\Program Files\dotnet\sdk\6.0.402\Extensions'.
TpTrace Information: 0 : 4524, 1, 2023/01/07, 19:50:26.042, 1107728586653, vstest.console.dll, AssemblyResolver.OnResolve: Microsoft.VisualStudio.TestPlatform.Extensions.Html.TestLogger: Loading assembly 'C:\Program Files\dotnet\sdk\6.0.402\Extensions\Microsoft.VisualStudio.TestPlatform.Extensions.Html.TestLogger.dll'.
TpTrace Information: 0 : 4524, 1, 2023/01/07, 19:50:26.043, 1107728595074, vstest.console.dll, AssemblyResolver.OnResolve: Resolved assembly: Microsoft.VisualStudio.TestPlatform.Extensions.Html.TestLogger, from path: C:\Program Files\dotnet\sdk\6.0.402\Extensions\Microsoft.VisualStudio.TestPlatform.Extensions.Html.TestLogger.dll
TpTrace Verbose: 0 : 4524, 1, 2023/01/07, 19:50:26.043, 1107728595643, vstest.console.dll, MetadataReaderExtensionsHelper: Discovering extensions inside assembly 'Microsoft.VisualStudio.TestPlatform.Extensions.Html.TestLogger, Version=15.0.0.0, Culture=neutral, PublicKeyToken=b03f5f7f11d50a3a' file path 'C:\Program Files\dotnet\sdk\6.0.402\Extensions\Microsoft.VisualStudio.TestPlatform.Extensions.Html.TestLogger.dll'
TpTrace Information: 0 : 4524, 1, 2023/01/07, 19:50:26.044, 1107728604961, vstest.console.dll, AssemblyResolver.OnResolve: Microsoft.VisualStudio.TestPlatform.Extensions.Trx.TestLogger: Resolving assembly.
TpTrace Information: 0 : 4524, 1, 2023/01/07, 19:50:26.044, 1107728605704, vstest.console.dll, AssemblyResolver.OnResolve: Microsoft.VisualStudio.TestPlatform.Extensions.Trx.TestLogger: Searching in: 'C:\Program Files\dotnet\sdk\6.0.402\Extensions'.
TpTrace Information: 0 : 4524, 1, 2023/01/07, 19:50:26.045, 1107728609980, vstest.console.dll, AssemblyResolver.OnResolve: Microsoft.VisualStudio.TestPlatform.Extensions.Trx.TestLogger: Loading assembly 'C:\Program Files\dotnet\sdk\6.0.402\Extensions\Microsoft.VisualStudio.TestPlatform.Extensions.Trx.TestLogger.dll'.
TpTrace Information: 0 : 4524, 1, 2023/01/07, 19:50:26.045, 1107728614632, vstest.console.dll, AssemblyResolver.OnResolve: Resolved assembly: Microsoft.VisualStudio.TestPlatform.Extensions.Trx.TestLogger, from path: C:\Program Files\dotnet\sdk\6.0.402\Extensions\Microsoft.VisualStudio.TestPlatform.Extensions.Trx.TestLogger.dll
TpTrace Verbose: 0 : 4524, 1, 2023/01/07, 19:50:26.045, 1107728615232, vstest.console.dll, MetadataReaderExtensionsHelper: Discovering extensions inside assembly 'Microsoft.VisualStudio.TestPlatform.Extensions.Trx.TestLogger, Version=15.0.0.0, Culture=neutral, PublicKeyToken=b03f5f7f11d50a3a' file path 'C:\Program Files\dotnet\sdk\6.0.402\Extensions\Microsoft.VisualStudio.TestPlatform.Extensions.Trx.TestLogger.dll'
TpTrace Verbose: 0 : 4524, 1, 2023/01/07, 19:50:26.046, 1107728623402, vstest.console.dll, TestPluginCache: Discovered the extensions using extension path ''.
TpTrace Verbose: 0 : 4524, 1, 2023/01/07, 19:50:26.046, 1107728623929, vstest.console.dll, TestPluginCache: Discoverers are ''.
TpTrace Verbose: 0 : 4524, 1, 2023/01/07, 19:50:26.046, 1107728624108, vstest.console.dll, TestPluginCache: Executors are ''.
TpTrace Verbose: 0 : 4524, 1, 2023/01/07, 19:50:26.046, 1107728624305, vstest.console.dll, TestPluginCache: Executors2 are ''.
TpTrace Verbose: 0 : 4524, 1, 2023/01/07, 19:50:26.046, 1107728624463, vstest.console.dll, TestPluginCache: Setting providers are ''.
TpTrace Verbose: 0 : 4524, 1, 2023/01/07, 19:50:26.046, 1107728624617, vstest.console.dll, TestPluginCache: Loggers are ''.
TpTrace Verbose: 0 : 4524, 1, 2023/01/07, 19:50:26.046, 1107728625792, vstest.console.dll, TestPluginCache: TestHosts are 'HostProvider://DefaultTestHost,HostProvider://DotnetTestHost'.
TpTrace Verbose: 0 : 4524, 1, 2023/01/07, 19:50:26.046, 1107728626034, vstest.console.dll, TestPluginCache: DataCollectors are ''.
TpTrace Information: 0 : 4524, 1, 2023/01/07, 19:50:26.055, 1107728713169, vstest.console.dll, RunTestsArgumentProcessor:Execute: Test run is starting.
TpTrace Verbose: 0 : 4524, 1, 2023/01/07, 19:50:26.055, 1107728714045, vstest.console.dll, RunTestsArgumentProcessor:Execute: Queuing Test run.
TpTrace Information: 0 : 4524, 1, 2023/01/07, 19:50:26.055, 1107728715872, vstest.console.dll, TestRequestManager.RunTests: run tests started.
TpTrace Information: 0 : 4524, 1, 2023/01/07, 19:50:26.057, 1107728732862, vstest.console.dll, AssemblyMetadataProvider.GetFrameworkName: Determined framework:'.NETCoreApp,Version=v5.0' for source: 'C:\Users\ASUS\source\repos\VVS-Projekat\Zadaca1\TestProject\bin\Debug\net5.0\fine-code-coverage\build-output\TestProject.dll'
TpTrace Information: 0 : 4524, 1, 2023/01/07, 19:50:26.057, 1107728734542, vstest.console.dll, Determined framework for all sources: .NETCoreApp,Version=v5.0
TpTrace Verbose: 0 : 4524, 1, 2023/01/07, 19:50:26.058, 1107728739115, vstest.console.dll, TestRequestManager.UpdateRunSettingsIfRequired: Default architecture: X64 IsDefaultTargetArchitecture: True, Current process architecture: X64 OperatingSystem: Windows.
TpTrace Information: 0 : 4524, 1, 2023/01/07, 19:50:26.059, 1107728758602, vstest.console.dll, AssemblyMetadataProvider.GetArchitecture: Determined architecture:AnyCPU info for assembly: C:\Users\ASUS\source\repos\VVS-Projekat\Zadaca1\TestProject\bin\Debug\net5.0\fine-code-coverage\build-output\TestProject.dll
TpTrace Information: 0 : 4524, 1, 2023/01/07, 19:50:26.060, 1107728759240, vstest.console.dll, Determined platform for source 'C:\Users\ASUS\source\repos\VVS-Projekat\Zadaca1\TestProject\bin\Debug\net5.0\fine-code-coverage\build-output\TestProject.dll' was AnyCPU and it will use the default plaform X64.
TpTrace Information: 0 : 4524, 1, 2023/01/07, 19:50:26.060, 1107728759440, vstest.console.dll, None of the sources provided any runnable platform, using the default platform: X64
TpTrace Information: 0 : 4524, 1, 2023/01/07, 19:50:26.060, 1107728760229, vstest.console.dll, Platform was updated to 'X64'.
TpTrace Information: 0 : 4524, 1, 2023/01/07, 19:50:26.062, 1107728788191, vstest.console.dll, InferRunSettingsHelper.IsTestSettingsEnabled: Unable to navigate to RunSettings/MSTest. Current node: RunSettings
TpTrace Information: 0 : 4524, 1, 2023/01/07, 19:50:26.063, 1107728793707, vstest.console.dll, AssemblyResolver.OnResolve: Microsoft.VisualStudio.TestPlatform.Fakes: Resolving assembly.
TpTrace Information: 0 : 4524, 1, 2023/01/07, 19:50:26.063, 1107728794248, vstest.console.dll, AssemblyResolver.OnResolve: Microsoft.VisualStudio.TestPlatform.Fakes: Searching in: 'C:\Program Files\dotnet\sdk\6.0.402\Extensions'.
TpTrace Information: 0 : 4524, 1, 2023/01/07, 19:50:26.063, 1107728795296, vstest.console.dll, AssemblyResolver.OnResolve: Microsoft.VisualStudio.TestPlatform.Fakes: Assembly path does not exist: 'C:\Program Files\dotnet\sdk\6.0.402\Extensions\Microsoft.VisualStudio.TestPlatform.Fakes.dll', returning.
TpTrace Information: 0 : 4524, 1, 2023/01/07, 19:50:26.063, 1107728795779, vstest.console.dll, AssemblyResolver.OnResolve: Microsoft.VisualStudio.TestPlatform.Fakes: Assembly path does not exist: 'C:\Program Files\dotnet\sdk\6.0.402\Extensions\Microsoft.VisualStudio.TestPlatform.Fakes.exe', returning.
TpTrace Information: 0 : 4524, 1, 2023/01/07, 19:50:26.063, 1107728795974, vstest.console.dll, AssemblyResolver.OnResolve: Microsoft.VisualStudio.TestPlatform.Fakes: Searching in: 'C:\Program Files\dotnet\sdk\6.0.402'.
TpTrace Information: 0 : 4524, 1, 2023/01/07, 19:50:26.063, 1107728796476, vstest.console.dll, AssemblyResolver.OnResolve: Microsoft.VisualStudio.TestPlatform.Fakes: Assembly path does not exist: 'C:\Program Files\dotnet\sdk\6.0.402\Microsoft.VisualStudio.TestPlatform.Fakes.dll', returning.
TpTrace Information: 0 : 4524, 1, 2023/01/07, 19:50:26.063, 1107728796889, vstest.console.dll, AssemblyResolver.OnResolve: Microsoft.VisualStudio.TestPlatform.Fakes: Assembly path does not exist: 'C:\Program Files\dotnet\sdk\6.0.402\Microsoft.VisualStudio.TestPlatform.Fakes.exe', returning.
TpTrace Information: 0 : 4524, 1, 2023/01/07, 19:50:26.063, 1107728797079, vstest.console.dll, AssemblyResolver.OnResolve: Microsoft.VisualStudio.TestPlatform.Fakes: Failed to load assembly.
TpTrace Information: 0 : 4524, 1, 2023/01/07, 19:50:26.064, 1107728799190, vstest.console.dll, Failed to load assembly Microsoft.VisualStudio.TestPlatform.Fakes, Version=17.0.0.0, Culture=neutral. Reason:System.IO.FileNotFoundException: Could not load file or assembly 'Microsoft.VisualStudio.TestPlatform.Fakes, Version=17.0.0.0, Culture=neutral, PublicKeyToken=null'. The system cannot find the file specified.
File name: 'Microsoft.VisualStudio.TestPlatform.Fakes, Version=17.0.0.0, Culture=neutral, PublicKeyToken=null'
   at System.Reflection.RuntimeAssembly.InternalLoad(ObjectHandleOnStack assemblyName, ObjectHandleOnStack requestingAssembly, StackCrawlMarkHandle stackMark, Boolean throwOnFileNotFound, ObjectHandleOnStack assemblyLoadContext, ObjectHandleOnStack retAssembly)
   at System.Reflection.RuntimeAssembly.InternalLoad(AssemblyName assemblyName, RuntimeAssembly requestingAssembly, StackCrawlMark& stackMark, Boolean throwOnFileNotFound, AssemblyLoadContext assemblyLoadContext)
   at System.Reflection.Assembly.Load(AssemblyName assemblyRef)
   at Microsoft.VisualStudio.TestPlatform.Common.Utilities.FakesUtilities.LoadTestPlatformAssembly()
TpTrace Verbose: 0 : 4524, 1, 2023/01/07, 19:50:26.066, 1107728826537, vstest.console.dll, TestPluginCache.DiscoverTestExtensions: finding test extensions in assemblies ends with: TestLogger.dll TPluginInfo: Microsoft.VisualStudio.TestPlatform.Common.ExtensionFramework.Utilities.TestLoggerPluginInformation TExtension: Microsoft.VisualStudio.TestPlatform.ObjectModel.Client.ITestLogger
TpTrace Verbose: 0 : 4524, 1, 2023/01/07, 19:50:26.066, 1107728827502, vstest.console.dll, TestPluginCache.GetExtensionPaths: Filtered extension paths: 
TpTrace Verbose: 0 : 4524, 1, 2023/01/07, 19:50:26.066, 1107728827715, vstest.console.dll, TestPluginCache.GetExtensionPaths: Added default extension paths: C:\Program Files\dotnet\sdk\6.0.402\Extensions\Microsoft.Diagnostics.NETCore.Client.dll
C:\Program Files\dotnet\sdk\6.0.402\Extensions\Microsoft.TestPlatform.Extensions.BlameDataCollector.dll
C:\Program Files\dotnet\sdk\6.0.402\Extensions\Microsoft.TestPlatform.Extensions.EventLogCollector.dll
C:\Program Files\dotnet\sdk\6.0.402\Extensions\Microsoft.TestPlatform.TestHostRuntimeProvider.dll
C:\Program Files\dotnet\sdk\6.0.402\Extensions\Microsoft.VisualStudio.TestPlatform.Extensions.Html.TestLogger.dll
C:\Program Files\dotnet\sdk\6.0.402\Extensions\Microsoft.VisualStudio.TestPlatform.Extensions.Trx.TestLogger.dll
TpTrace Verbose: 0 : 4524, 1, 2023/01/07, 19:50:26.066, 1107728827935, vstest.console.dll, TestPluginCache.GetExtensionPaths: Added unfilterableExtensionPaths: 
TpTrace Information: 0 : 4524, 1, 2023/01/07, 19:50:26.067, 1107728829198, vstest.console.dll, AssemblyResolver.AddSearchDirectories: Adding more searchDirectories C:\Program Files\dotnet\sdk\6.0.402\Extensions,C:\Program Files\dotnet\sdk\6.0.402
TpTrace Verbose: 0 : 4524, 1, 2023/01/07, 19:50:26.067, 1107728829505, vstest.console.dll, TestPluginCache.DiscoverTestExtensions: Discovering the extensions using extension path.
TpTrace Verbose: 0 : 4524, 1, 2023/01/07, 19:50:26.067, 1107728829779, vstest.console.dll, TestPluginCache.GetExtensionPaths: Filtered extension paths: 
TpTrace Verbose: 0 : 4524, 1, 2023/01/07, 19:50:26.067, 1107728829959, vstest.console.dll, TestPluginCache.GetExtensionPaths: Added default extension paths: C:\Program Files\dotnet\sdk\6.0.402\Extensions\Microsoft.Diagnostics.NETCore.Client.dll
C:\Program Files\dotnet\sdk\6.0.402\Extensions\Microsoft.TestPlatform.Extensions.BlameDataCollector.dll
C:\Program Files\dotnet\sdk\6.0.402\Extensions\Microsoft.TestPlatform.Extensions.EventLogCollector.dll
C:\Program Files\dotnet\sdk\6.0.402\Extensions\Microsoft.TestPlatform.TestHostRuntimeProvider.dll
C:\Program Files\dotnet\sdk\6.0.402\Extensions\Microsoft.VisualStudio.TestPlatform.Extensions.Html.TestLogger.dll
C:\Program Files\dotnet\sdk\6.0.402\Extensions\Microsoft.VisualStudio.TestPlatform.Extensions.Trx.TestLogger.dll
TpTrace Verbose: 0 : 4524, 1, 2023/01/07, 19:50:26.067, 1107728830139, vstest.console.dll, TestPluginCache.GetExtensionPaths: Added unfilterableExtensionPaths: 
TpTrace Verbose: 0 : 4524, 1, 2023/01/07, 19:50:26.067, 1107728830838, vstest.console.dll, TestPluginCache.DiscoverTestExtensions: Discovering the extensions using allExtensionPaths: C:\Program Files\dotnet\sdk\6.0.402\Extensions\Microsoft.Diagnostics.NETCore.Client.dll
C:\Program Files\dotnet\sdk\6.0.402\Extensions\Microsoft.TestPlatform.Extensions.BlameDataCollector.dll
C:\Program Files\dotnet\sdk\6.0.402\Extensions\Microsoft.TestPlatform.Extensions.EventLogCollector.dll
C:\Program Files\dotnet\sdk\6.0.402\Extensions\Microsoft.TestPlatform.TestHostRuntimeProvider.dll
C:\Program Files\dotnet\sdk\6.0.402\Extensions\Microsoft.VisualStudio.TestPlatform.Extensions.Html.TestLogger.dll
C:\Program Files\dotnet\sdk\6.0.402\Extensions\Microsoft.VisualStudio.TestPlatform.Extensions.Trx.TestLogger.dll
TpTrace Information: 0 : 4524, 1, 2023/01/07, 19:50:26.067, 1107728831230, vstest.console.dll, AssemblyResolver.AddSearchDirectories: Adding more searchDirectories C:\Program Files\dotnet\sdk\6.0.402\Extensions,C:\Program Files\dotnet\sdk\6.0.402
TpTrace Information: 0 : 4524, 1, 2023/01/07, 19:50:26.067, 1107728831442, vstest.console.dll, AssemblyResolver.AddSearchDirectories: Adding more searchDirectories C:\Program Files\dotnet\sdk\6.0.402\Extensions,C:\Program Files\dotnet\sdk\6.0.402
TpTrace Information: 0 : 4524, 1, 2023/01/07, 19:50:26.067, 1107728831621, vstest.console.dll, AssemblyResolver.AddSearchDirectories: Adding more searchDirectories C:\Program Files\dotnet\sdk\6.0.402\Extensions,C:\Program Files\dotnet\sdk\6.0.402
TpTrace Information: 0 : 4524, 1, 2023/01/07, 19:50:26.067, 1107728831796, vstest.console.dll, AssemblyResolver.AddSearchDirectories: Adding more searchDirectories C:\Program Files\dotnet\sdk\6.0.402\Extensions,C:\Program Files\dotnet\sdk\6.0.402
TpTrace Information: 0 : 4524, 1, 2023/01/07, 19:50:26.067, 1107728832004, vstest.console.dll, AssemblyResolver.AddSearchDirectories: Adding more searchDirectories C:\Program Files\dotnet\sdk\6.0.402\Extensions,C:\Program Files\dotnet\sdk\6.0.402
TpTrace Information: 0 : 4524, 1, 2023/01/07, 19:50:26.067, 1107728832180, vstest.console.dll, AssemblyResolver.AddSearchDirectories: Adding more searchDirectories C:\Program Files\dotnet\sdk\6.0.402\Extensions,C:\Program Files\dotnet\sdk\6.0.402
TpTrace Verbose: 0 : 4524, 1, 2023/01/07, 19:50:26.067, 1107728833251, vstest.console.dll, MetadataReaderExtensionsHelper: Discovering extensions inside assembly 'Microsoft.Diagnostics.NETCore.Client, Version=0.2.5.801, Culture=neutral, PublicKeyToken=31bf3856ad364e35' file path 'C:\Program Files\dotnet\sdk\6.0.402\Extensions\Microsoft.Diagnostics.NETCore.Client.dll'
TpTrace Information: 0 : 4524, 1, 2023/01/07, 19:50:26.068, 1107728841509, vstest.console.dll, AssemblyResolver.OnResolve: Microsoft.Bcl.AsyncInterfaces: Resolving assembly.
TpTrace Information: 0 : 4524, 1, 2023/01/07, 19:50:26.068, 1107728841936, vstest.console.dll, AssemblyResolver.OnResolve: Microsoft.Bcl.AsyncInterfaces: Resolved from cache.
TpTrace Verbose: 0 : 4524, 1, 2023/01/07, 19:50:26.068, 1107728842195, vstest.console.dll, CurrentDomainAssemblyResolve: Resolving assembly 'Microsoft.Bcl.AsyncInterfaces'.
TpTrace Information: 0 : 4524, 1, 2023/01/07, 19:50:26.068, 1107728842523, vstest.console.dll, AssemblyResolver.OnResolve: Microsoft.Bcl.AsyncInterfaces: Resolving assembly.
TpTrace Information: 0 : 4524, 1, 2023/01/07, 19:50:26.068, 1107728842708, vstest.console.dll, AssemblyResolver.OnResolve: Microsoft.Bcl.AsyncInterfaces: Resolved from cache.
TpTrace Verbose: 0 : 4524, 1, 2023/01/07, 19:50:26.068, 1107728842888, vstest.console.dll, CurrentDomainAssemblyResolve: Resolving assembly 'Microsoft.Bcl.AsyncInterfaces'.
TpTrace Verbose: 0 : 4524, 1, 2023/01/07, 19:50:26.068, 1107728843053, vstest.console.dll, CurrentDomainAssemblyResolve: Failed to resolve assembly 'Microsoft.Bcl.AsyncInterfaces'.
TpTrace Verbose: 0 : 4524, 1, 2023/01/07, 19:50:26.068, 1107728844256, vstest.console.dll, CurrentDomainAssemblyResolve: Failed to resolve assembly 'Microsoft.Bcl.AsyncInterfaces'.
TpTrace Warning: 0 : 4524, 1, 2023/01/07, 19:50:26.068, 1107728847037, vstest.console.dll, TestPluginDiscoverer: Failed to get types from assembly 'Microsoft.Diagnostics.NETCore.Client, Version=0.2.5.801, Culture=neutral, PublicKeyToken=31bf3856ad364e35'. Error: System.Reflection.ReflectionTypeLoadException: Unable to load one or more of the requested types.
Could not load file or assembly 'Microsoft.Bcl.AsyncInterfaces, Version=1.0.0.0, Culture=neutral, PublicKeyToken=cc7b13ffcd2ddd51'. The system cannot find the file specified.
   at System.Reflection.RuntimeModule.GetTypes(RuntimeModule module)
   at System.Reflection.Assembly.GetTypes()
   at Microsoft.VisualStudio.TestPlatform.Common.ExtensionFramework.TestPluginDiscoverer.GetTestExtensionsFromAssembly[TPluginInfo,TExtension](Assembly assembly, Dictionary`2 pluginInfos, String filePath)
System.IO.FileNotFoundException: Could not load file or assembly 'Microsoft.Bcl.AsyncInterfaces, Version=1.0.0.0, Culture=neutral, PublicKeyToken=cc7b13ffcd2ddd51'. The system cannot find the file specified.
File name: 'Microsoft.Bcl.AsyncInterfaces, Version=1.0.0.0, Culture=neutral, PublicKeyToken=cc7b13ffcd2ddd51'
 ---> System.IO.FileNotFoundException: Could not load file or assembly 'Microsoft.Bcl.AsyncInterfaces, Culture=neutral, PublicKeyToken=null'. The system cannot find the file specified.
File name: 'Microsoft.Bcl.AsyncInterfaces, Culture=neutral, PublicKeyToken=null'
   at System.Reflection.RuntimeAssembly.InternalLoad(ObjectHandleOnStack assemblyName, ObjectHandleOnStack requestingAssembly, StackCrawlMarkHandle stackMark, Boolean throwOnFileNotFound, ObjectHandleOnStack assemblyLoadContext, ObjectHandleOnStack retAssembly)
   at System.Reflection.RuntimeAssembly.InternalLoad(AssemblyName assemblyName, RuntimeAssembly requestingAssembly, StackCrawlMark& stackMark, Boolean throwOnFileNotFound, AssemblyLoadContext assemblyLoadContext)
   at System.Reflection.Assembly.Load(AssemblyName assemblyRef)
   at Microsoft.VisualStudio.TestPlatform.Common.ExtensionFramework.TestPluginCache.CurrentDomainAssemblyResolve(Object sender, AssemblyResolveEventArgs args)
   at Microsoft.VisualStudio.TestPlatform.PlatformAbstractions.PlatformAssemblyResolver.AssemblyResolverEvent(Object sender, Object eventArgs)
   at System.Runtime.Loader.AssemblyLoadContext.GetFirstResolvedAssemblyFromResolvingEvent(AssemblyName assemblyName)
   at System.Runtime.Loader.AssemblyLoadContext.ResolveUsingEvent(AssemblyName assemblyName)
   at System.Runtime.Loader.AssemblyLoadContext.ResolveUsingResolvingEvent(IntPtr gchManagedAssemblyLoadContext, AssemblyName assemblyName)
TpTrace Warning: 0 : 4524, 1, 2023/01/07, 19:50:26.068, 1107728848463, vstest.console.dll, LoaderExceptions: System.IO.FileNotFoundException: Could not load file or assembly 'Microsoft.Bcl.AsyncInterfaces, Version=1.0.0.0, Culture=neutral, PublicKeyToken=cc7b13ffcd2ddd51'. The system cannot find the file specified.
File name: 'Microsoft.Bcl.AsyncInterfaces, Version=1.0.0.0, Culture=neutral, PublicKeyToken=cc7b13ffcd2ddd51'
 ---> System.IO.FileNotFoundException: Could not load file or assembly 'Microsoft.Bcl.AsyncInterfaces, Culture=neutral, PublicKeyToken=null'. The system cannot find the file specified.
File name: 'Microsoft.Bcl.AsyncInterfaces, Culture=neutral, PublicKeyToken=null'
   at System.Reflection.RuntimeAssembly.InternalLoad(ObjectHandleOnStack assemblyName, ObjectHandleOnStack requestingAssembly, StackCrawlMarkHandle stackMark, Boolean throwOnFileNotFound, ObjectHandleOnStack assemblyLoadContext, ObjectHandleOnStack retAssembly)
   at System.Reflection.RuntimeAssembly.InternalLoad(AssemblyName assemblyName, RuntimeAssembly requestingAssembly, StackCrawlMark& stackMark, Boolean throwOnFileNotFound, AssemblyLoadContext assemblyLoadContext)
   at System.Reflection.Assembly.Load(AssemblyName assemblyRef)
   at Microsoft.VisualStudio.TestPlatform.Common.ExtensionFramework.TestPluginCache.CurrentDomainAssemblyResolve(Object sender, AssemblyResolveEventArgs args)
   at Microsoft.VisualStudio.TestPlatform.PlatformAbstractions.PlatformAssemblyResolver.AssemblyResolverEvent(Object sender, Object eventArgs)
   at System.Runtime.Loader.AssemblyLoadContext.GetFirstResolvedAssemblyFromResolvingEvent(AssemblyName assemblyName)
   at System.Runtime.Loader.AssemblyLoadContext.ResolveUsingEvent(AssemblyName assemblyName)
   at System.Runtime.Loader.AssemblyLoadContext.ResolveUsingResolvingEvent(IntPtr gchManagedAssemblyLoadContext, AssemblyName assemblyName)
TpTrace Verbose: 0 : 4524, 1, 2023/01/07, 19:50:26.069, 1107728849068, vstest.console.dll, MetadataReaderExtensionsHelper: Discovering extensions inside assembly 'Microsoft.TestPlatform.Extensions.BlameDataCollector, Version=15.0.0.0, Culture=neutral, PublicKeyToken=b03f5f7f11d50a3a' file path 'C:\Program Files\dotnet\sdk\6.0.402\Extensions\Microsoft.TestPlatform.Extensions.BlameDataCollector.dll'
TpTrace Information: 0 : 4524, 1, 2023/01/07, 19:50:26.069, 1107728854508, vstest.console.dll, GetTestExtensionFromType: Register extension with identifier data 'logger://Microsoft/TestPlatform/Extensions/Blame/v1' and type 'Microsoft.TestPlatform.Extensions.BlameDataCollector.BlameLogger, Microsoft.TestPlatform.Extensions.BlameDataCollector, Version=15.0.0.0, Culture=neutral, PublicKeyToken=b03f5f7f11d50a3a' inside file 'C:\Program Files\dotnet\sdk\6.0.402\Extensions\Microsoft.TestPlatform.Extensions.BlameDataCollector.dll'
TpTrace Verbose: 0 : 4524, 1, 2023/01/07, 19:50:26.069, 1107728855093, vstest.console.dll, MetadataReaderExtensionsHelper: Discovering extensions inside assembly 'Microsoft.TestPlatform.Extensions.EventLogCollector, Version=15.0.0.0, Culture=neutral, PublicKeyToken=b03f5f7f11d50a3a' file path 'C:\Program Files\dotnet\sdk\6.0.402\Extensions\Microsoft.TestPlatform.Extensions.EventLogCollector.dll'
TpTrace Verbose: 0 : 4524, 1, 2023/01/07, 19:50:26.070, 1107728859996, vstest.console.dll, MetadataReaderExtensionsHelper: Discovering extensions inside assembly 'Microsoft.TestPlatform.TestHostRuntimeProvider, Version=15.0.0.0, Culture=neutral, PublicKeyToken=b03f5f7f11d50a3a' file path 'C:\Program Files\dotnet\sdk\6.0.402\Extensions\Microsoft.TestPlatform.TestHostRuntimeProvider.dll'
TpTrace Verbose: 0 : 4524, 1, 2023/01/07, 19:50:26.070, 1107728863943, vstest.console.dll, MetadataReaderExtensionsHelper: Discovering extensions inside assembly 'Microsoft.VisualStudio.TestPlatform.Extensions.Html.TestLogger, Version=15.0.0.0, Culture=neutral, PublicKeyToken=b03f5f7f11d50a3a' file path 'C:\Program Files\dotnet\sdk\6.0.402\Extensions\Microsoft.VisualStudio.TestPlatform.Extensions.Html.TestLogger.dll'
TpTrace Information: 0 : 4524, 1, 2023/01/07, 19:50:26.070, 1107728867692, vstest.console.dll, GetTestExtensionFromType: Register extension with identifier data 'logger://Microsoft/TestPlatform/HtmlLogger/v1' and type 'Microsoft.VisualStudio.TestPlatform.Extensions.HtmlLogger.HtmlLogger, Microsoft.VisualStudio.TestPlatform.Extensions.Html.TestLogger, Version=15.0.0.0, Culture=neutral, PublicKeyToken=b03f5f7f11d50a3a' inside file 'C:\Program Files\dotnet\sdk\6.0.402\Extensions\Microsoft.VisualStudio.TestPlatform.Extensions.Html.TestLogger.dll'
TpTrace Verbose: 0 : 4524, 1, 2023/01/07, 19:50:26.070, 1107728868252, vstest.console.dll, MetadataReaderExtensionsHelper: Discovering extensions inside assembly 'Microsoft.VisualStudio.TestPlatform.Extensions.Trx.TestLogger, Version=15.0.0.0, Culture=neutral, PublicKeyToken=b03f5f7f11d50a3a' file path 'C:\Program Files\dotnet\sdk\6.0.402\Extensions\Microsoft.VisualStudio.TestPlatform.Extensions.Trx.TestLogger.dll'
TpTrace Information: 0 : 4524, 1, 2023/01/07, 19:50:26.071, 1107728872011, vstest.console.dll, GetTestExtensionFromType: Register extension with identifier data 'logger://Microsoft/TestPlatform/TrxLogger/v1' and type 'Microsoft.VisualStudio.TestPlatform.Extensions.TrxLogger.TrxLogger, Microsoft.VisualStudio.TestPlatform.Extensions.Trx.TestLogger, Version=15.0.0.0, Culture=neutral, PublicKeyToken=b03f5f7f11d50a3a' inside file 'C:\Program Files\dotnet\sdk\6.0.402\Extensions\Microsoft.VisualStudio.TestPlatform.Extensions.Trx.TestLogger.dll'
TpTrace Verbose: 0 : 4524, 1, 2023/01/07, 19:50:26.071, 1107728872676, vstest.console.dll, TestPluginCache: Discovered the extensions using extension path ''.
TpTrace Verbose: 0 : 4524, 1, 2023/01/07, 19:50:26.071, 1107728872896, vstest.console.dll, TestPluginCache: Discoverers are ''.
TpTrace Verbose: 0 : 4524, 1, 2023/01/07, 19:50:26.071, 1107728873059, vstest.console.dll, TestPluginCache: Executors are ''.
TpTrace Verbose: 0 : 4524, 1, 2023/01/07, 19:50:26.071, 1107728873216, vstest.console.dll, TestPluginCache: Executors2 are ''.
TpTrace Verbose: 0 : 4524, 1, 2023/01/07, 19:50:26.071, 1107728873369, vstest.console.dll, TestPluginCache: Setting providers are ''.
TpTrace Verbose: 0 : 4524, 1, 2023/01/07, 19:50:26.071, 1107728873954, vstest.console.dll, TestPluginCache: Loggers are 'logger://Microsoft/TestPlatform/Extensions/Blame/v1,logger://Microsoft/TestPlatform/HtmlLogger/v1,logger://Microsoft/TestPlatform/TrxLogger/v1'.
TpTrace Verbose: 0 : 4524, 1, 2023/01/07, 19:50:26.071, 1107728874246, vstest.console.dll, TestPluginCache: TestHosts are 'HostProvider://DefaultTestHost,HostProvider://DotnetTestHost'.
TpTrace Verbose: 0 : 4524, 1, 2023/01/07, 19:50:26.071, 1107728874418, vstest.console.dll, TestPluginCache: DataCollectors are ''.
TpTrace Information: 0 : 4524, 1, 2023/01/07, 19:50:26.072, 1107728879597, vstest.console.dll, TestPluginManager.CreateTestExtension: Attempting to load test extension: Microsoft.TestPlatform.Extensions.BlameDataCollector.BlameLogger
TpTrace Verbose: 0 : 4524, 1, 2023/01/07, 19:50:26.076, 1107728921100, vstest.console.dll, TestEngine: Initializing Parallel Execution as MaxCpuCount is set to: 1
TpTrace Information: 0 : 4524, 1, 2023/01/07, 19:50:26.078, 1107728944112, vstest.console.dll, TestPluginManager.CreateTestExtension: Attempting to load test extension: Microsoft.VisualStudio.TestPlatform.CrossPlatEngine.Hosting.DefaultTestHostManager
TpTrace Information: 0 : 4524, 1, 2023/01/07, 19:50:26.079, 1107728956197, vstest.console.dll, TestPluginManager.CreateTestExtension: Attempting to load test extension: Microsoft.VisualStudio.TestPlatform.CrossPlatEngine.Hosting.DotnetTestHostManager
TpTrace Information: 0 : 4524, 1, 2023/01/07, 19:50:26.080, 1107728960730, vstest.console.dll, InferRunSettingsHelper.IsTestSettingsEnabled: Unable to navigate to RunSettings/MSTest. Current node: RunSettings
TpTrace Verbose: 0 : 4524, 1, 2023/01/07, 19:50:26.083, 1107728996980, vstest.console.dll, TestEngine.GetExecutionManager: Chosen execution manager 'Microsoft.VisualStudio.TestPlatform.CrossPlatEngine.Client.Parallel.ParallelProxyExecutionManager, Microsoft.TestPlatform.CrossPlatEngine, Version=15.0.0.0, Culture=neutral, PublicKeyToken=b03f5f7f11d50a3a' ParallelLevel '1'.
TpTrace Verbose: 0 : 4524, 1, 2023/01/07, 19:50:26.083, 1107728998400, vstest.console.dll, TestRunRequest.ExecuteAsync: Creating test run request.
TpTrace Verbose: 0 : 4524, 1, 2023/01/07, 19:50:26.084, 1107729000076, vstest.console.dll, TestRunRequest.ExecuteAsync: Starting.
TpTrace Information: 0 : 4524, 1, 2023/01/07, 19:50:26.084, 1107729002463, vstest.console.dll, TestRunRequest.ExecuteAsync: Starting run with settings:TestRunCriteria:
   KeepAlive=False,FrequencyOfRunStatsChangeEvent=10,RunStatsChangeEventTimeout=00:00:01.5000000,TestCaseFilter=,TestExecutorLauncher=
   Settingsxml=<RunSettings>
  <RunConfiguration>
    <ResultsDirectory>C:\Users\ASUS\source\repos\VVS-Projekat\Zadaca1\TestProject\bin\Debug\net5.0\fine-code-coverage\coverage-tool-output</ResultsDirectory>
    <TargetPlatform>X64</TargetPlatform>
    <TargetFrameworkVersion>.NETCoreApp,Version=v5.0</TargetFrameworkVersion>
    <DesignMode>False</DesignMode>
    <CollectSourceInformation>False</CollectSourceInformation>
  </RunConfiguration>
  <LoggerRunSettings>
    <Loggers>
      <Logger friendlyName="blame" enabled="True" />
      <Logger friendlyName="Console" uri="logger://microsoft/TestPlatform/ConsoleLogger/v1" assemblyQualifiedName="Microsoft.VisualStudio.TestPlatform.CommandLine.Internal.ConsoleLogger, vstest.console, Version=15.0.0.0, Culture=neutral, PublicKeyToken=b03f5f7f11d50a3a" codeBase="C:\Program Files\dotnet\sdk\6.0.402\vstest.console.dll" enabled="True" />
    </Loggers>
  </LoggerRunSettings>
  <DataCollectionRunSettings>
    <DataCollectors>
      <DataCollector friendlyName="blame" enabled="True">
        <Configuration>
          <ResultsDirectory>C:\Users\ASUS\source\repos\VVS-Projekat\Zadaca1\TestProject\bin\Debug\net5.0\fine-code-coverage\coverage-tool-output</ResultsDirectory>
        </Configuration>
      </DataCollector>
    </DataCollectors>
  </DataCollectionRunSettings>
</RunSettings>

TpTrace Verbose: 0 : 4524, 1, 2023/01/07, 19:50:26.084, 1107729002852, vstest.console.dll, TestRunRequest.ExecuteAsync: Wait for the first run request is over.
TpTrace Verbose: 0 : 4524, 1, 2023/01/07, 19:50:26.084, 1107729005074, vstest.console.dll, MulticastDelegateUtilities.SafeInvoke: TestRun.TestRunStart: Invoking callbacks was skipped because there are no subscribers.
TpTrace Verbose: 0 : 4524, 4, 2023/01/07, 19:50:26.084, 1107729008363, vstest.console.dll, MulticastDelegateUtilities.SafeInvoke: InternalTestLoggerEvents.SendTestRunStart: Invoking callback 1/1 for Microsoft.VisualStudio.TestPlatform.CommandLine.Internal.ConsoleLogger.TestRunStartHandler, took 0 ms.
TpTrace Verbose: 0 : 4524, 1, 2023/01/07, 19:50:26.085, 1107729012232, vstest.console.dll, ParallelProxyExecutionManager: Start execution. Total sources: 1
TpTrace Verbose: 0 : 4524, 1, 2023/01/07, 19:50:26.086, 1107729023097, vstest.console.dll, TestRequestSender is acting as server.
TpTrace Verbose: 0 : 4524, 1, 2023/01/07, 19:50:26.087, 1107729031803, vstest.console.dll, DataCollectionRequestSender.InitializeCommunication : Initialize communication. 
TpTrace Information: 0 : 4524, 1, 2023/01/07, 19:50:26.092, 1107729081536, vstest.console.dll, Listening on Endpoint : 127.0.0.1:2338
TpTrace Verbose: 0 : 4524, 1, 2023/01/07, 19:50:26.099, 1107729152556, vstest.console.dll, DotnetDataCollectionLauncher: Adding  --runtimeconfig "C:\Program Files\dotnet\sdk\6.0.402\datacollector.runtimeconfig.json" in args
TpTrace Verbose: 0 : 4524, 1, 2023/01/07, 19:50:26.099, 1107729153709, vstest.console.dll, DotnetDataCollectionLauncher: Adding  --depsfile "C:\Program Files\dotnet\sdk\6.0.402\datacollector.deps.json" in args
TpTrace Verbose: 0 : 4524, 1, 2023/01/07, 19:50:26.099, 1107729154620, vstest.console.dll, DotnetDataCollectionLauncher: Full path of dotnet.exe is C:\Program Files\dotnet\dotnet.exe
TpTrace Information: 0 : 4524, 1, 2023/01/07, 19:50:26.108, 1107729243954, vstest.console.dll, ProxyDataCollectionManager.Initialize: Launched datacollector processId: 8496 port: 2338
TpTrace Information: 0 : 4524, 1, 2023/01/07, 19:50:26.108, 1107729245396, vstest.console.dll, ProxyDataCollectionManager.Initialize: waiting for connection with timeout: 90 seconds
TpTrace Verbose: 0 : 4524, 1, 2023/01/07, 19:50:26.108, 1107729245762, vstest.console.dll, DataCollectionRequestSender.WaitForRequestHandlerConnection : Waiting for connection with timeout: 90000
TpTrace Information: 0 : 4524, 5, 2023/01/07, 19:50:26.219, 1107730358692, vstest.console.dll, Using the buffer size of 16384 bytes
TpTrace Verbose: 0 : 4524, 1, 2023/01/07, 19:50:26.220, 1107730359019, vstest.console.dll, SocketCommunicationManager.WaitForClientConnection took: 111 ms, with 90000 ms timeout, and finished with True.
TpTrace Information: 0 : 4524, 5, 2023/01/07, 19:50:26.220, 1107730359675, vstest.console.dll, Accepted Client request and set the flag
TpTrace Verbose: 0 : 4524, 1, 2023/01/07, 19:50:26.220, 1107730361008, vstest.console.dll, ProxyDataCollectionManager.InvokeDataCollectionServiceAction: Starting.
TpTrace Information: 0 : 4524, 1, 2023/01/07, 19:50:26.220, 1107730361646, vstest.console.dll, ProxyDataCollectionManager.BeforeTestRunStart: Get environment variable and port for datacollector processId: 8496 port: 2338
TpTrace Verbose: 0 : 4524, 1, 2023/01/07, 19:50:26.220, 1107730362403, vstest.console.dll, DataCollectionRequestSender.SendBeforeTestRunStartAndGetResult: Send BeforeTestRunStart message with settingsXml <RunSettings><RunConfiguration><ResultsDirectory>C:\Users\ASUS\source\repos\VVS-Projekat\Zadaca1\TestProject\bin\Debug\net5.0\fine-code-coverage\coverage-tool-output</ResultsDirectory><TargetPlatform>X64</TargetPlatform><TargetFrameworkVersion>.NETCoreApp,Version=v5.0</TargetFrameworkVersion><DesignMode>False</DesignMode><CollectSourceInformation>False</CollectSourceInformation><TestAdaptersPaths>C:\Program Files\dotnet\sdk\6.0.402\Extensions</TestAdaptersPaths></RunConfiguration><LoggerRunSettings><Loggers><Logger friendlyName="blame" enabled="True" /><Logger friendlyName="Console" uri="logger://microsoft/TestPlatform/ConsoleLogger/v1" assemblyQualifiedName="Microsoft.VisualStudio.TestPlatform.CommandLine.Internal.ConsoleLogger, vstest.console, Version=15.0.0.0, Culture=neutral, PublicKeyToken=b03f5f7f11d50a3a" codeBase="C:\Program Files\dotnet\sdk\6.0.402\vstest.console.dll" enabled="True" /></Loggers></LoggerRunSettings><DataCollectionRunSettings><DataCollectors><DataCollector friendlyName="blame" enabled="True"><Configuration><ResultsDirectory>C:\Users\ASUS\source\repos\VVS-Projekat\Zadaca1\TestProject\bin\Debug\net5.0\fine-code-coverage\coverage-tool-output</ResultsDirectory></Configuration></DataCollector></DataCollectors></DataCollectionRunSettings></RunSettings> and sources System.Collections.Generic.List`1[System.String]: 
TpTrace Verbose: 0 : 4524, 1, 2023/01/07, 19:50:26.274, 1107730899439, vstest.console.dll, DataCollectionRequestSender.SendBeforeTestRunStartAndGetResult: Received message: (DataCollection.SendMessage) -> {"MessageType":"DataCollection.SendMessage","Payload":{"FriendlyName":null,"Uri":null,"TestCaseId":"00000000-0000-0000-0000-000000000000","Message":"Logging DataCollector Diagnostics in file: C:\\Users\\ASUS\\source\\repos\\VVS-Projekat\\Zadaca1\\TestProject\\bin\\Debug\\net5.0\\fine-code-coverage\\coverage-tool-output\\diagnostics.datacollector.23-01-07_19-50-26_09913_1.log","Level":0}}
TpTrace Verbose: 0 : 4524, 1, 2023/01/07, 19:50:26.350, 1107731659278, vstest.console.dll, DataCollectionRequestSender.SendBeforeTestRunStartAndGetResult: Received message: (DataCollection.BeforeTestRunStartResult) -> {"MessageType":"DataCollection.BeforeTestRunStartResult","Payload":{"EnvironmentVariables":{},"DataCollectionEventsPort":2340}}
TpTrace Information: 0 : 4524, 1, 2023/01/07, 19:50:26.354, 1107731704234, vstest.console.dll, ProxyDataCollectionManager.BeforeTestRunStart: SendBeforeTestRunStartAndGetResult successful, env variable from datacollector:   and testhost port: 2340
TpTrace Information: 0 : 4524, 1, 2023/01/07, 19:50:26.354, 1107731705193, vstest.console.dll, ProxyDataCollectionManager.InvokeDataCollectionServiceAction: Completed.
TpTrace Verbose: 0 : 4524, 1, 2023/01/07, 19:50:26.354, 1107731706256, vstest.console.dll, ProxyParallelExecutionManager: No sources available for execution.
TpTrace Information: 0 : 4524, 1, 2023/01/07, 19:50:26.354, 1107731706658, vstest.console.dll, TestRunRequest.ExecuteAsync: Started.
TpTrace Verbose: 0 : 4524, 7, 2023/01/07, 19:50:26.354, 1107731706817, vstest.console.dll, ParallelProxyExecutionManager: Execution started. Started clients: 1
TpTrace Verbose: 0 : 4524, 1, 2023/01/07, 19:50:26.354, 1107731707213, vstest.console.dll, TestRunRequest.WaitForCompletion: Waiting with timeout -1.
TpTrace Verbose: 0 : 4524, 7, 2023/01/07, 19:50:26.355, 1107731712657, vstest.console.dll, TestRunRequest:SendTestRunMessage: Starting.
TpTrace Verbose: 0 : 4524, 4, 2023/01/07, 19:50:26.355, 1107731715152, vstest.console.dll, MulticastDelegateUtilities.SafeInvoke: InternalTestLoggerEvents.SendTestRunMessage: Invoking callback 1/1 for Microsoft.VisualStudio.TestPlatform.CommandLine.Internal.ConsoleLogger.TestMessageHandler, took 0 ms.
TpTrace Verbose: 0 : 4524, 7, 2023/01/07, 19:50:26.355, 1107731715252, vstest.console.dll, MulticastDelegateUtilities.SafeInvoke: TestRun.LogMessages: Invoking callback 1/1 for Microsoft.VisualStudio.TestPlatform.CommandLine.TestRunResultAggregator.TestRunMessageHandler, took 0 ms.
TpTrace Information: 0 : 4524, 7, 2023/01/07, 19:50:26.355, 1107731716242, vstest.console.dll, TestRunRequest:SendTestRunMessage: Completed.
TpTrace Verbose: 0 : 4524, 7, 2023/01/07, 19:50:26.356, 1107731719941, vstest.console.dll, ProxyExecutionManager: Test host is always Lazy initialize.
TpTrace Verbose: 0 : 4524, 7, 2023/01/07, 19:50:26.356, 1107731723623, vstest.console.dll, TestRequestSender.InitializeCommunication: initialize communication. 
TpTrace Information: 0 : 4524, 7, 2023/01/07, 19:50:26.357, 1107731729806, vstest.console.dll, SocketServer.Start: Listening on endpoint : 127.0.0.1:2341
TpTrace Verbose: 0 : 4524, 7, 2023/01/07, 19:50:26.357, 1107731734895, vstest.console.dll, DotnetTestHostmanager.GetTestHostProcessStartInfo: Platform environment 'X64' target architecture 'X64' framework '.NETCoreApp,Version=v5.0' OS 'Windows'
TpTrace Verbose: 0 : 4524, 7, 2023/01/07, 19:50:26.357, 1107731737154, vstest.console.dll, DotnetTestHostmanager: Adding  --runtimeconfig "C:\Users\ASUS\source\repos\VVS-Projekat\Zadaca1\TestProject\bin\Debug\net5.0\fine-code-coverage\build-output\TestProject.runtimeconfig.json" in args
TpTrace Verbose: 0 : 4524, 7, 2023/01/07, 19:50:26.357, 1107731737844, vstest.console.dll, DotnetTestHostmanager: Adding  --depsfile "C:\Users\ASUS\source\repos\VVS-Projekat\Zadaca1\TestProject\bin\Debug\net5.0\fine-code-coverage\build-output\TestProject.deps.json" in args
TpTrace Verbose: 0 : 4524, 7, 2023/01/07, 19:50:26.358, 1107731739222, vstest.console.dll, DotnetTestHostmanager.IsWinOnArm: Current PROCESSOR_ARCHITECTURE from environment variable 'AMD64'
TpTrace Verbose: 0 : 4524, 7, 2023/01/07, 19:50:26.358, 1107731739623, vstest.console.dll, DotnetTestHostmanager.IsWinOnArm: Is Windows on ARM 'False'
TpTrace Verbose: 0 : 4524, 7, 2023/01/07, 19:50:26.358, 1107731740256, vstest.console.dll, DotnetTestHostManager: testhost.exe found at path: C:\Users\ASUS\source\repos\VVS-Projekat\Zadaca1\TestProject\bin\Debug\net5.0\fine-code-coverage\build-output\testhost.exe
TpTrace Verbose: 0 : 4524, 7, 2023/01/07, 19:50:26.358, 1107731740534, vstest.console.dll, DotnetTestHostmanager: Full path of host exe is C:\Users\ASUS\source\repos\VVS-Projekat\Zadaca1\TestProject\bin\Debug\net5.0\fine-code-coverage\build-output\testhost.exe
TpTrace Verbose: 0 : 4524, 7, 2023/01/07, 19:50:26.358, 1107731741508, vstest.console.dll, DotnetTestHostmanager.LaunchTestHostAsync: Found 'VSTEST_WINAPPHOST_DOTNET_ROOT' in env variables, value 'C:\Program Files\dotnet', forwarding to 'DOTNET_ROOT'
TpTrace Verbose: 0 : 4524, 7, 2023/01/07, 19:50:26.358, 1107731742677, vstest.console.dll, DotnetTestHostManager: Starting process 'C:\Users\ASUS\source\repos\VVS-Projekat\Zadaca1\TestProject\bin\Debug\net5.0\fine-code-coverage\build-output\testhost.exe' with command line ' --runtimeconfig "C:\Users\ASUS\source\repos\VVS-Projekat\Zadaca1\TestProject\bin\Debug\net5.0\fine-code-coverage\build-output\TestProject.runtimeconfig.json" --depsfile "C:\Users\ASUS\source\repos\VVS-Projekat\Zadaca1\TestProject\bin\Debug\net5.0\fine-code-coverage\build-output\TestProject.deps.json" --port 2341 --endpoint 127.0.0.1:02341 --role client --parentprocessid 4524 --diag "C:\Users\ASUS\source\repos\VVS-Projekat\Zadaca1\TestProject\bin\Debug\net5.0\fine-code-coverage\coverage-tool-output\diagnostics.host.23-01-07_19-50-26_35735_7.log" --tracelevel 4 --datacollectionport 2340 --telemetryoptedin false'
TpTrace Verbose: 0 : 4524, 7, 2023/01/07, 19:50:26.363, 1107731790532, vstest.console.dll, MulticastDelegateUtilities.SafeInvoke: HostProviderEvents.OnHostLaunched: Invoking callback 1/2 for Microsoft.VisualStudio.TestPlatform.CrossPlatEngine.Client.ProxyExecutionManagerWithDataCollection.TestHostLaunchedHandler, took 0 ms.
TpTrace Verbose: 0 : 4524, 7, 2023/01/07, 19:50:26.363, 1107731791547, vstest.console.dll, Test Runtime launched
TpTrace Verbose: 0 : 4524, 7, 2023/01/07, 19:50:26.363, 1107731791808, vstest.console.dll, MulticastDelegateUtilities.SafeInvoke: HostProviderEvents.OnHostLaunched: Invoking callback 2/2 for Microsoft.VisualStudio.TestPlatform.CrossPlatEngine.Client.ProxyOperationManager.TestHostManagerHostLaunched, took 0 ms.
TpTrace Verbose: 0 : 4524, 7, 2023/01/07, 19:50:26.363, 1107731793070, vstest.console.dll, TestRequestSender.WaitForRequestHandlerConnection: waiting for connection with timeout: 90000.
TpTrace Verbose: 0 : 4524, 7, 2023/01/07, 19:50:26.493, 1107733098088, vstest.console.dll, TestRequestSender.WaitForRequestHandlerConnection: waiting took 130 ms, with timeout 90000 ms, and result 0, which is success.
TpTrace Verbose: 0 : 4524, 13, 2023/01/07, 19:50:26.493, 1107733098087, vstest.console.dll, MulticastDelegateUtilities.SafeInvoke: SocketServer: ClientConnected: Invoking callback 1/1 for Microsoft.VisualStudio.TestPlatform.CommunicationUtilities.TestRequestSender.<InitializeCommunication>b__24_0, took 0 ms.
TpTrace Verbose: 0 : 4524, 13, 2023/01/07, 19:50:26.494, 1107733100058, vstest.console.dll, SocketServer.OnClientConnected: Client connected for endPoint: 127.0.0.1:2341, starting MessageLoopAsync:
TpTrace Verbose: 0 : 4524, 13, 2023/01/07, 19:50:26.494, 1107733103345, vstest.console.dll, TcpClientExtensions.MessageLoopAsync: Polling on remoteEndPoint: 127.0.0.1:2342 localEndPoint: 127.0.0.1:2341
TpTrace Verbose: 0 : 4524, 7, 2023/01/07, 19:50:26.494, 1107733106358, vstest.console.dll, TestRequestSender.CheckVersionWithTestHost: Sending check version message: {"MessageType":"ProtocolVersion","Payload":7}
TpTrace Verbose: 0 : 4524, 13, 2023/01/07, 19:50:26.604, 1107734207787, vstest.console.dll, TcpClientExtensions.MessageLoopAsync: NotifyDataAvailable remoteEndPoint: 127.0.0.1:2342 localEndPoint: 127.0.0.1:2341
TpTrace Verbose: 0 : 4524, 13, 2023/01/07, 19:50:26.605, 1107734209839, vstest.console.dll, TestRequestSender.CheckVersionWithTestHost: onMessageReceived received message: (ProtocolVersion) -> {"MessageType":"ProtocolVersion","Payload":5}
TpTrace Verbose: 0 : 4524, 13, 2023/01/07, 19:50:26.605, 1107734214877, vstest.console.dll, MulticastDelegateUtilities.SafeInvoke: LengthPrefixCommunicationChannel: MessageReceived: Invoking callback 1/1 for Microsoft.VisualStudio.TestPlatform.CommunicationUtilities.TestRequestSender+<>c__DisplayClass26_0.<CheckVersionWithTestHost>b__0, took 0 ms.
TpTrace Verbose: 0 : 4524, 7, 2023/01/07, 19:50:26.605, 1107734215395, vstest.console.dll, TestPluginCache.GetExtensionPaths: Filtered extension paths: 
TpTrace Verbose: 0 : 4524, 13, 2023/01/07, 19:50:26.605, 1107734215661, vstest.console.dll, TcpClientExtensions.MessageLoopAsync: Polling on remoteEndPoint: 127.0.0.1:2342 localEndPoint: 127.0.0.1:2341
TpTrace Verbose: 0 : 4524, 7, 2023/01/07, 19:50:26.605, 1107734215972, vstest.console.dll, TestPluginCache.GetExtensionPaths: Added default extension paths: C:\Program Files\dotnet\sdk\6.0.402\Extensions\Microsoft.Diagnostics.NETCore.Client.dll
C:\Program Files\dotnet\sdk\6.0.402\Extensions\Microsoft.TestPlatform.Extensions.BlameDataCollector.dll
C:\Program Files\dotnet\sdk\6.0.402\Extensions\Microsoft.TestPlatform.Extensions.EventLogCollector.dll
C:\Program Files\dotnet\sdk\6.0.402\Extensions\Microsoft.TestPlatform.TestHostRuntimeProvider.dll
C:\Program Files\dotnet\sdk\6.0.402\Extensions\Microsoft.VisualStudio.TestPlatform.Extensions.Html.TestLogger.dll
C:\Program Files\dotnet\sdk\6.0.402\Extensions\Microsoft.VisualStudio.TestPlatform.Extensions.Trx.TestLogger.dll
TpTrace Verbose: 0 : 4524, 7, 2023/01/07, 19:50:26.605, 1107734216393, vstest.console.dll, TestPluginCache.GetExtensionPaths: Added unfilterableExtensionPaths: 
TpTrace Verbose: 0 : 4524, 7, 2023/01/07, 19:50:26.609, 1107734252730, vstest.console.dll, TestRequestSender.InitializeExecution: Sending initialize execution with message: {"Version":5,"MessageType":"TestExecution.Initialize","Payload":["C:\\Users\\ASUS\\source\\repos\\VVS-Projekat\\Zadaca1\\TestProject\\bin\\Debug\\net5.0\\fine-code-coverage\\build-output\\Microsoft.VisualStudio.TestPlatform.MSTest.TestAdapter.dll"]}
TpTrace Warning: 0 : 4524, 7, 2023/01/07, 19:50:26.609, 1107734256779, vstest.console.dll, InferRunSettingsHelper.MakeRunsettingsCompatible: Removing the following settings: TargetPlatform from RunSettings file. To use those settings please move to latest version of Microsoft.NET.Test.Sdk
TpTrace Verbose: 0 : 4524, 13, 2023/01/07, 19:50:26.614, 1107734303176, vstest.console.dll, TcpClientExtensions.MessageLoopAsync: NotifyDataAvailable remoteEndPoint: 127.0.0.1:2342 localEndPoint: 127.0.0.1:2341
TpTrace Verbose: 0 : 4524, 13, 2023/01/07, 19:50:26.614, 1107734304601, vstest.console.dll, TestRequestSender.OnExecutionMessageReceived: Received message: {"Version":5,"MessageType":"TestSession.Message","Payload":{"MessageLevel":0,"Message":"Logging TestHost Diagnostics in file: C:\\Users\\ASUS\\source\\repos\\VVS-Projekat\\Zadaca1\\TestProject\\bin\\Debug\\net5.0\\fine-code-coverage\\coverage-tool-output\\diagnostics.host.23-01-07_19-50-26_35735_7.log"}}
TpTrace Verbose: 0 : 4524, 7, 2023/01/07, 19:50:26.616, 1107734322988, vstest.console.dll, TestRequestSender.StartTestRun: Sending test run with message: {"Version":5,"MessageType":"TestExecution.StartWithSources","Payload":{"AdapterSourceMap":{"_none_":["C:\\Users\\ASUS\\source\\repos\\VVS-Projekat\\Zadaca1\\TestProject\\bin\\Debug\\net5.0\\fine-code-coverage\\build-output\\TestProject.dll"]},"RunSettings":"<RunSettings>\r\n  <RunConfiguration>\r\n    <ResultsDirectory>C:\\Users\\ASUS\\source\\repos\\VVS-Projekat\\Zadaca1\\TestProject\\bin\\Debug\\net5.0\\fine-code-coverage\\coverage-tool-output</ResultsDirectory>\r\n    <TargetFrameworkVersion>.NETCoreApp,Version=v5.0</TargetFrameworkVersion>\r\n    <DesignMode>False</DesignMode>\r\n    <CollectSourceInformation>False</CollectSourceInformation>\r\n  </RunConfiguration>\r\n  <LoggerRunSettings>\r\n    <Loggers>\r\n      <Logger friendlyName=\"blame\" enabled=\"True\" />\r\n      <Logger friendlyName=\"Console\" uri=\"logger://microsoft/TestPlatform/ConsoleLogger/v1\" assemblyQualifiedName=\"Microsoft.VisualStudio.TestPlatform.CommandLine.Internal.ConsoleLogger, vstest.console, Version=15.0.0.0, Culture=neutral, PublicKeyToken=b03f5f7f11d50a3a\" codeBase=\"C:\\Program Files\\dotnet\\sdk\\6.0.402\\vstest.console.dll\" enabled=\"True\" />\r\n    </Loggers>\r\n  </LoggerRunSettings>\r\n  <DataCollectionRunSettings>\r\n    <DataCollectors>\r\n      <DataCollector friendlyName=\"blame\" enabled=\"True\">\r\n        <Configuration>\r\n          <ResultsDirectory>C:\\Users\\ASUS\\source\\repos\\VVS-Projekat\\Zadaca1\\TestProject\\bin\\Debug\\net5.0\\fine-code-coverage\\coverage-tool-output</ResultsDirectory>\r\n        </Configuration>\r\n      </DataCollector>\r\n    </DataCollectors>\r\n  </DataCollectionRunSettings>\r\n</RunSettings>","TestExecutionContext":{"FrequencyOfRunStatsChangeEvent":10,"RunStatsChangeEventTimeout":"00:00:01.5000000","InIsolation":false,"KeepAlive":false,"AreTestCaseLevelEventsRequired":false,"IsDebug":false,"TestCaseFilter":null,"FilterOptions":null},"Package":null}}
TpTrace Verbose: 0 : 4524, 13, 2023/01/07, 19:50:26.616, 1107734324645, vstest.console.dll, TestRunRequest:SendTestRunMessage: Starting.
TpTrace Verbose: 0 : 4524, 13, 2023/01/07, 19:50:26.616, 1107734325745, vstest.console.dll, MulticastDelegateUtilities.SafeInvoke: TestRun.LogMessages: Invoking callback 1/1 for Microsoft.VisualStudio.TestPlatform.CommandLine.TestRunResultAggregator.TestRunMessageHandler, took 0 ms.
TpTrace Information: 0 : 4524, 13, 2023/01/07, 19:50:26.616, 1107734325968, vstest.console.dll, TestRunRequest:SendTestRunMessage: Completed.
TpTrace Verbose: 0 : 4524, 13, 2023/01/07, 19:50:26.616, 1107734326299, vstest.console.dll, MulticastDelegateUtilities.SafeInvoke: LengthPrefixCommunicationChannel: MessageReceived: Invoking callback 1/1 for Microsoft.VisualStudio.TestPlatform.CommunicationUtilities.TestRequestSender+<>c__DisplayClass31_0.<StartTestRun>b__1, took 2 ms.
TpTrace Verbose: 0 : 4524, 4, 2023/01/07, 19:50:26.616, 1107734326268, vstest.console.dll, MulticastDelegateUtilities.SafeInvoke: InternalTestLoggerEvents.SendTestRunMessage: Invoking callback 1/1 for Microsoft.VisualStudio.TestPlatform.CommandLine.Internal.ConsoleLogger.TestMessageHandler, took 0 ms.
TpTrace Verbose: 0 : 4524, 13, 2023/01/07, 19:50:26.616, 1107734326504, vstest.console.dll, TcpClientExtensions.MessageLoopAsync: Polling on remoteEndPoint: 127.0.0.1:2342 localEndPoint: 127.0.0.1:2341
TpTrace Verbose: 0 : 4524, 13, 2023/01/07, 19:50:27.631, 1107744477998, vstest.console.dll, TcpClientExtensions.MessageLoopAsync: Polling on remoteEndPoint: 127.0.0.1:2342 localEndPoint: 127.0.0.1:2341
TpTrace Verbose: 0 : 4524, 13, 2023/01/07, 19:50:28.234, 1107750506124, vstest.console.dll, TcpClientExtensions.MessageLoopAsync: NotifyDataAvailable remoteEndPoint: 127.0.0.1:2342 localEndPoint: 127.0.0.1:2341
TpTrace Verbose: 0 : 4524, 13, 2023/01/07, 19:50:28.234, 1107750508723, vstest.console.dll, TestRequestSender.OnExecutionMessageReceived: Received message: {"Version":5,"MessageType":"TestExecution.StatsChange","Payload":{"NewTestResults":[],"TestRunStatistics":{"ExecutedTests":0,"Stats":{}},"ActiveTests":[{"Id":"c4ef924a-378e-087e-41ad-d55c040f128a","FullyQualifiedName":"TestProject.TuningTests.TestTunning1","DisplayName":"TestTunning1","ExecutorUri":"executor://MSTestAdapter/v2","Source":"C:\\Users\\ASUS\\source\\repos\\VVS-Projekat\\Zadaca1\\TestProject\\bin\\Debug\\net5.0\\fine-code-coverage\\build-output\\TestProject.dll","CodeFilePath":null,"LineNumber":-1,"Properties":[{"Key":{"Id":"TestCase.ManagedType","Label":"ManagedType","Category":"","Description":"","Attributes":1,"ValueType":"System.String"},"Value":"TestProject.TuningTests"},{"Key":{"Id":"TestCase.ManagedMethod","Label":"ManagedMethod","Category":"","Description":"","Attributes":1,"ValueType":"System.String"},"Value":"TestTunning1"},{"Key":{"Id":"MSTestDiscoverer.TestClassName","Label":"ClassName","Category":"","Description":"","Attributes":1,"ValueType":"System.String"},"Value":"TestProject.TuningTests"},{"Key":{"Id":"TestCase.Hierarchy","Label":"Hierarchy","Category":"","Description":"","Attributes":2,"ValueType":"System.String[]"},"Value":["TestProject","TuningTests"]},{"Key":{"Id":"TestObject.Traits","Label":"Traits","Category":"","Description":"","Attributes":5,"ValueType":"System.Collections.Generic.KeyValuePair`2[[System.String],[System.String]][]"},"Value":[]}]}]}}
TpTrace Verbose: 0 : 4524, 13, 2023/01/07, 19:50:28.272, 1107750887394, vstest.console.dll, TestRunRequest:SendTestRunStatsChange: Starting.
TpTrace Verbose: 0 : 4524, 13, 2023/01/07, 19:50:28.273, 1107750891412, vstest.console.dll, InProgress is TestTunning1
TpTrace Verbose: 0 : 4524, 13, 2023/01/07, 19:50:28.273, 1107750893922, vstest.console.dll, MulticastDelegateUtilities.SafeInvoke: TestRun.RunStatsChanged: Invoking callbacks was skipped because there are no subscribers.
TpTrace Information: 0 : 4524, 13, 2023/01/07, 19:50:28.273, 1107750894594, vstest.console.dll, TestRunRequest:SendTestRunStatsChange: Completed.
TpTrace Verbose: 0 : 4524, 13, 2023/01/07, 19:50:28.273, 1107750895150, vstest.console.dll, MulticastDelegateUtilities.SafeInvoke: LengthPrefixCommunicationChannel: MessageReceived: Invoking callback 1/1 for Microsoft.VisualStudio.TestPlatform.CommunicationUtilities.TestRequestSender+<>c__DisplayClass31_0.<StartTestRun>b__1, took 38 ms.
TpTrace Verbose: 0 : 4524, 13, 2023/01/07, 19:50:28.273, 1107750895618, vstest.console.dll, TcpClientExtensions.MessageLoopAsync: Polling on remoteEndPoint: 127.0.0.1:2342 localEndPoint: 127.0.0.1:2341
TpTrace Verbose: 0 : 4524, 13, 2023/01/07, 19:50:29.281, 1107760972120, vstest.console.dll, TcpClientExtensions.MessageLoopAsync: Polling on remoteEndPoint: 127.0.0.1:2342 localEndPoint: 127.0.0.1:2341
TpTrace Verbose: 0 : 4524, 13, 2023/01/07, 19:50:30.290, 1107771066856, vstest.console.dll, TcpClientExtensions.MessageLoopAsync: Polling on remoteEndPoint: 127.0.0.1:2342 localEndPoint: 127.0.0.1:2341
TpTrace Verbose: 0 : 4524, 13, 2023/01/07, 19:50:31.304, 1107781205153, vstest.console.dll, TcpClientExtensions.MessageLoopAsync: Polling on remoteEndPoint: 127.0.0.1:2342 localEndPoint: 127.0.0.1:2341
TpTrace Verbose: 0 : 4524, 13, 2023/01/07, 19:50:32.314, 1107791305421, vstest.console.dll, TcpClientExtensions.MessageLoopAsync: Polling on remoteEndPoint: 127.0.0.1:2342 localEndPoint: 127.0.0.1:2341
TpTrace Verbose: 0 : 4524, 13, 2023/01/07, 19:50:33.325, 1107801409889, vstest.console.dll, TcpClientExtensions.MessageLoopAsync: Polling on remoteEndPoint: 127.0.0.1:2342 localEndPoint: 127.0.0.1:2341
TpTrace Verbose: 0 : 4524, 13, 2023/01/07, 19:50:34.326, 1107811425383, vstest.console.dll, TcpClientExtensions.MessageLoopAsync: Polling on remoteEndPoint: 127.0.0.1:2342 localEndPoint: 127.0.0.1:2341
TpTrace Verbose: 0 : 4524, 13, 2023/01/07, 19:50:35.339, 1107821558744, vstest.console.dll, TcpClientExtensions.MessageLoopAsync: Polling on remoteEndPoint: 127.0.0.1:2342 localEndPoint: 127.0.0.1:2341
TpTrace Verbose: 0 : 4524, 13, 2023/01/07, 19:50:36.354, 1107831707625, vstest.console.dll, TcpClientExtensions.MessageLoopAsync: Polling on remoteEndPoint: 127.0.0.1:2342 localEndPoint: 127.0.0.1:2341
TpTrace Verbose: 0 : 4524, 13, 2023/01/07, 19:50:37.361, 1107841770698, vstest.console.dll, TcpClientExtensions.MessageLoopAsync: Polling on remoteEndPoint: 127.0.0.1:2342 localEndPoint: 127.0.0.1:2341
TpTrace Verbose: 0 : 4524, 13, 2023/01/07, 19:50:38.376, 1107851921477, vstest.console.dll, TcpClientExtensions.MessageLoopAsync: Polling on remoteEndPoint: 127.0.0.1:2342 localEndPoint: 127.0.0.1:2341
TpTrace Verbose: 0 : 4524, 13, 2023/01/07, 19:50:39.388, 1107862042747, vstest.console.dll, TcpClientExtensions.MessageLoopAsync: Polling on remoteEndPoint: 127.0.0.1:2342 localEndPoint: 127.0.0.1:2341
TpTrace Verbose: 0 : 4524, 13, 2023/01/07, 19:50:40.389, 1107872057934, vstest.console.dll, TcpClientExtensions.MessageLoopAsync: Polling on remoteEndPoint: 127.0.0.1:2342 localEndPoint: 127.0.0.1:2341
TpTrace Verbose: 0 : 4524, 13, 2023/01/07, 19:50:41.402, 1107882185016, vstest.console.dll, TcpClientExtensions.MessageLoopAsync: Polling on remoteEndPoint: 127.0.0.1:2342 localEndPoint: 127.0.0.1:2341
TpTrace Verbose: 0 : 4524, 13, 2023/01/07, 19:50:42.414, 1107892307952, vstest.console.dll, TcpClientExtensions.MessageLoopAsync: Polling on remoteEndPoint: 127.0.0.1:2342 localEndPoint: 127.0.0.1:2341
TpTrace Verbose: 0 : 4524, 13, 2023/01/07, 19:50:43.416, 1107902321769, vstest.console.dll, TcpClientExtensions.MessageLoopAsync: Polling on remoteEndPoint: 127.0.0.1:2342 localEndPoint: 127.0.0.1:2341
TpTrace Verbose: 0 : 4524, 13, 2023/01/07, 19:50:44.419, 1107912356278, vstest.console.dll, TcpClientExtensions.MessageLoopAsync: Polling on remoteEndPoint: 127.0.0.1:2342 localEndPoint: 127.0.0.1:2341
TpTrace Verbose: 0 : 4524, 13, 2023/01/07, 19:50:45.421, 1107922375374, vstest.console.dll, TcpClientExtensions.MessageLoopAsync: Polling on remoteEndPoint: 127.0.0.1:2342 localEndPoint: 127.0.0.1:2341
TpTrace Verbose: 0 : 4524, 13, 2023/01/07, 19:50:46.428, 1107932441401, vstest.console.dll, TcpClientExtensions.MessageLoopAsync: Polling on remoteEndPoint: 127.0.0.1:2342 localEndPoint: 127.0.0.1:2341
TpTrace Verbose: 0 : 4524, 13, 2023/01/07, 19:50:47.434, 1107942498917, vstest.console.dll, TcpClientExtensions.MessageLoopAsync: Polling on remoteEndPoint: 127.0.0.1:2342 localEndPoint: 127.0.0.1:2341
TpTrace Verbose: 0 : 4524, 13, 2023/01/07, 19:50:48.436, 1107952527354, vstest.console.dll, TcpClientExtensions.MessageLoopAsync: Polling on remoteEndPoint: 127.0.0.1:2342 localEndPoint: 127.0.0.1:2341
TpTrace Verbose: 0 : 4524, 13, 2023/01/07, 19:50:49.447, 1107962631546, vstest.console.dll, TcpClientExtensions.MessageLoopAsync: Polling on remoteEndPoint: 127.0.0.1:2342 localEndPoint: 127.0.0.1:2341
TpTrace Verbose: 0 : 4524, 13, 2023/01/07, 19:50:50.455, 1107972711661, vstest.console.dll, TcpClientExtensions.MessageLoopAsync: Polling on remoteEndPoint: 127.0.0.1:2342 localEndPoint: 127.0.0.1:2341
TpTrace Verbose: 0 : 4524, 13, 2023/01/07, 19:50:51.462, 1107982785010, vstest.console.dll, TcpClientExtensions.MessageLoopAsync: Polling on remoteEndPoint: 127.0.0.1:2342 localEndPoint: 127.0.0.1:2341
TpTrace Verbose: 0 : 4524, 13, 2023/01/07, 19:50:52.463, 1107992790828, vstest.console.dll, TcpClientExtensions.MessageLoopAsync: Polling on remoteEndPoint: 127.0.0.1:2342 localEndPoint: 127.0.0.1:2341
TpTrace Verbose: 0 : 4524, 13, 2023/01/07, 19:50:53.474, 1108002899413, vstest.console.dll, TcpClientExtensions.MessageLoopAsync: Polling on remoteEndPoint: 127.0.0.1:2342 localEndPoint: 127.0.0.1:2341
TpTrace Verbose: 0 : 4524, 13, 2023/01/07, 19:50:54.486, 1108013025398, vstest.console.dll, TcpClientExtensions.MessageLoopAsync: Polling on remoteEndPoint: 127.0.0.1:2342 localEndPoint: 127.0.0.1:2341
TpTrace Verbose: 0 : 4524, 13, 2023/01/07, 19:50:55.501, 1108023170857, vstest.console.dll, TcpClientExtensions.MessageLoopAsync: Polling on remoteEndPoint: 127.0.0.1:2342 localEndPoint: 127.0.0.1:2341
TpTrace Verbose: 0 : 4524, 13, 2023/01/07, 19:50:56.503, 1108033198223, vstest.console.dll, TcpClientExtensions.MessageLoopAsync: Polling on remoteEndPoint: 127.0.0.1:2342 localEndPoint: 127.0.0.1:2341
TpTrace Verbose: 0 : 4524, 13, 2023/01/07, 19:50:57.508, 1108043245977, vstest.console.dll, TcpClientExtensions.MessageLoopAsync: Polling on remoteEndPoint: 127.0.0.1:2342 localEndPoint: 127.0.0.1:2341
TpTrace Verbose: 0 : 4524, 13, 2023/01/07, 19:50:58.510, 1108053258915, vstest.console.dll, TcpClientExtensions.MessageLoopAsync: Polling on remoteEndPoint: 127.0.0.1:2342 localEndPoint: 127.0.0.1:2341
TpTrace Verbose: 0 : 4524, 13, 2023/01/07, 19:50:59.519, 1108063356891, vstest.console.dll, TcpClientExtensions.MessageLoopAsync: Polling on remoteEndPoint: 127.0.0.1:2342 localEndPoint: 127.0.0.1:2341
TpTrace Verbose: 0 : 4524, 13, 2023/01/07, 19:51:00.532, 1108073485173, vstest.console.dll, TcpClientExtensions.MessageLoopAsync: Polling on remoteEndPoint: 127.0.0.1:2342 localEndPoint: 127.0.0.1:2341
TpTrace Verbose: 0 : 4524, 13, 2023/01/07, 19:51:01.540, 1108083567651, vstest.console.dll, TcpClientExtensions.MessageLoopAsync: Polling on remoteEndPoint: 127.0.0.1:2342 localEndPoint: 127.0.0.1:2341
TpTrace Verbose: 0 : 4524, 13, 2023/01/07, 19:51:02.554, 1108093705008, vstest.console.dll, TcpClientExtensions.MessageLoopAsync: Polling on remoteEndPoint: 127.0.0.1:2342 localEndPoint: 127.0.0.1:2341
TpTrace Verbose: 0 : 4524, 13, 2023/01/07, 19:51:03.559, 1108103750754, vstest.console.dll, TcpClientExtensions.MessageLoopAsync: Polling on remoteEndPoint: 127.0.0.1:2342 localEndPoint: 127.0.0.1:2341
TpTrace Verbose: 0 : 4524, 13, 2023/01/07, 19:51:04.568, 1108113840219, vstest.console.dll, TcpClientExtensions.MessageLoopAsync: Polling on remoteEndPoint: 127.0.0.1:2342 localEndPoint: 127.0.0.1:2341
TpTrace Verbose: 0 : 4524, 13, 2023/01/07, 19:51:05.573, 1108123893402, vstest.console.dll, TcpClientExtensions.MessageLoopAsync: Polling on remoteEndPoint: 127.0.0.1:2342 localEndPoint: 127.0.0.1:2341
TpTrace Verbose: 0 : 4524, 13, 2023/01/07, 19:51:06.584, 1108133999189, vstest.console.dll, TcpClientExtensions.MessageLoopAsync: Polling on remoteEndPoint: 127.0.0.1:2342 localEndPoint: 127.0.0.1:2341
TpTrace Verbose: 0 : 4524, 13, 2023/01/07, 19:51:07.597, 1108144129694, vstest.console.dll, TcpClientExtensions.MessageLoopAsync: Polling on remoteEndPoint: 127.0.0.1:2342 localEndPoint: 127.0.0.1:2341
TpTrace Verbose: 0 : 4524, 13, 2023/01/07, 19:51:08.598, 1108154139702, vstest.console.dll, TcpClientExtensions.MessageLoopAsync: Polling on remoteEndPoint: 127.0.0.1:2342 localEndPoint: 127.0.0.1:2341
TpTrace Verbose: 0 : 4524, 13, 2023/01/07, 19:51:09.606, 1108164219522, vstest.console.dll, TcpClientExtensions.MessageLoopAsync: Polling on remoteEndPoint: 127.0.0.1:2342 localEndPoint: 127.0.0.1:2341
TpTrace Verbose: 0 : 4524, 13, 2023/01/07, 19:51:10.620, 1108174366672, vstest.console.dll, TcpClientExtensions.MessageLoopAsync: Polling on remoteEndPoint: 127.0.0.1:2342 localEndPoint: 127.0.0.1:2341
TpTrace Verbose: 0 : 4524, 13, 2023/01/07, 19:51:11.620, 1108184365286, vstest.console.dll, TcpClientExtensions.MessageLoopAsync: Polling on remoteEndPoint: 127.0.0.1:2342 localEndPoint: 127.0.0.1:2341
TpTrace Verbose: 0 : 4524, 13, 2023/01/07, 19:51:12.635, 1108194514546, vstest.console.dll, TcpClientExtensions.MessageLoopAsync: Polling on remoteEndPoint: 127.0.0.1:2342 localEndPoint: 127.0.0.1:2341
TpTrace Verbose: 0 : 4524, 13, 2023/01/07, 19:51:13.639, 1108204554230, vstest.console.dll, TcpClientExtensions.MessageLoopAsync: Polling on remoteEndPoint: 127.0.0.1:2342 localEndPoint: 127.0.0.1:2341
TpTrace Verbose: 0 : 4524, 13, 2023/01/07, 19:51:14.640, 1108214563000, vstest.console.dll, TcpClientExtensions.MessageLoopAsync: Polling on remoteEndPoint: 127.0.0.1:2342 localEndPoint: 127.0.0.1:2341
TpTrace Verbose: 0 : 4524, 13, 2023/01/07, 19:51:15.648, 1108224644329, vstest.console.dll, TcpClientExtensions.MessageLoopAsync: Polling on remoteEndPoint: 127.0.0.1:2342 localEndPoint: 127.0.0.1:2341
TpTrace Verbose: 0 : 4524, 13, 2023/01/07, 19:51:16.661, 1108234772764, vstest.console.dll, TcpClientExtensions.MessageLoopAsync: Polling on remoteEndPoint: 127.0.0.1:2342 localEndPoint: 127.0.0.1:2341
TpTrace Verbose: 0 : 4524, 13, 2023/01/07, 19:51:17.662, 1108244780682, vstest.console.dll, TcpClientExtensions.MessageLoopAsync: Polling on remoteEndPoint: 127.0.0.1:2342 localEndPoint: 127.0.0.1:2341
TpTrace Verbose: 0 : 4524, 13, 2023/01/07, 19:51:18.672, 1108254881525, vstest.console.dll, TcpClientExtensions.MessageLoopAsync: Polling on remoteEndPoint: 127.0.0.1:2342 localEndPoint: 127.0.0.1:2341
TpTrace Verbose: 0 : 4524, 13, 2023/01/07, 19:51:19.685, 1108265013893, vstest.console.dll, TcpClientExtensions.MessageLoopAsync: Polling on remoteEndPoint: 127.0.0.1:2342 localEndPoint: 127.0.0.1:2341
TpTrace Verbose: 0 : 4524, 13, 2023/01/07, 19:51:20.687, 1108275030879, vstest.console.dll, TcpClientExtensions.MessageLoopAsync: Polling on remoteEndPoint: 127.0.0.1:2342 localEndPoint: 127.0.0.1:2341
TpTrace Verbose: 0 : 4524, 13, 2023/01/07, 19:51:21.696, 1108285123741, vstest.console.dll, TcpClientExtensions.MessageLoopAsync: Polling on remoteEndPoint: 127.0.0.1:2342 localEndPoint: 127.0.0.1:2341
TpTrace Verbose: 0 : 4524, 13, 2023/01/07, 19:51:22.712, 1108295279075, vstest.console.dll, TcpClientExtensions.MessageLoopAsync: Polling on remoteEndPoint: 127.0.0.1:2342 localEndPoint: 127.0.0.1:2341
TpTrace Verbose: 0 : 4524, 13, 2023/01/07, 19:51:23.727, 1108305430720, vstest.console.dll, TcpClientExtensions.MessageLoopAsync: Polling on remoteEndPoint: 127.0.0.1:2342 localEndPoint: 127.0.0.1:2341
TpTrace Verbose: 0 : 4524, 13, 2023/01/07, 19:51:24.742, 1108315581633, vstest.console.dll, TcpClientExtensions.MessageLoopAsync: Polling on remoteEndPoint: 127.0.0.1:2342 localEndPoint: 127.0.0.1:2341
TpTrace Verbose: 0 : 4524, 13, 2023/01/07, 19:51:25.746, 1108325625342, vstest.console.dll, TcpClientExtensions.MessageLoopAsync: Polling on remoteEndPoint: 127.0.0.1:2342 localEndPoint: 127.0.0.1:2341
TpTrace Verbose: 0 : 4524, 13, 2023/01/07, 19:51:26.757, 1108335737237, vstest.console.dll, TcpClientExtensions.MessageLoopAsync: Polling on remoteEndPoint: 127.0.0.1:2342 localEndPoint: 127.0.0.1:2341
TpTrace Verbose: 0 : 4524, 13, 2023/01/07, 19:51:27.759, 1108345754295, vstest.console.dll, TcpClientExtensions.MessageLoopAsync: Polling on remoteEndPoint: 127.0.0.1:2342 localEndPoint: 127.0.0.1:2341
TpTrace Verbose: 0 : 4524, 13, 2023/01/07, 19:51:28.775, 1108355909912, vstest.console.dll, TcpClientExtensions.MessageLoopAsync: Polling on remoteEndPoint: 127.0.0.1:2342 localEndPoint: 127.0.0.1:2341
TpTrace Verbose: 0 : 4524, 13, 2023/01/07, 19:51:29.787, 1108366037026, vstest.console.dll, TcpClientExtensions.MessageLoopAsync: Polling on remoteEndPoint: 127.0.0.1:2342 localEndPoint: 127.0.0.1:2341
TpTrace Verbose: 0 : 4524, 13, 2023/01/07, 19:51:30.800, 1108376163181, vstest.console.dll, TcpClientExtensions.MessageLoopAsync: Polling on remoteEndPoint: 127.0.0.1:2342 localEndPoint: 127.0.0.1:2341
TpTrace Verbose: 0 : 4524, 13, 2023/01/07, 19:51:31.809, 1108386258277, vstest.console.dll, TcpClientExtensions.MessageLoopAsync: Polling on remoteEndPoint: 127.0.0.1:2342 localEndPoint: 127.0.0.1:2341
TpTrace Verbose: 0 : 4524, 13, 2023/01/07, 19:51:32.810, 1108396260282, vstest.console.dll, TcpClientExtensions.MessageLoopAsync: Polling on remoteEndPoint: 127.0.0.1:2342 localEndPoint: 127.0.0.1:2341
TpTrace Verbose: 0 : 4524, 13, 2023/01/07, 19:51:33.810, 1108406262294, vstest.console.dll, TcpClientExtensions.MessageLoopAsync: Polling on remoteEndPoint: 127.0.0.1:2342 localEndPoint: 127.0.0.1:2341
TpTrace Verbose: 0 : 4524, 13, 2023/01/07, 19:51:34.823, 1108416389262, vstest.console.dll, TcpClientExtensions.MessageLoopAsync: Polling on remoteEndPoint: 127.0.0.1:2342 localEndPoint: 127.0.0.1:2341
TpTrace Verbose: 0 : 4524, 13, 2023/01/07, 19:51:35.823, 1108426392483, vstest.console.dll, TcpClientExtensions.MessageLoopAsync: Polling on remoteEndPoint: 127.0.0.1:2342 localEndPoint: 127.0.0.1:2341
TpTrace Verbose: 0 : 4524, 13, 2023/01/07, 19:51:36.837, 1108436534814, vstest.console.dll, TcpClientExtensions.MessageLoopAsync: Polling on remoteEndPoint: 127.0.0.1:2342 localEndPoint: 127.0.0.1:2341
TpTrace Verbose: 0 : 4524, 13, 2023/01/07, 19:51:37.845, 1108446614500, vstest.console.dll, TcpClientExtensions.MessageLoopAsync: Polling on remoteEndPoint: 127.0.0.1:2342 localEndPoint: 127.0.0.1:2341
TpTrace Verbose: 0 : 4524, 13, 2023/01/07, 19:51:38.845, 1108456615118, vstest.console.dll, TcpClientExtensions.MessageLoopAsync: Polling on remoteEndPoint: 127.0.0.1:2342 localEndPoint: 127.0.0.1:2341
TpTrace Verbose: 0 : 4524, 13, 2023/01/07, 19:51:39.853, 1108466692786, vstest.console.dll, TcpClientExtensions.MessageLoopAsync: Polling on remoteEndPoint: 127.0.0.1:2342 localEndPoint: 127.0.0.1:2341
TpTrace Verbose: 0 : 4524, 13, 2023/01/07, 19:51:40.868, 1108476844705, vstest.console.dll, TcpClientExtensions.MessageLoopAsync: Polling on remoteEndPoint: 127.0.0.1:2342 localEndPoint: 127.0.0.1:2341
TpTrace Verbose: 0 : 4524, 13, 2023/01/07, 19:51:41.875, 1108486913831, vstest.console.dll, TcpClientExtensions.MessageLoopAsync: Polling on remoteEndPoint: 127.0.0.1:2342 localEndPoint: 127.0.0.1:2341
TpTrace Verbose: 0 : 4524, 13, 2023/01/07, 19:51:42.883, 1108496992916, vstest.console.dll, TcpClientExtensions.MessageLoopAsync: Polling on remoteEndPoint: 127.0.0.1:2342 localEndPoint: 127.0.0.1:2341
TpTrace Verbose: 0 : 4524, 13, 2023/01/07, 19:51:43.898, 1108507142687, vstest.console.dll, TcpClientExtensions.MessageLoopAsync: Polling on remoteEndPoint: 127.0.0.1:2342 localEndPoint: 127.0.0.1:2341
TpTrace Verbose: 0 : 4524, 13, 2023/01/07, 19:51:44.904, 1108517207236, vstest.console.dll, TcpClientExtensions.MessageLoopAsync: Polling on remoteEndPoint: 127.0.0.1:2342 localEndPoint: 127.0.0.1:2341
TpTrace Verbose: 0 : 4524, 13, 2023/01/07, 19:51:45.918, 1108527345527, vstest.console.dll, TcpClientExtensions.MessageLoopAsync: Polling on remoteEndPoint: 127.0.0.1:2342 localEndPoint: 127.0.0.1:2341
TpTrace Verbose: 0 : 4524, 13, 2023/01/07, 19:51:46.926, 1108537425360, vstest.console.dll, TcpClientExtensions.MessageLoopAsync: Polling on remoteEndPoint: 127.0.0.1:2342 localEndPoint: 127.0.0.1:2341
TpTrace Verbose: 0 : 4524, 13, 2023/01/07, 19:51:47.928, 1108547439859, vstest.console.dll, TcpClientExtensions.MessageLoopAsync: Polling on remoteEndPoint: 127.0.0.1:2342 localEndPoint: 127.0.0.1:2341
TpTrace Verbose: 0 : 4524, 13, 2023/01/07, 19:51:48.943, 1108557589578, vstest.console.dll, TcpClientExtensions.MessageLoopAsync: Polling on remoteEndPoint: 127.0.0.1:2342 localEndPoint: 127.0.0.1:2341
TpTrace Verbose: 0 : 4524, 13, 2023/01/07, 19:51:49.955, 1108567711767, vstest.console.dll, TcpClientExtensions.MessageLoopAsync: Polling on remoteEndPoint: 127.0.0.1:2342 localEndPoint: 127.0.0.1:2341
